#
# There is insufficient memory for the Java Runtime Environment to continue.
# Native memory allocation (malloc) failed to allocate 1048576 bytes. Error detail: AllocateHeap
# Possible reasons:
#   The system is out of physical RAM or swap space
#   This process is running with CompressedOops enabled, and the Java Heap may be blocking the growth of the native heap
# Possible solutions:
#   Reduce memory load on the system
#   Increase physical memory or swap space
#   Check if swap backing store is full
#   Decrease Java heap size (-Xmx/-Xms)
#   Decrease number of Java threads
#   Decrease Java thread stack sizes (-Xss)
#   Set larger code cache with -XX:ReservedCodeCacheSize=
#   JVM is running with Unscaled Compressed Oops mode in which the Java heap is
#     placed in the first 4GB address space. The Java Heap base address is the
#     maximum limit for the native heap growth. Please use -XX:HeapBaseMinAddress
#     to set the Java Heap base and to place the Java Heap above 4GB virtual address.
# This output file may be truncated or incomplete.
#
#  Out of Memory Error (allocation.cpp:44), pid=13060, tid=14564
#
# JRE version: OpenJDK Runtime Environment Temurin-21.0.11+10 (21.0.11+10) (build 21.0.11+10-LTS)
# Java VM: OpenJDK 64-Bit Server VM Temurin-21.0.11+10 (21.0.11+10-LTS, mixed mode, sharing, tiered, compressed oops, compressed class ptrs, parallel gc, windows-amd64)
# No core dump will be written. Minidumps are not enabled by default on client versions of Windows
#

---------------  S U M M A R Y ------------

Command Line: --add-modules=ALL-SYSTEM --add-opens=java.base/java.util=ALL-UNNAMED --add-opens=java.base/java.lang=ALL-UNNAMED --add-opens=java.base/sun.nio.fs=ALL-UNNAMED -Declipse.application=org.eclipse.jdt.ls.core.id1 -Dosgi.bundles.defaultStartLevel=4 -Declipse.product=org.eclipse.jdt.ls.core.product -Djava.import.generatesMetadataFilesAtProjectRoot=false -DDetectVMInstallationsJob.disabled=true -Dfile.encoding=utf8 -XX:+UseParallelGC -XX:GCTimeRatio=4 -XX:AdaptiveSizePolicyWeight=90 -Dsun.zip.disableMemoryMapping=true -Xmx2G -Xms100m -Xlog:disable -javaagent:c:\Users\victus\.antigravity-ide\extensions\redhat.java-1.55.0-win32-x64\lombok\lombok-1.18.39-4050.jar -XX:+HeapDumpOnOutOfMemoryError -XX:HeapDumpPath=c:\Users\victus\AppData\Roaming\Antigravity IDE\User\workspaceStorage\5b2361cc31562841c9a29e2cd3582aaf\redhat.java -Daether.dependencyCollector.impl=bf c:\Users\victus\.antigravity-ide\extensions\redhat.java-1.55.0-win32-x64\server\plugins\org.eclipse.equinox.launcher_1.7.200.v20260619-2039.jar -configuration c:\Users\victus\AppData\Roaming\Antigravity IDE\User\globalStorage\redhat.java\1.55.0\config_win -data c:\Users\victus\AppData\Roaming\Antigravity IDE\User\workspaceStorage\5b2361cc31562841c9a29e2cd3582aaf\redhat.java\jdt_ws --pipe=\\.\pipe\lsp-c4ae57dddad6f219343de95f0ab839e4-sock

Host: AMD Ryzen 5 7535HS with Radeon Graphics        , 12 cores, 7G,  Windows 11 , 64 bit Build 26100 (10.0.26100.8737)
Time: Fri Jul 10 23:42:07 2026 India Standard Time elapsed time: 26908.322308 seconds (0d 7h 28m 28s)

---------------  T H R E A D  ---------------

Current thread (0x000001ff6c213e20):  JavaThread "Attach Listener" daemon [_thread_in_vm, id=14564, stack(0x00000077fd200000,0x00000077fd300000) (1024K)]

Stack: [0x00000077fd200000,0x00000077fd300000]
Native frames: (J=compiled Java code, j=interpreted, Vv=VM code, C=native code)
V  [jvm.dll+0x6d7e19]
V  [jvm.dll+0x8b5096]
V  [jvm.dll+0x8b764e]
V  [jvm.dll+0x8b7d33]
V  [jvm.dll+0x284596]
V  [jvm.dll+0xc13c7]
V  [jvm.dll+0x6d86c9]
V  [jvm.dll+0x133616]
V  [jvm.dll+0x3f868e]
V  [jvm.dll+0x85fb0d]
V  [jvm.dll+0x6d664d]
C  [ucrtbase.dll+0x2cd30]
C  [KERNEL32.DLL+0x2e957]
C  [ntdll.dll+0xaad6c]


---------------  P R O C E S S  ---------------

Threads class SMR info:
_java_thread_list=0x000001ff6c880150, length=53, elements={
0x000001ff128cd600, 0x000001ff1287b7f0, 0x000001ff1287e880, 0x000001ff6c2133c0,
0x000001ff6c213e20, 0x000001ff6c216890, 0x000001ff6c21ec70, 0x000001ff6c21fab0,
0x000001ff6c243180, 0x000001ff6c460710, 0x000001ff6c4f6840, 0x000001ff6ca91100,
0x000001ff71061f90, 0x000001ff710f03f0, 0x000001ff6cc1ae30, 0x000001ff712fee30,
0x000001ff71692ea0, 0x000001ff71524bf0, 0x000001ff71782480, 0x000001ff71781760,
0x000001ff71781df0, 0x000001ff7189af20, 0x000001ff7189bc40, 0x000001ff7189c960,
0x000001ff7189a200, 0x000001ff71899b70, 0x000001ff7189c2d0, 0x000001ff7189f750,
0x000001ff7189fde0, 0x000001ff7189e3a0, 0x000001ff7189ea30, 0x000001ff7189f0c0,
0x000001ff718a0470, 0x000001ff7189cff0, 0x000001ff718a0b00, 0x000001ff7189d680,
0x000001ff7189dd10, 0x000001ff72d92040, 0x000001ff73c1ad00, 0x000001ff73c1b390,
0x000001ff7d72a020, 0x000001ff7d72ce10, 0x000001ff7d72a6b0, 0x000001ff7d72ad40,
0x000001ff7d729990, 0x000001ff7d72e850, 0x000001ff7d72ba60, 0x000001ff7d72b3d0,
0x000001ff7d72f570, 0x000001ff7d72eee0, 0x000001ff7d72d4a0, 0x000001ff7d72db30,
0x000001ff7d72c0f0
}

Java Threads: ( => current thread )
  0x000001ff128cd600 JavaThread "main"                              [_thread_blocked, id=38708, stack(0x00000077fcb00000,0x00000077fcc00000) (1024K)]
  0x000001ff1287b7f0 JavaThread "Reference Handler"          daemon [_thread_blocked, id=34104, stack(0x00000077fcf00000,0x00000077fd000000) (1024K)]
  0x000001ff1287e880 JavaThread "Finalizer"                  daemon [_thread_blocked, id=32016, stack(0x00000077fd000000,0x00000077fd100000) (1024K)]
  0x000001ff6c2133c0 JavaThread "Signal Dispatcher"          daemon [_thread_blocked, id=2624, stack(0x00000077fd100000,0x00000077fd200000) (1024K)]
=>0x000001ff6c213e20 JavaThread "Attach Listener"            daemon [_thread_in_vm, id=14564, stack(0x00000077fd200000,0x00000077fd300000) (1024K)]
  0x000001ff6c216890 JavaThread "Service Thread"             daemon [_thread_blocked, id=23412, stack(0x00000077fd300000,0x00000077fd400000) (1024K)]
  0x000001ff6c21ec70 JavaThread "Monitor Deflation Thread"   daemon [_thread_blocked, id=26196, stack(0x00000077fd400000,0x00000077fd500000) (1024K)]
  0x000001ff6c21fab0 JavaThread "C2 CompilerThread0"         daemon [_thread_blocked, id=16700, stack(0x00000077fd500000,0x00000077fd600000) (1024K)]
  0x000001ff6c243180 JavaThread "C1 CompilerThread0"         daemon [_thread_blocked, id=38596, stack(0x00000077fd600000,0x00000077fd700000) (1024K)]
  0x000001ff6c460710 JavaThread "Common-Cleaner"             daemon [_thread_blocked, id=12480, stack(0x00000077fd700000,0x00000077fd800000) (1024K)]
  0x000001ff6c4f6840 JavaThread "Notification Thread"        daemon [_thread_blocked, id=32688, stack(0x00000077fd800000,0x00000077fd900000) (1024K)]
  0x000001ff6ca91100 JavaThread "Active Thread: Equinox Container: 6309dc03-4a34-4932-b2cc-c85200529554"        [_thread_blocked, id=21528, stack(0x00000077fdf00000,0x00000077fe000000) (1024K)]
  0x000001ff71061f90 JavaThread "Refresh Thread: Equinox Container: 6309dc03-4a34-4932-b2cc-c85200529554" daemon [_thread_blocked, id=28808, stack(0x00000077fe100000,0x00000077fe200000) (1024K)]
  0x000001ff710f03f0 JavaThread "Framework Event Dispatcher: Equinox Container: 6309dc03-4a34-4932-b2cc-c85200529554" daemon [_thread_blocked, id=35144, stack(0x00000077fe200000,0x00000077fe300000) (1024K)]
  0x000001ff6cc1ae30 JavaThread "Start Level: Equinox Container: 6309dc03-4a34-4932-b2cc-c85200529554" daemon [_thread_blocked, id=4124, stack(0x00000077fe300000,0x00000077fe400000) (1024K)]
  0x000001ff712fee30 JavaThread "Bundle File Closer"         daemon [_thread_blocked, id=18696, stack(0x00000077fe600000,0x00000077fe700000) (1024K)]
  0x000001ff71692ea0 JavaThread "SCR Component Actor"        daemon [_thread_blocked, id=21448, stack(0x00000077fe700000,0x00000077fe800000) (1024K)]
  0x000001ff71524bf0 JavaThread "Worker-JM"                         [_thread_blocked, id=25696, stack(0x00000077fe800000,0x00000077fe900000) (1024K)]
  0x000001ff71782480 JavaThread "JNA Cleaner"                daemon [_thread_blocked, id=20588, stack(0x00000077fe900000,0x00000077fea00000) (1024K)]
  0x000001ff71781760 JavaThread "Worker-0"                          [_thread_blocked, id=200, stack(0x00000077fea00000,0x00000077feb00000) (1024K)]
  0x000001ff71781df0 JavaThread "Worker-1"                          [_thread_blocked, id=30492, stack(0x00000077feb00000,0x00000077fec00000) (1024K)]
  0x000001ff7189af20 JavaThread "Java indexing"              daemon [_thread_blocked, id=27440, stack(0x00000077fec00000,0x00000077fed00000) (1024K)]
  0x000001ff7189bc40 JavaThread "Thread-1"                   daemon [_thread_in_native, id=3996, stack(0x00000077ff200000,0x00000077ff300000) (1024K)]
  0x000001ff7189c960 JavaThread "Thread-2"                   daemon [_thread_in_native, id=33436, stack(0x00000077ff300000,0x00000077ff400000) (1024K)]
  0x000001ff7189a200 JavaThread "Thread-3"                   daemon [_thread_in_native, id=11000, stack(0x00000077ff400000,0x00000077ff500000) (1024K)]
  0x000001ff71899b70 JavaThread "Thread-4"                   daemon [_thread_in_native, id=6920, stack(0x00000077ff500000,0x00000077ff600000) (1024K)]
  0x000001ff7189c2d0 JavaThread "Thread-5"                   daemon [_thread_in_native, id=8048, stack(0x00000077ff600000,0x00000077ff700000) (1024K)]
  0x000001ff7189f750 JavaThread "Thread-6"                   daemon [_thread_in_native, id=16364, stack(0x00000077ff700000,0x00000077ff800000) (1024K)]
  0x000001ff7189fde0 JavaThread "Thread-7"                   daemon [_thread_in_native, id=35844, stack(0x00000077ff800000,0x00000077ff900000) (1024K)]
  0x000001ff7189e3a0 JavaThread "Thread-8"                   daemon [_thread_in_native, id=28052, stack(0x00000077ff900000,0x00000077ffa00000) (1024K)]
  0x000001ff7189ea30 JavaThread "Thread-9"                   daemon [_thread_in_native, id=27624, stack(0x00000077ffa00000,0x00000077ffb00000) (1024K)]
  0x000001ff7189f0c0 JavaThread "Thread-10"                  daemon [_thread_in_native, id=24724, stack(0x00000077ffb00000,0x00000077ffc00000) (1024K)]
  0x000001ff718a0470 JavaThread "Thread-11"                  daemon [_thread_in_native, id=37484, stack(0x00000077ffc00000,0x00000077ffd00000) (1024K)]
  0x000001ff7189cff0 JavaThread "Thread-12"                  daemon [_thread_in_native, id=18940, stack(0x00000077ffd00000,0x00000077ffe00000) (1024K)]
  0x000001ff718a0b00 JavaThread "Thread-13"                  daemon [_thread_in_native, id=23216, stack(0x00000077ffe00000,0x00000077fff00000) (1024K)]
  0x000001ff7189d680 JavaThread "pool-2-thread-1"                   [_thread_blocked, id=13992, stack(0x00000077fff00000,0x0000007800000000) (1024K)]
  0x000001ff7189dd10 JavaThread "WorkspaceEventsHandler"            [_thread_blocked, id=20044, stack(0x0000007780000000,0x0000007780100000) (1024K)]
  0x000001ff72d92040 JavaThread "pool-1-thread-1"                   [_thread_blocked, id=26124, stack(0x0000007780100000,0x0000007780200000) (1024K)]
  0x000001ff73c1ad00 JavaThread "Java Debug Server"          daemon [_thread_in_native, id=360, stack(0x0000007783500000,0x0000007783600000) (1024K)]
  0x000001ff73c1b390 JavaThread "RxSchedulerPurge-1"         daemon [_thread_blocked, id=19544, stack(0x0000007783700000,0x0000007783800000) (1024K)]
  0x000001ff7d72a020 JavaThread "RxCachedWorkerPoolEvictor-1" daemon [_thread_blocked, id=21888, stack(0x0000007783800000,0x0000007783900000) (1024K)]
  0x000001ff7d72ce10 JavaThread "Worker-5"                          [_thread_blocked, id=11468, stack(0x0000007780200000,0x0000007780300000) (1024K)]
  0x000001ff7d72a6b0 JavaThread "ForkJoinPool.commonPool-worker-13" daemon [_thread_blocked, id=28900, stack(0x0000007780300000,0x0000007780400000) (1024K)]
  0x000001ff7d72ad40 JavaThread "ForkJoinPool.commonPool-worker-14" daemon [_thread_blocked, id=13012, stack(0x0000007780400000,0x0000007780500000) (1024K)]
  0x000001ff7d729990 JavaThread "ForkJoinPool.commonPool-worker-15" daemon [_thread_blocked, id=11324, stack(0x0000007780500000,0x0000007780600000) (1024K)]
  0x000001ff7d72e850 JavaThread "ForkJoinPool.commonPool-worker-16" daemon [_thread_blocked, id=28736, stack(0x0000007780600000,0x0000007780700000) (1024K)]
  0x000001ff7d72ba60 JavaThread "ForkJoinPool.commonPool-worker-17" daemon [_thread_blocked, id=23376, stack(0x0000007780700000,0x0000007780800000) (1024K)]
  0x000001ff7d72b3d0 JavaThread "ForkJoinPool.commonPool-worker-18" daemon [_thread_blocked, id=9592, stack(0x0000007780800000,0x0000007780900000) (1024K)]
  0x000001ff7d72f570 JavaThread "ForkJoinPool.commonPool-worker-19" daemon [_thread_blocked, id=31456, stack(0x0000007780900000,0x0000007780a00000) (1024K)]
  0x000001ff7d72eee0 JavaThread "PatternSearchJob-worker-12" daemon [_thread_blocked, id=13784, stack(0x0000007780a00000,0x0000007780b00000) (1024K)]
  0x000001ff7d72d4a0 JavaThread "pool-5-thread-2"                   [_thread_in_native, id=32904, stack(0x0000007780b00000,0x0000007780c00000) (1024K)]
  0x000001ff7d72db30 JavaThread "RxNewThreadScheduler-3"     daemon [_thread_blocked, id=30240, stack(0x0000007780c00000,0x0000007780d00000) (1024K)]
  0x000001ff7d72c0f0 JavaThread "process reaper (pid 36504)" daemon [_thread_in_native, id=1256, stack(0x0000007780d00000,0x0000007780d20000) (128K)]
Total: 53

Other Threads:
  0x000001ff12862450 VMThread "VM Thread"                           [id=8524, stack(0x00000077fce00000,0x00000077fcf00000) (1024K)]
  0x000001ff1275ca00 WatcherThread "VM Periodic Task Thread"        [id=32704, stack(0x00000077fcd00000,0x00000077fce00000) (1024K)]
  0x000001ff128ebbf0 WorkerThread "GC Thread#0"                     [id=14592, stack(0x00000077fcc00000,0x00000077fcd00000) (1024K)]
  0x000001ff6cbf9890 WorkerThread "GC Thread#1"                     [id=34456, stack(0x00000077fd900000,0x00000077fda00000) (1024K)]
  0x000001ff6ca26870 WorkerThread "GC Thread#2"                     [id=8480, stack(0x00000077fda00000,0x00000077fdb00000) (1024K)]
  0x000001ff6ca26c20 WorkerThread "GC Thread#3"                     [id=31292, stack(0x00000077fdb00000,0x00000077fdc00000) (1024K)]
  0x000001ff6c6f42b0 WorkerThread "GC Thread#4"                     [id=28828, stack(0x00000077fdc00000,0x00000077fdd00000) (1024K)]
  0x000001ff6ca47070 WorkerThread "GC Thread#5"                     [id=7204, stack(0x00000077fdd00000,0x00000077fde00000) (1024K)]
  0x000001ff6c6f4660 WorkerThread "GC Thread#6"                     [id=32552, stack(0x00000077fde00000,0x00000077fdf00000) (1024K)]
  0x000001ff6c9386f0 WorkerThread "GC Thread#7"                     [id=28740, stack(0x00000077fe000000,0x00000077fe100000) (1024K)]
  0x000001ff713e1330 WorkerThread "GC Thread#8"                     [id=37128, stack(0x00000077fe400000,0x00000077fe500000) (1024K)]
  0x000001ff71458f20 WorkerThread "GC Thread#9"                     [id=19848, stack(0x00000077fe500000,0x00000077fe600000) (1024K)]
Total: 12

Threads with active compile tasks:
Total: 0

VM state: not at safepoint (normal execution)

VM Mutex/Monitor currently owned by a thread: None

Heap address: 0x0000000080000000, size: 2048 MB, Compressed Oops mode: 32-bit

CDS archive(s) mapped at: [0x000001ff2a000000-0x000001ff2aba0000-0x000001ff2aba0000), size 12189696, SharedBaseAddress: 0x000001ff2a000000, ArchiveRelocationMode: 1.
Compressed class space mapped at: 0x000001ff2b000000-0x000001ff6b000000, reserved size: 1073741824
Narrow klass base: 0x000001ff2a000000, Narrow klass shift: 0, Narrow klass range: 0x100000000

GC Precious Log:
 CardTable entry size: 512
 CPUs: 12 total, 12 available
 Memory: 7381M
 Large Page Support: Disabled
 NUMA Support: Disabled
 Compressed Oops: Enabled (32-bit)
 Alignments: Space 512K, Generation 512K, Heap 2M
 Heap Min Capacity: 100M
 Heap Initial Capacity: 100M
 Heap Max Capacity: 2G
 Pre-touch: Disabled
 Parallel Workers: 10

Heap:
 PSYoungGen      total 1536K, used 1052K [0x00000000d5580000, 0x00000000d5a00000, 0x0000000100000000)
  eden space 1024K, 69% used [0x00000000d5580000,0x00000000d5633308,0x00000000d5680000)
  from space 512K, 65% used [0x00000000d5980000,0x00000000d59d4030,0x00000000d5a00000)
  to   space 512K, 0% used [0x00000000d5900000,0x00000000d5900000,0x00000000d5980000)
 ParOldGen       total 138240K, used 137911K [0x0000000080000000, 0x0000000088700000, 0x00000000d5580000)
  object space 138240K, 99% used [0x0000000080000000,0x00000000886adcc8,0x0000000088700000)
 Metaspace       used 75207K, committed 76992K, reserved 1179648K
  class space    used 7912K, committed 8704K, reserved 1048576K

Card table byte_map: [0x000001ff12270000,0x000001ff12680000] _byte_map_base: 0x000001ff11e70000

Marking Bits: (ParMarkBitMap*) 0x00007ff9aa4a4460
 Begin Bits: [0x000001ff24d80000, 0x000001ff26d80000)
 End Bits:   [0x000001ff26d80000, 0x000001ff28d80000)

Polling page: 0x000001ff10920000

Metaspace:

Usage:
  Non-class:     65.72 MB used.
      Class:      7.73 MB used.
       Both:     73.45 MB used.

Virtual space:
  Non-class space:      128.00 MB reserved,      66.69 MB ( 52%) committed,  2 nodes.
      Class space:        1.00 GB reserved,       8.50 MB ( <1%) committed,  1 nodes.
             Both:        1.12 GB reserved,      75.19 MB (  7%) committed. 

Chunk freelists:
   Non-Class:  12.48 MB
       Class:  7.50 MB
        Both:  19.98 MB

MaxMetaspaceSize: unlimited
CompressedClassSpaceSize: 1.00 GB
Initial GC threshold: 21.00 MB
Current GC threshold: 97.31 MB
CDS: on
 - commit_granule_bytes: 65536.
 - commit_granule_words: 8192.
 - virtual_space_node_default_size: 8388608.
 - enlarge_chunks_in_place: 1.
 - use_allocation_guard: 0.


Internal statistics:

num_allocs_failed_limit: 9.
num_arena_births: 1520.
num_arena_deaths: 22.
num_vsnodes_births: 3.
num_vsnodes_deaths: 0.
num_space_committed: 1203.
num_space_uncommitted: 0.
num_chunks_returned_to_freelist: 35.
num_chunks_taken_from_freelist: 5175.
num_chunk_merges: 19.
num_chunk_splits: 3156.
num_chunks_enlarged: 1736.
num_inconsistent_stats: 0.

CodeHeap 'non-profiled nmethods': size=120000Kb used=8233Kb max_used=8233Kb free=111766Kb
 bounds [0x000001ff1d5a0000, 0x000001ff1ddb0000, 0x000001ff24ad0000]
CodeHeap 'profiled nmethods': size=120000Kb used=33535Kb max_used=33535Kb free=86464Kb
 bounds [0x000001ff15ad0000, 0x000001ff17b90000, 0x000001ff1d000000]
CodeHeap 'non-nmethods': size=5760Kb used=1471Kb max_used=1522Kb free=4288Kb
 bounds [0x000001ff1d000000, 0x000001ff1d270000, 0x000001ff1d5a0000]
CodeCache: size=245760Kb, used=43239Kb, max_used=43290Kb, free=202518Kb
 total_blobs=15989, nmethods=15199, adapters=693, full_count=0
Compilation: enabled, stopped_count=0, restarted_count=0

Compilation events (20 events):
Event: 26870.212 Thread 0x000001ff6c243180 15968       3       com.google.gson.internal.bind.JsonTreeReader::nextName (71 bytes)
Event: 26870.212 Thread 0x000001ff6c243180 nmethod 15968 0x000001ff17b8c210 code [0x000001ff17b8c440, 0x000001ff17b8cdb8]
Event: 26870.216 Thread 0x000001ff6c243180 15969       3       java.lang.StackWalker::hasOption (11 bytes)
Event: 26870.217 Thread 0x000001ff6c243180 nmethod 15969 0x000001ff17b8d090 code [0x000001ff17b8d240, 0x000001ff17b8d418]
Event: 26870.220 Thread 0x000001ff6c243180 15970       3       java.lang.StackFrameInfo::declaringClass (13 bytes)
Event: 26870.220 Thread 0x000001ff6c21fab0 15972       4       java.lang.Character::digit (6 bytes)
Event: 26870.221 Thread 0x000001ff6c243180 nmethod 15970 0x000001ff17b8d510 code [0x000001ff17b8d6c0, 0x000001ff17b8d958]
Event: 26870.221 Thread 0x000001ff6c243180 15971       3       java.lang.invoke.MethodHandleImpl$1::getDeclaringClass (10 bytes)
Event: 26870.221 Thread 0x000001ff6c243180 nmethod 15971 0x000001ff17b8da90 code [0x000001ff17b8dc40, 0x000001ff17b8de60]
Event: 26870.223 Thread 0x000001ff6c21fab0 nmethod 15972 0x000001ff1dda8c10 code [0x000001ff1dda8dc0, 0x000001ff1dda8fa8]
Event: 26870.224 Thread 0x000001ff6c21fab0 15973       4       sun.nio.cs.SingleByte$Encoder::encode (32 bytes)
Event: 26870.225 Thread 0x000001ff6c21fab0 nmethod 15973 0x000001ff1dda9110 code [0x000001ff1dda92a0, 0x000001ff1dda93e8]
Event: 26870.226 Thread 0x000001ff6c243180 15974 % !   3       java.lang.StringLatin1::replace @ 224 (291 bytes)
Event: 26870.227 Thread 0x000001ff6c243180 nmethod 15974% 0x000001ff17b8df10 code [0x000001ff17b8e240, 0x000001ff17b8f650]
Event: 26870.238 Thread 0x000001ff6c21fab0 15975 %     4       java.lang.StringCoding::implEncodeAsciiArray @ 3 (47 bytes)
Event: 26870.244 Thread 0x000001ff6c21fab0 nmethod 15975% 0x000001ff1dda9510 code [0x000001ff1dda96a0, 0x000001ff1dda9a18]
Event: 26870.244 Thread 0x000001ff6c21fab0 15976       4       java.nio.ByteBuffer::limit (6 bytes)
Event: 26870.245 Thread 0x000001ff6c21fab0 nmethod 15976 0x000001ff1dda9b90 code [0x000001ff1dda9d20, 0x000001ff1dda9e50]
Event: 26870.327 Thread 0x000001ff6c21fab0 15977       4       java.util.regex.Pattern$GroupTail::match (111 bytes)
Event: 26870.331 Thread 0x000001ff6c21fab0 nmethod 15977 0x000001ff1dda9f90 code [0x000001ff1ddaa140, 0x000001ff1ddaa3e0]

GC Heap History (20 events):
Event: 26869.363 GC heap before
{Heap before GC invocations=462 (full 3):
 PSYoungGen      total 1536K, used 1265K [0x00000000d5580000, 0x00000000d5a00000, 0x0000000100000000)
  eden space 1024K, 98% used [0x00000000d5580000,0x00000000d567c7f8,0x00000000d5680000)
  from space 512K, 50% used [0x00000000d5980000,0x00000000d59c0000,0x00000000d5a00000)
  to   space 512K, 0% used [0x00000000d5900000,0x00000000d5900000,0x00000000d5980000)
 ParOldGen       total 137728K, used 137279K [0x0000000080000000, 0x0000000088680000, 0x00000000d5580000)
  object space 137728K, 99% used [0x0000000080000000,0x000000008860fcc8,0x0000000088680000)
 Metaspace       used 75195K, committed 76992K, reserved 1179648K
  class space    used 7912K, committed 8704K, reserved 1048576K
}
Event: 26869.364 GC heap after
{Heap after GC invocations=462 (full 3):
 PSYoungGen      total 1536K, used 349K [0x00000000d5580000, 0x00000000d5a00000, 0x0000000100000000)
  eden space 1024K, 0% used [0x00000000d5580000,0x00000000d5580000,0x00000000d5680000)
  from space 512K, 68% used [0x00000000d5900000,0x00000000d5957598,0x00000000d5980000)
  to   space 512K, 0% used [0x00000000d5980000,0x00000000d5980000,0x00000000d5a00000)
 ParOldGen       total 137728K, used 137343K [0x0000000080000000, 0x0000000088680000, 0x00000000d5580000)
  object space 137728K, 99% used [0x0000000080000000,0x000000008861fcc8,0x0000000088680000)
 Metaspace       used 75195K, committed 76992K, reserved 1179648K
  class space    used 7912K, committed 8704K, reserved 1048576K
}
Event: 26869.393 GC heap before
{Heap before GC invocations=463 (full 3):
 PSYoungGen      total 1536K, used 1371K [0x00000000d5580000, 0x00000000d5a00000, 0x0000000100000000)
  eden space 1024K, 99% used [0x00000000d5580000,0x00000000d567f9c0,0x00000000d5680000)
  from space 512K, 68% used [0x00000000d5900000,0x00000000d5957598,0x00000000d5980000)
  to   space 512K, 0% used [0x00000000d5980000,0x00000000d5980000,0x00000000d5a00000)
 ParOldGen       total 137728K, used 137343K [0x0000000080000000, 0x0000000088680000, 0x00000000d5580000)
  object space 137728K, 99% used [0x0000000080000000,0x000000008861fcc8,0x0000000088680000)
 Metaspace       used 75195K, committed 76992K, reserved 1179648K
  class space    used 7912K, committed 8704K, reserved 1048576K
}
Event: 26869.394 GC heap after
{Heap after GC invocations=463 (full 3):
 PSYoungGen      total 1536K, used 256K [0x00000000d5580000, 0x00000000d5a00000, 0x0000000100000000)
  eden space 1024K, 0% used [0x00000000d5580000,0x00000000d5580000,0x00000000d5680000)
  from space 512K, 50% used [0x00000000d5980000,0x00000000d59c0000,0x00000000d5a00000)
  to   space 512K, 0% used [0x00000000d5900000,0x00000000d5900000,0x00000000d5980000)
 ParOldGen       total 137728K, used 137407K [0x0000000080000000, 0x0000000088680000, 0x00000000d5580000)
  object space 137728K, 99% used [0x0000000080000000,0x000000008862fcc8,0x0000000088680000)
 Metaspace       used 75195K, committed 76992K, reserved 1179648K
  class space    used 7912K, committed 8704K, reserved 1048576K
}
Event: 26869.424 GC heap before
{Heap before GC invocations=464 (full 3):
 PSYoungGen      total 1536K, used 1274K [0x00000000d5580000, 0x00000000d5a00000, 0x0000000100000000)
  eden space 1024K, 99% used [0x00000000d5580000,0x00000000d567ea38,0x00000000d5680000)
  from space 512K, 50% used [0x00000000d5980000,0x00000000d59c0000,0x00000000d5a00000)
  to   space 512K, 0% used [0x00000000d5900000,0x00000000d5900000,0x00000000d5980000)
 ParOldGen       total 137728K, used 137407K [0x0000000080000000, 0x0000000088680000, 0x00000000d5580000)
  object space 137728K, 99% used [0x0000000080000000,0x000000008862fcc8,0x0000000088680000)
 Metaspace       used 75195K, committed 76992K, reserved 1179648K
  class space    used 7912K, committed 8704K, reserved 1048576K
}
Event: 26869.425 GC heap after
{Heap after GC invocations=464 (full 3):
 PSYoungGen      total 1536K, used 224K [0x00000000d5580000, 0x00000000d5a00000, 0x0000000100000000)
  eden space 1024K, 0% used [0x00000000d5580000,0x00000000d5580000,0x00000000d5680000)
  from space 512K, 43% used [0x00000000d5900000,0x00000000d5938000,0x00000000d5980000)
  to   space 512K, 0% used [0x00000000d5980000,0x00000000d5980000,0x00000000d5a00000)
 ParOldGen       total 137728K, used 137471K [0x0000000080000000, 0x0000000088680000, 0x00000000d5580000)
  object space 137728K, 99% used [0x0000000080000000,0x000000008863fcc8,0x0000000088680000)
 Metaspace       used 75195K, committed 76992K, reserved 1179648K
  class space    used 7912K, committed 8704K, reserved 1048576K
}
Event: 26869.471 GC heap before
{Heap before GC invocations=465 (full 3):
 PSYoungGen      total 1536K, used 1246K [0x00000000d5580000, 0x00000000d5a00000, 0x0000000100000000)
  eden space 1024K, 99% used [0x00000000d5580000,0x00000000d567f9d8,0x00000000d5680000)
  from space 512K, 43% used [0x00000000d5900000,0x00000000d5938000,0x00000000d5980000)
  to   space 512K, 0% used [0x00000000d5980000,0x00000000d5980000,0x00000000d5a00000)
 ParOldGen       total 137728K, used 137471K [0x0000000080000000, 0x0000000088680000, 0x00000000d5580000)
  object space 137728K, 99% used [0x0000000080000000,0x000000008863fcc8,0x0000000088680000)
 Metaspace       used 75195K, committed 76992K, reserved 1179648K
  class space    used 7912K, committed 8704K, reserved 1048576K
}
Event: 26869.472 GC heap after
{Heap after GC invocations=465 (full 3):
 PSYoungGen      total 1536K, used 256K [0x00000000d5580000, 0x00000000d5a00000, 0x0000000100000000)
  eden space 1024K, 0% used [0x00000000d5580000,0x00000000d5580000,0x00000000d5680000)
  from space 512K, 50% used [0x00000000d5980000,0x00000000d59c0000,0x00000000d5a00000)
  to   space 512K, 0% used [0x00000000d5900000,0x00000000d5900000,0x00000000d5980000)
 ParOldGen       total 137728K, used 137543K [0x0000000080000000, 0x0000000088680000, 0x00000000d5580000)
  object space 137728K, 99% used [0x0000000080000000,0x0000000088651cc8,0x0000000088680000)
 Metaspace       used 75195K, committed 76992K, reserved 1179648K
  class space    used 7912K, committed 8704K, reserved 1048576K
}
Event: 26869.503 GC heap before
{Heap before GC invocations=466 (full 3):
 PSYoungGen      total 1536K, used 1278K [0x00000000d5580000, 0x00000000d5a00000, 0x0000000100000000)
  eden space 1024K, 99% used [0x00000000d5580000,0x00000000d567fa38,0x00000000d5680000)
  from space 512K, 50% used [0x00000000d5980000,0x00000000d59c0000,0x00000000d5a00000)
  to   space 512K, 0% used [0x00000000d5900000,0x00000000d5900000,0x00000000d5980000)
 ParOldGen       total 137728K, used 137543K [0x0000000080000000, 0x0000000088680000, 0x00000000d5580000)
  object space 137728K, 99% used [0x0000000080000000,0x0000000088651cc8,0x0000000088680000)
 Metaspace       used 75195K, committed 76992K, reserved 1179648K
  class space    used 7912K, committed 8704K, reserved 1048576K
}
Event: 26869.504 GC heap after
{Heap after GC invocations=466 (full 3):
 PSYoungGen      total 1536K, used 301K [0x00000000d5580000, 0x00000000d5a00000, 0x0000000100000000)
  eden space 1024K, 0% used [0x00000000d5580000,0x00000000d5580000,0x00000000d5680000)
  from space 512K, 58% used [0x00000000d5900000,0x00000000d594b5a8,0x00000000d5980000)
  to   space 512K, 0% used [0x00000000d5980000,0x00000000d5980000,0x00000000d5a00000)
 ParOldGen       total 137728K, used 137615K [0x0000000080000000, 0x0000000088680000, 0x00000000d5580000)
  object space 137728K, 99% used [0x0000000080000000,0x0000000088663cc8,0x0000000088680000)
 Metaspace       used 75195K, committed 76992K, reserved 1179648K
  class space    used 7912K, committed 8704K, reserved 1048576K
}
Event: 26869.765 GC heap before
{Heap before GC invocations=467 (full 3):
 PSYoungGen      total 1536K, used 1222K [0x00000000d5580000, 0x00000000d5a00000, 0x0000000100000000)
  eden space 1024K, 89% used [0x00000000d5580000,0x00000000d56665f0,0x00000000d5680000)
  from space 512K, 58% used [0x00000000d5900000,0x00000000d594b5a8,0x00000000d5980000)
  to   space 512K, 0% used [0x00000000d5980000,0x00000000d5980000,0x00000000d5a00000)
 ParOldGen       total 137728K, used 137615K [0x0000000080000000, 0x0000000088680000, 0x00000000d5580000)
  object space 137728K, 99% used [0x0000000080000000,0x0000000088663cc8,0x0000000088680000)
 Metaspace       used 75195K, committed 76992K, reserved 1179648K
  class space    used 7912K, committed 8704K, reserved 1048576K
}
Event: 26869.767 GC heap after
{Heap after GC invocations=467 (full 3):
 PSYoungGen      total 1536K, used 256K [0x00000000d5580000, 0x00000000d5a00000, 0x0000000100000000)
  eden space 1024K, 0% used [0x00000000d5580000,0x00000000d5580000,0x00000000d5680000)
  from space 512K, 50% used [0x00000000d5980000,0x00000000d59c0000,0x00000000d5a00000)
  to   space 512K, 0% used [0x00000000d5900000,0x00000000d5900000,0x00000000d5980000)
 ParOldGen       total 137728K, used 137679K [0x0000000080000000, 0x0000000088680000, 0x00000000d5580000)
  object space 137728K, 99% used [0x0000000080000000,0x0000000088673cc8,0x0000000088680000)
 Metaspace       used 75195K, committed 76992K, reserved 1179648K
  class space    used 7912K, committed 8704K, reserved 1048576K
}
Event: 26869.832 GC heap before
{Heap before GC invocations=468 (full 3):
 PSYoungGen      total 1536K, used 1280K [0x00000000d5580000, 0x00000000d5a00000, 0x0000000100000000)
  eden space 1024K, 100% used [0x00000000d5580000,0x00000000d5680000,0x00000000d5680000)
  from space 512K, 50% used [0x00000000d5980000,0x00000000d59c0000,0x00000000d5a00000)
  to   space 512K, 0% used [0x00000000d5900000,0x00000000d5900000,0x00000000d5980000)
 ParOldGen       total 137728K, used 137679K [0x0000000080000000, 0x0000000088680000, 0x00000000d5580000)
  object space 137728K, 99% used [0x0000000080000000,0x0000000088673cc8,0x0000000088680000)
 Metaspace       used 75195K, committed 76992K, reserved 1179648K
  class space    used 7912K, committed 8704K, reserved 1048576K
}
Event: 26869.834 GC heap after
{Heap after GC invocations=468 (full 3):
 PSYoungGen      total 1536K, used 192K [0x00000000d5580000, 0x00000000d5a00000, 0x0000000100000000)
  eden space 1024K, 0% used [0x00000000d5580000,0x00000000d5580000,0x00000000d5680000)
  from space 512K, 37% used [0x00000000d5900000,0x00000000d5930000,0x00000000d5980000)
  to   space 512K, 0% used [0x00000000d5980000,0x00000000d5980000,0x00000000d5a00000)
 ParOldGen       total 138240K, used 137751K [0x0000000080000000, 0x0000000088700000, 0x00000000d5580000)
  object space 138240K, 99% used [0x0000000080000000,0x0000000088685cc8,0x0000000088700000)
 Metaspace       used 75195K, committed 76992K, reserved 1179648K
  class space    used 7912K, committed 8704K, reserved 1048576K
}
Event: 26870.007 GC heap before
{Heap before GC invocations=469 (full 3):
 PSYoungGen      total 1536K, used 1216K [0x00000000d5580000, 0x00000000d5a00000, 0x0000000100000000)
  eden space 1024K, 100% used [0x00000000d5580000,0x00000000d5680000,0x00000000d5680000)
  from space 512K, 37% used [0x00000000d5900000,0x00000000d5930000,0x00000000d5980000)
  to   space 512K, 0% used [0x00000000d5980000,0x00000000d5980000,0x00000000d5a00000)
 ParOldGen       total 138240K, used 137751K [0x0000000080000000, 0x0000000088700000, 0x00000000d5580000)
  object space 138240K, 99% used [0x0000000080000000,0x0000000088685cc8,0x0000000088700000)
 Metaspace       used 75195K, committed 76992K, reserved 1179648K
  class space    used 7912K, committed 8704K, reserved 1048576K
}
Event: 26870.009 GC heap after
{Heap after GC invocations=469 (full 3):
 PSYoungGen      total 1536K, used 224K [0x00000000d5580000, 0x00000000d5a00000, 0x0000000100000000)
  eden space 1024K, 0% used [0x00000000d5580000,0x00000000d5580000,0x00000000d5680000)
  from space 512K, 43% used [0x00000000d5980000,0x00000000d59b8000,0x00000000d5a00000)
  to   space 512K, 0% used [0x00000000d5900000,0x00000000d5900000,0x00000000d5980000)
 ParOldGen       total 138240K, used 137807K [0x0000000080000000, 0x0000000088700000, 0x00000000d5580000)
  object space 138240K, 99% used [0x0000000080000000,0x0000000088693cc8,0x0000000088700000)
 Metaspace       used 75195K, committed 76992K, reserved 1179648K
  class space    used 7912K, committed 8704K, reserved 1048576K
}
Event: 26870.097 GC heap before
{Heap before GC invocations=470 (full 3):
 PSYoungGen      total 1536K, used 1248K [0x00000000d5580000, 0x00000000d5a00000, 0x0000000100000000)
  eden space 1024K, 100% used [0x00000000d5580000,0x00000000d5680000,0x00000000d5680000)
  from space 512K, 43% used [0x00000000d5980000,0x00000000d59b8000,0x00000000d5a00000)
  to   space 512K, 0% used [0x00000000d5900000,0x00000000d5900000,0x00000000d5980000)
 ParOldGen       total 138240K, used 137807K [0x0000000080000000, 0x0000000088700000, 0x00000000d5580000)
  object space 138240K, 99% used [0x0000000080000000,0x0000000088693cc8,0x0000000088700000)
 Metaspace       used 75196K, committed 76992K, reserved 1179648K
  class space    used 7912K, committed 8704K, reserved 1048576K
}
Event: 26870.100 GC heap after
{Heap after GC invocations=470 (full 3):
 PSYoungGen      total 1536K, used 224K [0x00000000d5580000, 0x00000000d5a00000, 0x0000000100000000)
  eden space 1024K, 0% used [0x00000000d5580000,0x00000000d5580000,0x00000000d5680000)
  from space 512K, 43% used [0x00000000d5900000,0x00000000d5938000,0x00000000d5980000)
  to   space 512K, 0% used [0x00000000d5980000,0x00000000d5980000,0x00000000d5a00000)
 ParOldGen       total 138240K, used 137839K [0x0000000080000000, 0x0000000088700000, 0x00000000d5580000)
  object space 138240K, 99% used [0x0000000080000000,0x000000008869bcc8,0x0000000088700000)
 Metaspace       used 75196K, committed 76992K, reserved 1179648K
  class space    used 7912K, committed 8704K, reserved 1048576K
}
Event: 26870.206 GC heap before
{Heap before GC invocations=471 (full 3):
 PSYoungGen      total 1536K, used 1244K [0x00000000d5580000, 0x00000000d5a00000, 0x0000000100000000)
  eden space 1024K, 99% used [0x00000000d5580000,0x00000000d567f2b8,0x00000000d5680000)
  from space 512K, 43% used [0x00000000d5900000,0x00000000d5938000,0x00000000d5980000)
  to   space 512K, 0% used [0x00000000d5980000,0x00000000d5980000,0x00000000d5a00000)
 ParOldGen       total 138240K, used 137839K [0x0000000080000000, 0x0000000088700000, 0x00000000d5580000)
  object space 138240K, 99% used [0x0000000080000000,0x000000008869bcc8,0x0000000088700000)
 Metaspace       used 75206K, committed 76992K, reserved 1179648K
  class space    used 7912K, committed 8704K, reserved 1048576K
}
Event: 26870.209 GC heap after
{Heap after GC invocations=471 (full 3):
 PSYoungGen      total 1536K, used 336K [0x00000000d5580000, 0x00000000d5a00000, 0x0000000100000000)
  eden space 1024K, 0% used [0x00000000d5580000,0x00000000d5580000,0x00000000d5680000)
  from space 512K, 65% used [0x00000000d5980000,0x00000000d59d4030,0x00000000d5a00000)
  to   space 512K, 0% used [0x00000000d5900000,0x00000000d5900000,0x00000000d5980000)
 ParOldGen       total 138240K, used 137911K [0x0000000080000000, 0x0000000088700000, 0x00000000d5580000)
  object space 138240K, 99% used [0x0000000080000000,0x00000000886adcc8,0x0000000088700000)
 Metaspace       used 75206K, committed 76992K, reserved 1179648K
  class space    used 7912K, committed 8704K, reserved 1048576K
}

Dll operation events (11 events):
Event: 0.017 Loaded shared library c:\Users\victus\.antigravity-ide\extensions\redhat.java-1.55.0-win32-x64\jre\21.0.11-win32-x86_64\bin\java.dll
Event: 0.108 Loaded shared library c:\Users\victus\.antigravity-ide\extensions\redhat.java-1.55.0-win32-x64\jre\21.0.11-win32-x86_64\bin\zip.dll
Event: 0.137 Loaded shared library C:\Users\victus\.antigravity-ide\extensions\redhat.java-1.55.0-win32-x64\jre\21.0.11-win32-x86_64\bin\instrument.dll
Event: 0.145 Loaded shared library C:\Users\victus\.antigravity-ide\extensions\redhat.java-1.55.0-win32-x64\jre\21.0.11-win32-x86_64\bin\net.dll
Event: 0.149 Loaded shared library C:\Users\victus\.antigravity-ide\extensions\redhat.java-1.55.0-win32-x64\jre\21.0.11-win32-x86_64\bin\nio.dll
Event: 0.154 Loaded shared library C:\Users\victus\.antigravity-ide\extensions\redhat.java-1.55.0-win32-x64\jre\21.0.11-win32-x86_64\bin\zip.dll
Event: 0.178 Loaded shared library C:\Users\victus\.antigravity-ide\extensions\redhat.java-1.55.0-win32-x64\jre\21.0.11-win32-x86_64\bin\jimage.dll
Event: 0.281 Loaded shared library c:\Users\victus\.antigravity-ide\extensions\redhat.java-1.55.0-win32-x64\jre\21.0.11-win32-x86_64\bin\verify.dll
Event: 1.669 Loaded shared library C:\Users\victus\AppData\Roaming\Antigravity IDE\User\globalStorage\redhat.java\1.55.0\config_win\org.eclipse.equinox.launcher\org.eclipse.equinox.launcher.win32.win32.x86_64_1.3.100.v20260613-0559\eclipse_11924.dll
Event: 5.354 Loaded shared library C:\Users\victus\AppData\Local\Temp\jna--816693246\jna7124209837649569043.dll
Event: 286.967 Loaded shared library C:\Users\victus\.antigravity-ide\extensions\redhat.java-1.55.0-win32-x64\jre\21.0.11-win32-x86_64\bin\extnet.dll

Deoptimization events (20 events):
Event: 26820.746 Thread 0x000001ff71781760 DEOPT PACKING pc=0x000001ff1dd18d24 sp=0x00000077feafcfa0
Event: 26820.746 Thread 0x000001ff71781760 DEOPT UNPACKING pc=0x000001ff1d053aa2 sp=0x00000077feafce50 mode 2
Event: 26820.756 Thread 0x000001ff71781760 DEOPT PACKING pc=0x000001ff16fdee64 sp=0x00000077feafe1d0
Event: 26820.757 Thread 0x000001ff71781760 DEOPT UNPACKING pc=0x000001ff1d054242 sp=0x00000077feafd698 mode 0
Event: 26866.859 Thread 0x000001ff7d72b3d0 DEOPT PACKING pc=0x000001ff1635775b sp=0x00000077808fe3d0
Event: 26866.860 Thread 0x000001ff7d72b3d0 DEOPT UNPACKING pc=0x000001ff1d054242 sp=0x00000077808fd858 mode 0
Event: 26867.121 Thread 0x000001ff7d72ad40 Uncommon trap: trap_request=0xffffff45 fr.pc=0x000001ff1dd31234 relative=0x0000000000000094
Event: 26867.122 Thread 0x000001ff7d72ad40 Uncommon trap: reason=unstable_if action=reinterpret pc=0x000001ff1dd31234 method=java.util.concurrent.CompletableFuture.isCancelled()Z @ 9 c2
Event: 26867.122 Thread 0x000001ff7d72ad40 DEOPT PACKING pc=0x000001ff1dd31234 sp=0x00000077804fe990
Event: 26867.122 Thread 0x000001ff7d72ad40 DEOPT UNPACKING pc=0x000001ff1d053aa2 sp=0x00000077804fe850 mode 2
Event: 26868.699 Thread 0x000001ff71781760 Uncommon trap: trap_request=0xffffff45 fr.pc=0x000001ff1db05c68 relative=0x0000000000000368
Event: 26868.699 Thread 0x000001ff71781760 Uncommon trap: reason=unstable_if action=reinterpret pc=0x000001ff1db05c68 method=java.lang.ThreadLocal$ThreadLocalMap.set(Ljava/lang/ThreadLocal;Ljava/lang/Object;)V @ 53 c2
Event: 26868.699 Thread 0x000001ff71781760 DEOPT PACKING pc=0x000001ff1db05c68 sp=0x00000077feafec70
Event: 26868.699 Thread 0x000001ff71781760 DEOPT UNPACKING pc=0x000001ff1d053aa2 sp=0x00000077feafeb38 mode 2
Event: 26868.703 Thread 0x000001ff71781760 DEOPT PACKING pc=0x000001ff173c5572 sp=0x00000077feafdfd0
Event: 26868.703 Thread 0x000001ff71781760 DEOPT UNPACKING pc=0x000001ff1d054242 sp=0x00000077feafd548 mode 0
Event: 26870.195 Thread 0x000001ff7d72d4a0 Uncommon trap: trap_request=0xffffff45 fr.pc=0x000001ff1dcfac1c relative=0x000000000000007c
Event: 26870.195 Thread 0x000001ff7d72d4a0 Uncommon trap: reason=unstable_if action=reinterpret pc=0x000001ff1dcfac1c method=java.util.concurrent.ThreadPoolExecutor.ensurePrestart()V @ 16 c2
Event: 26870.195 Thread 0x000001ff7d72d4a0 DEOPT PACKING pc=0x000001ff1dcfac1c sp=0x0000007780bfe720
Event: 26870.195 Thread 0x000001ff7d72d4a0 DEOPT UNPACKING pc=0x000001ff1d053aa2 sp=0x0000007780bfe6b0 mode 2

Classes loaded (20 events):
Event: 584.868 Loading class java/util/stream/Nodes$ConcNode
Event: 584.868 Loading class java/util/stream/Nodes$AbstractConcNode
Event: 584.870 Loading class java/util/stream/Nodes$AbstractConcNode done
Event: 584.870 Loading class java/util/stream/Nodes$ConcNode done
Event: 584.874 Loading class java/util/stream/Nodes$ToArrayTask$OfRef
Event: 584.876 Loading class java/util/stream/Nodes$ToArrayTask
Event: 584.877 Loading class java/util/stream/Nodes$ToArrayTask done
Event: 584.877 Loading class java/util/stream/Nodes$ToArrayTask$OfRef done
Event: 584.892 Loading class java/io/ObjectOutputStream$BlockDataOutputStream
Event: 584.896 Loading class java/io/ObjectOutputStream$BlockDataOutputStream done
Event: 584.896 Loading class java/io/ObjectOutputStream$HandleTable
Event: 584.897 Loading class java/io/ObjectOutputStream$HandleTable done
Event: 584.897 Loading class java/io/ObjectOutputStream$ReplaceTable
Event: 584.898 Loading class java/io/ObjectOutputStream$ReplaceTable done
Event: 26820.452 Loading class java/nio/file/attribute/PosixFileAttributeView
Event: 26820.465 Loading class java/nio/file/attribute/PosixFileAttributeView done
Event: 26820.471 Loading class java/nio/file/attribute/DosFileAttributeView
Event: 26820.479 Loading class java/nio/file/attribute/DosFileAttributeView done
Event: 26820.480 Loading class java/nio/file/attribute/UserDefinedFileAttributeView
Event: 26820.486 Loading class java/nio/file/attribute/UserDefinedFileAttributeView done

Classes unloaded (11 events):
Event: 6.123 Thread 0x000001ff12862450 Unloading class 0x000001ff2b1acc00 'java/lang/invoke/LambdaForm$MH+0x000001ff2b1acc00'
Event: 6.123 Thread 0x000001ff12862450 Unloading class 0x000001ff2b1ac800 'java/lang/invoke/LambdaForm$MH+0x000001ff2b1ac800'
Event: 6.123 Thread 0x000001ff12862450 Unloading class 0x000001ff2b1ac400 'java/lang/invoke/LambdaForm$MH+0x000001ff2b1ac400'
Event: 6.123 Thread 0x000001ff12862450 Unloading class 0x000001ff2b1ac000 'java/lang/invoke/LambdaForm$MH+0x000001ff2b1ac000'
Event: 6.123 Thread 0x000001ff12862450 Unloading class 0x000001ff2b1abc00 'java/lang/invoke/LambdaForm$BMH+0x000001ff2b1abc00'
Event: 6.123 Thread 0x000001ff12862450 Unloading class 0x000001ff2b1ab800 'java/lang/invoke/LambdaForm$DMH+0x000001ff2b1ab800'
Event: 6.123 Thread 0x000001ff12862450 Unloading class 0x000001ff2b1aa400 'java/lang/invoke/LambdaForm$DMH+0x000001ff2b1aa400'
Event: 16.453 Thread 0x000001ff12862450 Unloading class 0x000001ff2b6a5400 'java/lang/invoke/LambdaForm$DMH+0x000001ff2b6a5400'
Event: 16.453 Thread 0x000001ff12862450 Unloading class 0x000001ff2b6a4400 'java/lang/invoke/LambdaForm$DMH+0x000001ff2b6a4400'
Event: 16.453 Thread 0x000001ff12862450 Unloading class 0x000001ff2b6a4c00 'java/lang/invoke/LambdaForm$DMH+0x000001ff2b6a4c00'
Event: 16.453 Thread 0x000001ff12862450 Unloading class 0x000001ff2b6a5000 'java/lang/invoke/LambdaForm$DMH+0x000001ff2b6a5000'

Classes redefined (0 events):
No events

Internal exceptions (20 events):
Event: 584.644 Thread 0x000001ff71781df0 Exception <a 'sun/nio/fs/WindowsException'{0x00000000d56169d8}> (0x00000000d56169d8) 
thrown [s\src\hotspot\share\prims\jni.cpp, line 520]
Event: 584.649 Thread 0x000001ff71781df0 Exception <a 'sun/nio/fs/WindowsException'{0x00000000d56177b8}> (0x00000000d56177b8) 
thrown [s\src\hotspot\share\prims\jni.cpp, line 520]
Event: 584.676 Thread 0x000001ff71781df0 Implicit null exception at 0x000001ff1dc93d8d to 0x000001ff1dc940fc
Event: 584.970 Thread 0x000001ff71781df0 Implicit null exception at 0x000001ff1da921bc to 0x000001ff1da92694
Event: 584.975 Thread 0x000001ff71781df0 Implicit null exception at 0x000001ff1da5a0ba to 0x000001ff1da5a0f4
Event: 584.985 Thread 0x000001ff71781df0 Exception <a 'java/lang/NoSuchMethodError'{0x00000000d55f8c30}: static [J.<clinit>()V> (0x00000000d55f8c30) 
thrown [s\src\hotspot\share\prims\jni.cpp, line 1111]
Event: 585.104 Thread 0x000001ff71781df0 Exception <a 'java/lang/NoSuchMethodError'{0x00000000d55cf120}: 'java.lang.Object java.lang.invoke.DirectMethodHandle$Holder.newInvokeSpecial(java.lang.Object, java.lang.Object, java.lang.Object, java.lang.Object, java.lang.Object, java.lang.Object, java.lang.Object, java.lang.Object)'> (0x00000000d55cf120) 
thrown [s\src\hotspot\share\interpreter\linkResolver.cpp, line 773]
Event: 21060.715 Thread 0x000001ff7d72ad40 Implicit null exception at 0x000001ff1dcf4c2b to 0x000001ff1dcf5ea0
Event: 26819.127 Thread 0x000001ff71781760 Exception <a 'sun/nio/fs/WindowsException'{0x00000000d5582a80}> (0x00000000d5582a80) 
thrown [s\src\hotspot\share\prims\jni.cpp, line 520]
Event: 26819.133 Thread 0x000001ff71781760 Exception <a 'sun/nio/fs/WindowsException'{0x00000000d55830b0}> (0x00000000d55830b0) 
thrown [s\src\hotspot\share\prims\jni.cpp, line 520]
Event: 26869.061 Thread 0x000001ff7d72a6b0 Exception <a 'sun/nio/fs/WindowsException'{0x00000000d55b1f60}> (0x00000000d55b1f60) 
thrown [s\src\hotspot\share\prims\jni.cpp, line 520]
Event: 26869.062 Thread 0x000001ff7d72a6b0 Exception <a 'sun/nio/fs/WindowsException'{0x00000000d55b2840}> (0x00000000d55b2840) 
thrown [s\src\hotspot\share\prims\jni.cpp, line 520]
Event: 26869.063 Thread 0x000001ff7d72a6b0 Exception <a 'sun/nio/fs/WindowsException'{0x00000000d55b3588}> (0x00000000d55b3588) 
thrown [s\src\hotspot\share\prims\jni.cpp, line 520]
Event: 26869.063 Thread 0x000001ff7d72a6b0 Exception <a 'sun/nio/fs/WindowsException'{0x00000000d55b3e68}> (0x00000000d55b3e68) 
thrown [s\src\hotspot\share\prims\jni.cpp, line 520]
Event: 26869.069 Thread 0x000001ff7d72a6b0 Exception <a 'sun/nio/fs/WindowsException'{0x00000000d55b5850}> (0x00000000d55b5850) 
thrown [s\src\hotspot\share\prims\jni.cpp, line 520]
Event: 26869.070 Thread 0x000001ff7d72a6b0 Exception <a 'sun/nio/fs/WindowsException'{0x00000000d55b5e80}> (0x00000000d55b5e80) 
thrown [s\src\hotspot\share\prims\jni.cpp, line 520]
Event: 26869.105 Thread 0x000001ff7d72a6b0 Exception <a 'sun/nio/fs/WindowsException'{0x00000000d55e0258}> (0x00000000d55e0258) 
thrown [s\src\hotspot\share\prims\jni.cpp, line 520]
Event: 26869.106 Thread 0x000001ff7d72a6b0 Exception <a 'sun/nio/fs/WindowsException'{0x00000000d55e0b38}> (0x00000000d55e0b38) 
thrown [s\src\hotspot\share\prims\jni.cpp, line 520]
Event: 26870.237 Thread 0x000001ff7d72db30 Exception <a 'sun/nio/fs/WindowsException'{0x00000000d55ea790}> (0x00000000d55ea790) 
thrown [s\src\hotspot\share\prims\jni.cpp, line 520]
Event: 26870.237 Thread 0x000001ff7d72db30 Exception <a 'sun/nio/fs/WindowsException'{0x00000000d55eaea0}> (0x00000000d55eaea0) 
thrown [s\src\hotspot\share\prims\jni.cpp, line 520]

ZGC Phase Switch (0 events):
No events

VM Operations (20 events):
Event: 26869.471 Executing safepoint VM operation: ParallelGCFailedAllocation (Allocation Failure)
Event: 26869.472 Executing safepoint VM operation: ParallelGCFailedAllocation (Allocation Failure) done
Event: 26869.503 Executing safepoint VM operation: ParallelGCFailedAllocation (Allocation Failure)
Event: 26869.504 Executing safepoint VM operation: ParallelGCFailedAllocation (Allocation Failure) done
Event: 26869.765 Executing safepoint VM operation: ParallelGCFailedAllocation (Allocation Failure)
Event: 26869.767 Executing safepoint VM operation: ParallelGCFailedAllocation (Allocation Failure) done
Event: 26869.832 Executing safepoint VM operation: ParallelGCFailedAllocation (Allocation Failure)
Event: 26869.834 Executing safepoint VM operation: ParallelGCFailedAllocation (Allocation Failure) done
Event: 26870.007 Executing safepoint VM operation: ParallelGCFailedAllocation (Allocation Failure)
Event: 26870.009 Executing safepoint VM operation: ParallelGCFailedAllocation (Allocation Failure) done
Event: 26870.093 Executing safepoint VM operation: ParallelGCFailedAllocation (Allocation Failure)
Event: 26870.100 Executing safepoint VM operation: ParallelGCFailedAllocation (Allocation Failure) done
Event: 26870.206 Executing safepoint VM operation: ParallelGCFailedAllocation (Allocation Failure)
Event: 26870.209 Executing safepoint VM operation: ParallelGCFailedAllocation (Allocation Failure) done
Event: 26871.212 Executing safepoint VM operation: Cleanup
Event: 26871.212 Executing safepoint VM operation: Cleanup done
Event: 26902.214 Executing non-safepoint VM operation: HandshakeAllThreads (HandshakeForDeflation)
Event: 26902.217 Executing non-safepoint VM operation: HandshakeAllThreads (HandshakeForDeflation) done
Event: 26902.218 Executing non-safepoint VM operation: RendezvousGCThreads
Event: 26902.219 Executing non-safepoint VM operation: RendezvousGCThreads done

Memory protections (0 events):
No events

Nmethod flushes (20 events):
Event: 16.480 Thread 0x000001ff12862450 flushing osr nmethod 0x000001ff162fac10
Event: 16.480 Thread 0x000001ff12862450 flushing  nmethod 0x000001ff1630d090
Event: 16.480 Thread 0x000001ff12862450 flushing  nmethod 0x000001ff16320e90
Event: 16.480 Thread 0x000001ff12862450 flushing  nmethod 0x000001ff16330790
Event: 16.480 Thread 0x000001ff12862450 flushing  nmethod 0x000001ff16331b10
Event: 16.480 Thread 0x000001ff12862450 flushing  nmethod 0x000001ff16331e90
Event: 16.480 Thread 0x000001ff12862450 flushing  nmethod 0x000001ff1633be90
Event: 16.480 Thread 0x000001ff12862450 flushing  nmethod 0x000001ff1633da90
Event: 16.480 Thread 0x000001ff12862450 flushing osr nmethod 0x000001ff16363290
Event: 16.480 Thread 0x000001ff12862450 flushing  nmethod 0x000001ff1636b590
Event: 16.480 Thread 0x000001ff12862450 flushing  nmethod 0x000001ff1636fb90
Event: 16.480 Thread 0x000001ff12862450 flushing  nmethod 0x000001ff1636ff10
Event: 16.480 Thread 0x000001ff12862450 flushing  nmethod 0x000001ff16373190
Event: 16.480 Thread 0x000001ff12862450 flushing  nmethod 0x000001ff1637f390
Event: 16.480 Thread 0x000001ff12862450 flushing  nmethod 0x000001ff16383e10
Event: 16.480 Thread 0x000001ff12862450 flushing  nmethod 0x000001ff163b9510
Event: 16.480 Thread 0x000001ff12862450 flushing  nmethod 0x000001ff163bfb10
Event: 16.480 Thread 0x000001ff12862450 flushing  nmethod 0x000001ff163ce090
Event: 16.480 Thread 0x000001ff12862450 flushing  nmethod 0x000001ff163dce90
Event: 16.480 Thread 0x000001ff12862450 flushing  nmethod 0x000001ff163f4a90

Events (20 events):
Event: 21090.858 Thread 0x000001ff73c1ba20 Thread exited: 0x000001ff73c1ba20
Event: 21120.975 Thread 0x000001ff7d72ce10 Thread exited: 0x000001ff7d72ce10
Event: 21120.991 Thread 0x000001ff7d729990 Thread exited: 0x000001ff7d729990
Event: 21181.005 Thread 0x000001ff7d72d4a0 Thread exited: 0x000001ff7d72d4a0
Event: 26820.559 Thread 0x000001ff71781df0 Thread added: 0x000001ff7d72ce10
Event: 26866.710 Thread 0x000001ff72d92040 Thread added: 0x000001ff7d72a6b0
Event: 26866.723 Thread 0x000001ff72d92040 Thread added: 0x000001ff7d72ad40
Event: 26866.751 Thread 0x000001ff72d92040 Thread added: 0x000001ff7d729990
Event: 26866.756 Thread 0x000001ff72d92040 Thread added: 0x000001ff7d72e850
Event: 26866.763 Thread 0x000001ff72d92040 Thread added: 0x000001ff7d72ba60
Event: 26866.781 Thread 0x000001ff72d92040 Thread added: 0x000001ff7d72b3d0
Event: 26866.785 Thread 0x000001ff7d72ad40 Thread added: 0x000001ff7d72f570
Event: 26869.010 Thread 0x000001ff7d72a6b0 Thread added: 0x000001ff7d72eee0
Event: 26870.173 Thread 0x000001ff73c1ad00 Thread added: 0x000001ff7d72d4a0
Event: 26870.195 Thread 0x000001ff7d72d4a0 Thread added: 0x000001ff7d72db30
Event: 26870.243 Thread 0x000001ff7d72db30 Thread added: 0x000001ff7d72c0f0
Event: 26870.330 Thread 0x000001ff7d72d4a0 Thread added: 0x000001ff7d72fc00
Event: 26870.332 Thread 0x000001ff7d72c0f0 Thread exited: 0x000001ff7d72c0f0
Event: 26871.069 Thread 0x000001ff7d72fc00 Thread added: 0x000001ff7d72c0f0
Event: 26871.075 Thread 0x000001ff7d72fc00 Thread exited: 0x000001ff7d72fc00


Dynamic libraries:
0x00007ff68d870000 - 0x00007ff68d87e000 	c:\Users\victus\.antigravity-ide\extensions\redhat.java-1.55.0-win32-x64\jre\21.0.11-win32-x86_64\bin\java.exe
0x00007ffa65400000 - 0x00007ffa65666000 	C:\WINDOWS\SYSTEM32\ntdll.dll
0x00007ffa64390000 - 0x00007ffa64459000 	C:\WINDOWS\System32\KERNEL32.DLL
0x00007ffa62d20000 - 0x00007ffa63120000 	C:\WINDOWS\System32\KERNELBASE.dll
0x00007ffa62b30000 - 0x00007ffa62c7c000 	C:\WINDOWS\System32\ucrtbase.dll
0x00007ffa5d490000 - 0x00007ffa5d4ae000 	c:\Users\victus\.antigravity-ide\extensions\redhat.java-1.55.0-win32-x64\jre\21.0.11-win32-x86_64\bin\VCRUNTIME140.dll
0x00007ffa5d4b0000 - 0x00007ffa5d4c8000 	c:\Users\victus\.antigravity-ide\extensions\redhat.java-1.55.0-win32-x64\jre\21.0.11-win32-x86_64\bin\jli.dll
0x00007ffa65130000 - 0x00007ffa652f7000 	C:\WINDOWS\System32\USER32.dll
0x00007ffa62790000 - 0x00007ffa627b7000 	C:\WINDOWS\System32\win32u.dll
0x00007ffa42de0000 - 0x00007ffa43072000 	C:\WINDOWS\WinSxS\amd64_microsoft.windows.common-controls_6595b64144ccf1df_6.0.26100.8737_none_3e092eaee333b772\COMCTL32.dll
0x00007ffa64c20000 - 0x00007ffa64c4b000 	C:\WINDOWS\System32\GDI32.dll
0x00007ffa64e50000 - 0x00007ffa64ef9000 	C:\WINDOWS\System32\msvcrt.dll
0x00007ffa627c0000 - 0x00007ffa628e9000 	C:\WINDOWS\System32\gdi32full.dll
0x00007ffa62620000 - 0x00007ffa626c3000 	C:\WINDOWS\System32\msvcp_win.dll
0x00007ffa64540000 - 0x00007ffa64572000 	C:\WINDOWS\System32\IMM32.DLL
0x00007ffa5d580000 - 0x00007ffa5d58c000 	c:\Users\victus\.antigravity-ide\extensions\redhat.java-1.55.0-win32-x64\jre\21.0.11-win32-x86_64\bin\vcruntime140_1.dll
0x00007ffa25ed0000 - 0x00007ffa25f5d000 	c:\Users\victus\.antigravity-ide\extensions\redhat.java-1.55.0-win32-x64\jre\21.0.11-win32-x86_64\bin\msvcp140.dll
0x00007ff9a97e0000 - 0x00007ff9aa582000 	c:\Users\victus\.antigravity-ide\extensions\redhat.java-1.55.0-win32-x64\jre\21.0.11-win32-x86_64\bin\server\jvm.dll
0x00007ffa64a40000 - 0x00007ffa64af7000 	C:\WINDOWS\System32\ADVAPI32.dll
0x00007ffa632e0000 - 0x00007ffa6338a000 	C:\WINDOWS\System32\sechost.dll
0x00007ffa64b00000 - 0x00007ffa64c18000 	C:\WINDOWS\System32\RPCRT4.dll
0x00007ffa63a40000 - 0x00007ffa63ac0000 	C:\WINDOWS\System32\WS2_32.dll
0x00007ffa62480000 - 0x00007ffa624de000 	C:\WINDOWS\SYSTEM32\POWRPROF.dll
0x00007ffa529d0000 - 0x00007ffa52a06000 	C:\WINDOWS\SYSTEM32\WINMM.dll
0x00007ffa58af0000 - 0x00007ffa58afb000 	C:\WINDOWS\SYSTEM32\VERSION.dll
0x00007ffa62460000 - 0x00007ffa62474000 	C:\WINDOWS\SYSTEM32\UMPDC.dll
0x00007ffa61300000 - 0x00007ffa6131b000 	C:\WINDOWS\SYSTEM32\kernel.appcore.dll
0x00007ffa5d550000 - 0x00007ffa5d55a000 	c:\Users\victus\.antigravity-ide\extensions\redhat.java-1.55.0-win32-x64\jre\21.0.11-win32-x86_64\bin\jimage.dll
0x00007ffa52d20000 - 0x00007ffa52f62000 	C:\WINDOWS\SYSTEM32\DBGHELP.DLL
0x00007ffa635f0000 - 0x00007ffa63973000 	C:\WINDOWS\System32\combase.dll
0x00007ffa64460000 - 0x00007ffa64539000 	C:\WINDOWS\System32\OLEAUT32.dll
0x00007ffa41870000 - 0x00007ffa418ab000 	C:\WINDOWS\SYSTEM32\dbgcore.DLL
0x00007ffa626d0000 - 0x00007ffa6277c000 	C:\WINDOWS\System32\bcryptPrimitives.dll
0x00007ffa5d520000 - 0x00007ffa5d52f000 	c:\Users\victus\.antigravity-ide\extensions\redhat.java-1.55.0-win32-x64\jre\21.0.11-win32-x86_64\bin\instrument.dll
0x00007ffa5d470000 - 0x00007ffa5d490000 	c:\Users\victus\.antigravity-ide\extensions\redhat.java-1.55.0-win32-x64\jre\21.0.11-win32-x86_64\bin\java.dll
0x00007ffa63bf0000 - 0x00007ffa64382000 	C:\WINDOWS\System32\SHELL32.dll
0x00007ffa60090000 - 0x00007ffa60922000 	C:\WINDOWS\SYSTEM32\windows.storage.dll
0x00007ffa64c50000 - 0x00007ffa64d47000 	C:\WINDOWS\System32\SHCORE.dll
0x00007ffa65350000 - 0x00007ffa653b7000 	C:\WINDOWS\System32\shlwapi.dll
0x00007ffa62540000 - 0x00007ffa62569000 	C:\WINDOWS\SYSTEM32\profapi.dll
0x00007ffa4e8f0000 - 0x00007ffa4e908000 	c:\Users\victus\.antigravity-ide\extensions\redhat.java-1.55.0-win32-x64\jre\21.0.11-win32-x86_64\bin\zip.dll
0x00007ffa59aa0000 - 0x00007ffa59ab0000 	C:\Users\victus\.antigravity-ide\extensions\redhat.java-1.55.0-win32-x64\jre\21.0.11-win32-x86_64\bin\net.dll
0x00007ffa5a560000 - 0x00007ffa5a689000 	C:\WINDOWS\SYSTEM32\WINHTTP.dll
0x00007ffa618b0000 - 0x00007ffa6191c000 	C:\WINDOWS\system32\mswsock.dll
0x00007ffa4e810000 - 0x00007ffa4e826000 	C:\Users\victus\.antigravity-ide\extensions\redhat.java-1.55.0-win32-x64\jre\21.0.11-win32-x86_64\bin\nio.dll
0x00007ffa59a70000 - 0x00007ffa59a80000 	c:\Users\victus\.antigravity-ide\extensions\redhat.java-1.55.0-win32-x64\jre\21.0.11-win32-x86_64\bin\verify.dll
0x00007ffa291e0000 - 0x00007ffa29225000 	C:\Users\victus\AppData\Roaming\Antigravity IDE\User\globalStorage\redhat.java\1.55.0\config_win\org.eclipse.equinox.launcher\org.eclipse.equinox.launcher.win32.win32.x86_64_1.3.100.v20260613-0559\eclipse_11924.dll
0x00007ffa63130000 - 0x00007ffa632c9000 	C:\WINDOWS\System32\ole32.dll
0x00007ffa61bd0000 - 0x00007ffa61beb000 	C:\WINDOWS\SYSTEM32\CRYPTSP.dll
0x00007ffa61260000 - 0x00007ffa61299000 	C:\WINDOWS\system32\rsaenh.dll
0x00007ffa61970000 - 0x00007ffa619a2000 	C:\WINDOWS\SYSTEM32\USERENV.dll
0x00007ffa62510000 - 0x00007ffa6253a000 	C:\WINDOWS\SYSTEM32\bcrypt.dll
0x00007ffa61bb0000 - 0x00007ffa61bbc000 	C:\WINDOWS\SYSTEM32\CRYPTBASE.dll
0x00007ffa60ce0000 - 0x00007ffa60d13000 	C:\WINDOWS\SYSTEM32\IPHLPAPI.DLL
0x00007ffa64f00000 - 0x00007ffa64f0a000 	C:\WINDOWS\System32\NSI.dll
0x00007ffa24ed0000 - 0x00007ffa24f19000 	C:\Users\victus\AppData\Local\Temp\jna--816693246\jna7124209837649569043.dll
0x00007ffa64a10000 - 0x00007ffa64a18000 	C:\WINDOWS\System32\PSAPI.DLL
0x00007ffa5bc80000 - 0x00007ffa5bc9d000 	C:\WINDOWS\SYSTEM32\dhcpcsvc6.DLL
0x00007ffa5bc30000 - 0x00007ffa5bc55000 	C:\WINDOWS\SYSTEM32\dhcpcsvc.DLL
0x00007ffa584d0000 - 0x00007ffa584d9000 	C:\Users\victus\.antigravity-ide\extensions\redhat.java-1.55.0-win32-x64\jre\21.0.11-win32-x86_64\bin\extnet.dll

JVMTI agents:
c:\Users\victus\.antigravity-ide\extensions\redhat.java-1.55.0-win32-x64\lombok\lombok-1.18.39-4050.jar path:c:\Users\victus\.antigravity-ide\extensions\redhat.java-1.55.0-win32-x64\jre\21.0.11-win32-x86_64\bin\instrument.dll, loaded, initialized, instrumentlib options:none

dbghelp: loaded successfully - version: 4.0.5 - missing functions: none
symbol engine: initialized successfully - sym options: 0x614 - pdb path: .;c:\Users\victus\.antigravity-ide\extensions\redhat.java-1.55.0-win32-x64\jre\21.0.11-win32-x86_64\bin;C:\WINDOWS\SYSTEM32;C:\WINDOWS\WinSxS\amd64_microsoft.windows.common-controls_6595b64144ccf1df_6.0.26100.8737_none_3e092eaee333b772;c:\Users\victus\.antigravity-ide\extensions\redhat.java-1.55.0-win32-x64\jre\21.0.11-win32-x86_64\bin\server;C:\Users\victus\AppData\Roaming\Antigravity IDE\User\globalStorage\redhat.java\1.55.0\config_win\org.eclipse.equinox.launcher\org.eclipse.equinox.launcher.win32.win32.x86_64_1.3.100.v20260613-0559;C:\Users\victus\AppData\Local\Temp\jna--816693246

VM Arguments:
jvm_args: --add-modules=ALL-SYSTEM --add-opens=java.base/java.util=ALL-UNNAMED --add-opens=java.base/java.lang=ALL-UNNAMED --add-opens=java.base/sun.nio.fs=ALL-UNNAMED -Declipse.application=org.eclipse.jdt.ls.core.id1 -Dosgi.bundles.defaultStartLevel=4 -Declipse.product=org.eclipse.jdt.ls.core.product -Djava.import.generatesMetadataFilesAtProjectRoot=false -DDetectVMInstallationsJob.disabled=true -Dfile.encoding=utf8 -XX:+UseParallelGC -XX:GCTimeRatio=4 -XX:AdaptiveSizePolicyWeight=90 -Dsun.zip.disableMemoryMapping=true -Xmx2G -Xms100m -Xlog:disable -javaagent:c:\Users\victus\.antigravity-ide\extensions\redhat.java-1.55.0-win32-x64\lombok\lombok-1.18.39-4050.jar -XX:+HeapDumpOnOutOfMemoryError -XX:HeapDumpPath=c:\Users\victus\AppData\Roaming\Antigravity IDE\User\workspaceStorage\5b2361cc31562841c9a29e2cd3582aaf\redhat.java -Daether.dependencyCollector.impl=bf 
java_command: c:\Users\victus\.antigravity-ide\extensions\redhat.java-1.55.0-win32-x64\server\plugins\org.eclipse.equinox.launcher_1.7.200.v20260619-2039.jar -configuration c:\Users\victus\AppData\Roaming\Antigravity IDE\User\globalStorage\redhat.java\1.55.0\config_win -data c:\Users\victus\AppData\Roaming\Antigravity IDE\User\workspaceStorage\5b2361cc31562841c9a29e2cd3582aaf\redhat.java\jdt_ws --pipe=\\.\pipe\lsp-c4ae57dddad6f219343de95f0ab839e4-sock
java_class_path (initial): c:\Users\victus\.antigravity-ide\extensions\redhat.java-1.55.0-win32-x64\server\plugins\org.eclipse.equinox.launcher_1.7.200.v20260619-2039.jar
Launcher Type: SUN_STANDARD

[Global flags]
    uintx AdaptiveSizePolicyWeight                 = 90                                        {product} {command line}
     intx CICompilerCount                          = 4                                         {product} {ergonomic}
    uintx GCTimeRatio                              = 4                                         {product} {command line}
     bool HeapDumpOnOutOfMemoryError               = true                                   {manageable} {command line}
    ccstr HeapDumpPath                             = c:\Users\victus\AppData\Roaming\Antigravity IDE\User\workspaceStorage\5b2361cc31562841c9a29e2cd3582aaf\redhat.java         {manageable} {command line}
   size_t InitialHeapSize                          = 104857600                                 {product} {command line}
   size_t MaxHeapSize                              = 2147483648                                {product} {command line}
   size_t MaxNewSize                               = 715653120                                 {product} {ergonomic}
   size_t MinHeapDeltaBytes                        = 524288                                    {product} {ergonomic}
   size_t MinHeapSize                              = 104857600                                 {product} {command line}
   size_t NewSize                                  = 34603008                                  {product} {ergonomic}
    uintx NonNMethodCodeHeapSize                   = 5839372                                {pd product} {ergonomic}
    uintx NonProfiledCodeHeapSize                  = 122909434                              {pd product} {ergonomic}
   size_t OldSize                                  = 70254592                                  {product} {ergonomic}
    uintx ProfiledCodeHeapSize                     = 122909434                              {pd product} {ergonomic}
    uintx ReservedCodeCacheSize                    = 251658240                              {pd product} {ergonomic}
     bool SegmentedCodeCache                       = true                                      {product} {ergonomic}
   size_t SoftMaxHeapSize                          = 2147483648                             {manageable} {ergonomic}
     bool UseCompressedOops                        = true                           {product lp64_product} {ergonomic}
     bool UseLargePagesIndividualAllocation        = false                                  {pd product} {ergonomic}
     bool UseParallelGC                            = true                                      {product} {command line}

Logging:
Log output configuration:
 #0: stdout all=off uptime,level,tags foldmultilines=false
 #1: stderr all=off uptime,level,tags foldmultilines=false

Release file:
JAVA_VERSION="21.0.11" 
MODULES="java.base java.compiler java.datatransfer java.xml java.prefs java.desktop java.instrument java.logging java.management java.security.sasl java.naming java.rmi java.management.rmi java.net.http java.scripting java.security.jgss java.transaction.xa java.sql java.sql.rowset java.xml.crypto java.se java.smartcardio jdk.accessibility jdk.internal.jvmstat jdk.attach jdk.charsets jdk.internal.opt jdk.zipfs jdk.compiler jdk.crypto.ec jdk.crypto.cryptoki jdk.crypto.mscapi jdk.dynalink jdk.internal.ed jdk.editpad jdk.hotspot.agent jdk.httpserver jdk.internal.le jdk.internal.vm.ci jdk.internal.vm.compiler jdk.internal.vm.compiler.management jdk.jartool jdk.javadoc jdk.jcmd jdk.management jdk.management.agent jdk.jconsole jdk.jdeps jdk.jdwp.agent jdk.jdi jdk.jfr jdk.jshell jdk.jsobject jdk.jstatd jdk.localedata jdk.management.jfr jdk.naming.dns jdk.naming.rmi jdk.net jdk.nio.mapmode jdk.random jdk.sctp jdk.security.auth jdk.security.jgss jdk.unsupported jdk.unsupported.desktop jdk.xml.dom" 

Environment Variables:
JAVA_HOME=C:\Program Files\Java\jdk-21
PATH=C:\Python312\Scripts\;C:\Python312\;C:\Program Files\Common Files\Oracle\Java\javapath;C:\windows\system32;C:\windows;C:\windows\System32\Wbem;C:\windows\System32\WindowsPowerShell\v1.0\;C:\windows\System32\OpenSSH\;C:\Program Files (x86)\NVIDIA Corporation\PhysX\Common;C:\Program Files\NVIDIA Corporation\NVIDIA NvDLISR;C:\Users\Administrator\AppData\Local\Microsoft\WindowsApps;C:\Program Files\HP\OMEN-Broadcast\Common;C:\Program Files\Java\jdk-21\bin;C:\Program Files\MySQL\MySQL Server 8.0\bin;C:\Program Files\nodejs\;C:\ProgramData\chocolatey\bin;C:\buildTool\apache-maven-3.9.6\bin;C:\Program Files\Git\cmd;C:\Users\victus\kube;C:\Program Files\Docker\Docker\resources\bin;C:\Program Files\Redis;C:\WINDOWS\system32;C:\WINDOWS;C:\WINDOWS\System32\Wbem;C:\WINDOWS\System32\WindowsPowerShell\v1.0\;C:\WINDOWS\System32\OpenSSH\;C:\Program Files\MongoDB\Server\8.2\bin;C:\Program Files\MySQL\MySQL Shell 8.0\bin\;C:\Users\victus\AppData\Local\Microsoft\WindowsApps;C:\Users\victus\AppData\Roaming\npm;C:\Users\victus\AppData\Local\Programs\Microsoft VS Code\bin;C:\Users\victus\AppData\Local\Programs\kubctl;C:\Users\victus\AppData\Local\Programs\Antigravity IDE\bin
USERNAME=victus
OS=Windows_NT
PROCESSOR_IDENTIFIER=AMD64 Family 25 Model 68 Stepping 1, AuthenticAMD
TMP=C:\Users\victus\AppData\Local\Temp
TEMP=C:\Users\victus\AppData\Local\Temp




Periodic native trim disabled

---------------  S Y S T E M  ---------------

OS:
 Windows 11 , 64 bit Build 26100 (10.0.26100.8737)
OS uptime: 7 days 2:06 hours
Hyper-V role detected

CPU: total 12 (initial active 12) (12 cores per cpu, 2 threads per core) family 25 model 68 stepping 1 microcode 0xa404107, cx8, cmov, fxsr, ht, mmx, 3dnowpref, sse, sse2, sse3, ssse3, sse4a, sse4.1, sse4.2, popcnt, lzcnt, tsc, tscinvbit, avx, avx2, aes, erms, clmul, bmi1, bmi2, adx, sha, fma, vzeroupper, clflush, clflushopt, hv, rdtscp, rdpid, fsrm, f16c, cet_ss
Processor Information for processor 0
  Max Mhz: 3301, Current Mhz: 2496, Mhz Limit: 3301
Processor Information for processor 1
  Max Mhz: 3301, Current Mhz: 3301, Mhz Limit: 3301
Processor Information for processor 2
  Max Mhz: 3301, Current Mhz: 3301, Mhz Limit: 3301
Processor Information for processor 3
  Max Mhz: 3301, Current Mhz: 2496, Mhz Limit: 3301
Processor Information for processor 4
  Max Mhz: 3301, Current Mhz: 2496, Mhz Limit: 3301
Processor Information for processor 5
  Max Mhz: 3301, Current Mhz: 3301, Mhz Limit: 3301
Processor Information for processor 6
  Max Mhz: 3301, Current Mhz: 2496, Mhz Limit: 3301
Processor Information for processor 7
  Max Mhz: 3301, Current Mhz: 2496, Mhz Limit: 3301
Processor Information for processor 8
  Max Mhz: 3301, Current Mhz: 3301, Mhz Limit: 3301
Processor Information for processor 9
  Max Mhz: 3301, Current Mhz: 3301, Mhz Limit: 3301
Processor Information for processor 10
  Max Mhz: 3301, Current Mhz: 2496, Mhz Limit: 3301
Processor Information for processor 11
  Max Mhz: 3301, Current Mhz: 2496, Mhz Limit: 3301

Memory: 4k page, system-wide physical 7381M (37M free)
TotalPageFile size 29909M (AvailPageFile size 8M)
current process WorkingSet (physical memory assigned to process): 7M, peak: 337M
current process commit charge ("private bytes"): 431M, peak: 467M

vm_info: OpenJDK 64-Bit Server VM (21.0.11+10-LTS) for windows-amd64 JRE (21.0.11+10-LTS), built on 2026-04-21T00:00:00Z by "admin" with MS VC++ 17.12 (VS2022)

END.
