2026-07-05 09:04:00 [main] INFO  c.m.p.ProductServiceApplication - Starting ProductServiceApplication using Java 21.0.2 with PID 37112 (D:\MadhurGram\product-service\target\classes started by victus in D:\MadhurGram\product-service)
2026-07-05 09:04:00 [main] INFO  c.m.p.ProductServiceApplication - No active profile set, falling back to 1 default profile: "default"
2026-07-05 09:04:00 [background-preinit] INFO  o.h.validator.internal.util.Version - HV000001: Hibernate Validator 9.1.0.Final
2026-07-05 09:04:01 [main] INFO  o.s.d.r.c.RepositoryConfigurationDelegate - Bootstrapping Spring Data JPA repositories in DEFAULT mode.
2026-07-05 09:04:01 [main] INFO  o.s.d.r.c.RepositoryConfigurationDelegate - Finished Spring Data repository scanning in 131 ms. Found 5 JPA repository interfaces.
2026-07-05 09:04:02 [main] INFO  o.s.boot.tomcat.TomcatWebServer - Tomcat initialized with port 8080 (http)
2026-07-05 09:04:02 [main] INFO  o.a.coyote.http11.Http11NioProtocol - Initializing ProtocolHandler ["http-nio-8080"]
2026-07-05 09:04:02 [main] INFO  o.a.catalina.core.StandardService - Starting service [Tomcat]
2026-07-05 09:04:02 [main] INFO  o.a.catalina.core.StandardEngine - Starting Servlet engine: [Apache Tomcat/11.0.22]
2026-07-05 09:04:02 [main] INFO  o.s.b.w.c.s.WebApplicationContextInitializer - Root WebApplicationContext: initialization completed in 2193 ms
2026-07-05 09:04:02 [main] INFO  org.hibernate.orm.jpa - HHH008540: Processing PersistenceUnitInfo [name: default]
2026-07-05 09:04:02 [main] INFO  org.hibernate.orm.core - HHH000001: Hibernate ORM core version 7.4.1.Final
2026-07-05 09:04:03 [main] INFO  o.s.o.j.p.SpringPersistenceUnitInfo - No LoadTimeWeaver setup: ignoring JPA class transformer
2026-07-05 09:04:03 [main] INFO  com.zaxxer.hikari.HikariDataSource - HikariPool-1 - Starting...
2026-07-05 09:04:04 [main] INFO  com.zaxxer.hikari.pool.HikariPool - HikariPool-1 - Added connection com.mysql.cj.jdbc.ConnectionImpl@6dcee890
2026-07-05 09:04:04 [main] INFO  com.zaxxer.hikari.HikariDataSource - HikariPool-1 - Start completed.
2026-07-05 09:04:04 [main] WARN  org.hibernate.orm.deprecation - HHH90000025: MySQLDialect does not need to be specified explicitly using 'hibernate.dialect' (remove the property setting and it will be selected by default)
2026-07-05 09:04:04 [main] INFO  o.hibernate.orm.connections.pooling - HHH10001005: Database info:
	Database JDBC URL [jdbc:mysql://localhost:3306/madhurgram_db?useSSL=false&serverTimezone=UTC&allowPublicKeyRetrieval=true]
	Database driver: MySQL Connector/J
	Database dialect: MySQLDialect
	Database version: 8.0.36
	Default catalog/schema: madhurgram_db/undefined
	Autocommit mode: undefined/unknown
	Isolation level: REPEATABLE_READ [default REPEATABLE_READ]
	JDBC fetch size: none
	Pool: DataSourceConnectionProvider
	Minimum pool size: undefined/unknown
	Maximum pool size: undefined/unknown
2026-07-05 09:04:05 [main] INFO  org.hibernate.orm.core - HHH000489: No JTA platform available (set 'hibernate.transaction.jta.platform' to enable JTA platform integration)
2026-07-05 09:04:05 [main] INFO  o.s.o.j.LocalContainerEntityManagerFactoryBean - Initialized JPA EntityManagerFactory for persistence unit 'default'
2026-07-05 09:04:05 [main] INFO  o.s.d.j.r.q.QueryEnhancerFactories - Hibernate is in classpath; If applicable, HQL parser will be used.
2026-07-05 09:04:07 [main] WARN  o.s.b.j.a.JpaBaseConfiguration$JpaWebConfiguration - spring.jpa.open-in-view is enabled by default. Therefore, database queries may be performed during view rendering. Explicitly configure spring.jpa.open-in-view to disable this warning
2026-07-05 09:04:07 [main] WARN  o.s.b.s.a.UserDetailsServiceAutoConfiguration - 

Using generated security password: b8032871-034f-4789-8ce7-c271157ad850

This generated password is for development use only. Your security configuration must be updated before running your application in production.

2026-07-05 09:04:07 [main] INFO  o.s.s.c.a.a.c.InitializeUserDetailsBeanManagerConfigurer$InitializeUserDetailsManagerConfigurer - Global AuthenticationManager configured with UserDetailsService bean with name inMemoryUserDetailsManager
2026-07-05 09:04:08 [main] INFO  o.a.coyote.http11.Http11NioProtocol - Starting ProtocolHandler ["http-nio-8080"]
2026-07-05 09:04:08 [main] INFO  o.s.boot.tomcat.TomcatWebServer - Tomcat started on port 8080 (http) with context path '/'
2026-07-05 09:04:08 [main] INFO  c.m.p.ProductServiceApplication - Started ProductServiceApplication in 8.947 seconds (process running for 9.511)
2026-07-05 09:05:19 [http-nio-8080-exec-1] INFO  o.a.c.c.C.[Tomcat].[localhost].[/] - Initializing Spring DispatcherServlet 'dispatcherServlet'
2026-07-05 09:05:19 [http-nio-8080-exec-1] INFO  o.s.web.servlet.DispatcherServlet - Initializing Servlet 'dispatcherServlet'
2026-07-05 09:05:19 [http-nio-8080-exec-1] INFO  o.s.web.servlet.DispatcherServlet - Completed initialization in 16 ms
2026-07-05 09:05:20 [http-nio-8080-exec-2] INFO  c.m.p.auth.controller.AuthController - Received login attempt for username: admin
2026-07-05 09:05:20 [http-nio-8080-exec-2] INFO  c.m.p.auth.controller.AuthController - Login successful for username: admin
2026-07-05 09:06:05 [http-nio-8080-exec-3] INFO  c.m.p.o.controller.OrderController - Received request to fetch all orders
2026-07-05 09:06:05 [http-nio-8080-exec-3] INFO  c.m.p.o.s.impl.OrderServiceImpl - Fetching all orders with their items in a single query.
2026-07-05 09:06:06 [http-nio-8080-exec-3] INFO  c.m.p.o.controller.OrderController - Successfully fetched 14 orders
2026-07-05 09:06:06 [http-nio-8080-exec-5] INFO  c.m.p.o.controller.OrderController - Received request to fetch all orders
2026-07-05 09:06:06 [http-nio-8080-exec-5] INFO  c.m.p.o.s.impl.OrderServiceImpl - Fetching all orders with their items in a single query.
2026-07-05 09:06:06 [http-nio-8080-exec-5] INFO  c.m.p.o.controller.OrderController - Successfully fetched 14 orders
2026-07-05 09:06:42 [http-nio-8080-exec-6] INFO  c.m.p.c.c.AdminAbandonedCartController - Received request to fetch admin abandoned carts older than 30 minutes
2026-07-05 09:06:42 [http-nio-8080-exec-6] INFO  c.m.p.c.s.i.AbandonedCartServiceImpl - Fetching unrecovered carts inactive since before: 2026-07-05T08:36:42.086240600
2026-07-05 09:06:42 [http-nio-8080-exec-9] INFO  c.m.p.c.c.AdminAbandonedCartController - Received request to fetch admin abandoned carts older than 30 minutes
2026-07-05 09:06:42 [http-nio-8080-exec-9] INFO  c.m.p.c.s.i.AbandonedCartServiceImpl - Fetching unrecovered carts inactive since before: 2026-07-05T08:36:42.222976
2026-07-05 09:06:53 [http-nio-8080-exec-10] INFO  c.m.p.c.c.AdminAbandonedCartController - Received request to fetch admin abandoned carts older than 30 minutes
2026-07-05 09:06:53 [http-nio-8080-exec-10] INFO  c.m.p.c.s.i.AbandonedCartServiceImpl - Fetching unrecovered carts inactive since before: 2026-07-05T08:36:53.822990
2026-07-05 09:06:55 [http-nio-8080-exec-1] INFO  c.m.p.c.c.AdminAbandonedCartController - Received request to fetch admin abandoned carts older than 30 minutes
2026-07-05 09:06:55 [http-nio-8080-exec-1] INFO  c.m.p.c.s.i.AbandonedCartServiceImpl - Fetching unrecovered carts inactive since before: 2026-07-05T08:36:55.232906500
2026-07-05 09:07:12 [http-nio-8080-exec-2] INFO  c.m.p.p.controller.ProductController - Received request to fetch products for category: shop-all
2026-07-05 09:07:12 [http-nio-8080-exec-2] INFO  c.m.p.p.controller.ProductController - Successfully fetched 7 products for category: shop-all
2026-07-05 09:07:36 [http-nio-8080-exec-7] INFO  c.m.p.cart.controller.CartController - Received request to sync/update cart for phone: 8770242812
2026-07-05 09:07:36 [http-nio-8080-exec-7] INFO  c.m.p.c.s.i.AbandonedCartServiceImpl - Updating cart state for phone number: 8770242812
2026-07-05 09:07:36 [http-nio-8080-exec-7] INFO  c.m.p.c.s.i.AbandonedCartServiceImpl - No active cart session found. Creating a new tracking manifest.
2026-07-05 09:07:36 [http-nio-8080-exec-7] INFO  c.m.p.c.s.i.AbandonedCartServiceImpl - Saved cart tracking manifest with ID: 1
2026-07-05 09:07:42 [http-nio-8080-exec-8] INFO  c.m.p.cart.controller.CartController - Received request to sync/update cart for phone: 8770242812
2026-07-05 09:07:42 [http-nio-8080-exec-8] INFO  c.m.p.c.s.i.AbandonedCartServiceImpl - Updating cart state for phone number: 8770242812
2026-07-05 09:07:42 [http-nio-8080-exec-8] INFO  c.m.p.c.s.i.AbandonedCartServiceImpl - Existing unrecovered cart found (ID: 1). Updating items and total.
2026-07-05 09:07:42 [http-nio-8080-exec-8] INFO  c.m.p.c.s.i.AbandonedCartServiceImpl - Saved cart tracking manifest with ID: 1
2026-07-05 09:07:45 [http-nio-8080-exec-10] INFO  c.m.p.cart.controller.CartController - Received request to sync/update cart for phone: 8770242812
2026-07-05 09:07:45 [http-nio-8080-exec-10] INFO  c.m.p.c.s.i.AbandonedCartServiceImpl - Updating cart state for phone number: 8770242812
2026-07-05 09:07:45 [http-nio-8080-exec-10] INFO  c.m.p.c.s.i.AbandonedCartServiceImpl - Existing unrecovered cart found (ID: 1). Updating items and total.
2026-07-05 09:07:45 [http-nio-8080-exec-10] INFO  c.m.p.c.s.i.AbandonedCartServiceImpl - Saved cart tracking manifest with ID: 1
2026-07-05 09:07:51 [http-nio-8080-exec-2] INFO  c.m.p.o.controller.OrderController - Received request to place order for customer: Neeraj (Phone: 8770242812)
2026-07-05 09:07:51 [http-nio-8080-exec-2] INFO  c.m.p.o.s.impl.OrderServiceImpl - Processing order placement for customer: Neeraj
2026-07-05 09:07:51 [http-nio-8080-exec-2] INFO  c.m.p.o.s.impl.OrderServiceImpl - Deducting stock for Product ID: 3, Quantity: 1
2026-07-05 09:07:51 [http-nio-8080-exec-2] INFO  c.m.p.p.s.impl.ProductServiceImpl - Attempting to deduct stock for product ID: 3 (Quantity: 1)
2026-07-05 09:07:51 [http-nio-8080-exec-2] INFO  c.m.p.p.s.impl.ProductServiceImpl - Successfully deducted stock for product ID: 3 (Quantity: 1)
2026-07-05 09:07:52 [http-nio-8080-exec-2] INFO  c.m.p.o.s.impl.OrderServiceImpl - Order saved in database with ID: 15
2026-07-05 09:07:52 [http-nio-8080-exec-2] INFO  c.m.p.o.s.impl.OrderServiceImpl - Triggering cart recovery finalization for phone: 8770242812
2026-07-05 09:07:52 [http-nio-8080-exec-2] INFO  c.m.p.c.s.i.AbandonedCartServiceImpl - Attempting to mark cart as recovered for phone number: 8770242812
2026-07-05 09:07:52 [http-nio-8080-exec-2] INFO  c.m.p.c.s.i.AbandonedCartServiceImpl - Successfully marked cart ID: 1 as recovered for phone: 8770242812
2026-07-05 09:07:52 [http-nio-8080-exec-2] INFO  c.m.p.o.controller.OrderController - Order placed successfully with ID: 15
2026-07-05 09:07:56 [http-nio-8080-exec-3] INFO  c.m.p.p.controller.ProductController - Received request to fetch products for category: shop-all
2026-07-05 09:07:56 [http-nio-8080-exec-3] INFO  c.m.p.p.controller.ProductController - Successfully fetched 7 products for category: shop-all
2026-07-05 09:08:06 [http-nio-8080-exec-4] INFO  c.m.p.c.c.AdminAbandonedCartController - Received request to fetch admin abandoned carts older than 30 minutes
2026-07-05 09:08:06 [http-nio-8080-exec-4] INFO  c.m.p.c.s.i.AbandonedCartServiceImpl - Fetching unrecovered carts inactive since before: 2026-07-05T08:38:06.951431600
2026-07-05 09:08:15 [http-nio-8080-exec-2] INFO  c.m.p.c.c.AdminAbandonedCartController - Received request to fetch admin abandoned carts older than 30 minutes
2026-07-05 09:08:15 [http-nio-8080-exec-2] INFO  c.m.p.c.s.i.AbandonedCartServiceImpl - Fetching unrecovered carts inactive since before: 2026-07-05T08:38:15.001770300
2026-07-05 09:08:15 [http-nio-8080-exec-3] INFO  c.m.p.c.c.AdminAbandonedCartController - Received request to fetch admin abandoned carts older than 30 minutes
2026-07-05 09:08:15 [http-nio-8080-exec-3] INFO  c.m.p.c.s.i.AbandonedCartServiceImpl - Fetching unrecovered carts inactive since before: 2026-07-05T08:38:15.021717100
2026-07-05 09:14:08 [http-nio-8080-exec-10] INFO  c.m.p.c.c.AdminAbandonedCartController - Received request to fetch admin abandoned carts older than 30 minutes
2026-07-05 09:14:08 [http-nio-8080-exec-10] INFO  c.m.p.c.s.i.AbandonedCartServiceImpl - Fetching unrecovered carts inactive since before: 2026-07-05T08:44:08.249805200
2026-07-05 09:14:08 [http-nio-8080-exec-2] INFO  c.m.p.c.c.AdminAbandonedCartController - Received request to fetch admin abandoned carts older than 30 minutes
2026-07-05 09:14:08 [http-nio-8080-exec-2] INFO  c.m.p.c.s.i.AbandonedCartServiceImpl - Fetching unrecovered carts inactive since before: 2026-07-05T08:44:08.279506900
2026-07-05 09:14:10 [http-nio-8080-exec-3] INFO  c.m.p.c.c.AdminAbandonedCartController - Received request to fetch admin abandoned carts older than 30 minutes
2026-07-05 09:14:10 [http-nio-8080-exec-3] INFO  c.m.p.c.s.i.AbandonedCartServiceImpl - Fetching unrecovered carts inactive since before: 2026-07-05T08:44:10.770228300
2026-07-05 09:14:16 [http-nio-8080-exec-4] INFO  c.m.p.c.c.AdminAbandonedCartController - Received request to fetch admin abandoned carts older than 30 minutes
2026-07-05 09:14:16 [http-nio-8080-exec-4] INFO  c.m.p.c.s.i.AbandonedCartServiceImpl - Fetching unrecovered carts inactive since before: 2026-07-05T08:44:16.086360700
2026-07-05 09:14:19 [http-nio-8080-exec-6] INFO  c.m.p.c.c.AdminAbandonedCartController - Received request to fetch admin abandoned carts older than 30 minutes
2026-07-05 09:14:19 [http-nio-8080-exec-6] INFO  c.m.p.c.s.i.AbandonedCartServiceImpl - Fetching unrecovered carts inactive since before: 2026-07-05T08:44:19.678590400
2026-07-05 09:14:20 [http-nio-8080-exec-7] INFO  c.m.p.c.c.AdminAbandonedCartController - Received request to fetch admin abandoned carts older than 30 minutes
2026-07-05 09:14:20 [http-nio-8080-exec-7] INFO  c.m.p.c.s.i.AbandonedCartServiceImpl - Fetching unrecovered carts inactive since before: 2026-07-05T08:44:20.580197200
2026-07-05 09:14:57 [http-nio-8080-exec-8] INFO  c.m.p.c.c.AdminAbandonedCartController - Received request to fetch admin abandoned carts older than 30 minutes
2026-07-05 09:14:57 [http-nio-8080-exec-8] INFO  c.m.p.c.s.i.AbandonedCartServiceImpl - Fetching unrecovered carts inactive since before: 2026-07-05T08:44:57.764600700
2026-07-05 09:14:59 [http-nio-8080-exec-1] INFO  c.m.p.c.c.AdminAbandonedCartController - Received request to fetch admin abandoned carts older than 30 minutes
2026-07-05 09:14:59 [http-nio-8080-exec-1] INFO  c.m.p.c.s.i.AbandonedCartServiceImpl - Fetching unrecovered carts inactive since before: 2026-07-05T08:44:59.069752200
2026-07-05 09:15:00 [http-nio-8080-exec-10] INFO  c.m.p.c.c.AdminAbandonedCartController - Received request to fetch admin abandoned carts older than 30 minutes
2026-07-05 09:15:00 [http-nio-8080-exec-10] INFO  c.m.p.c.s.i.AbandonedCartServiceImpl - Fetching unrecovered carts inactive since before: 2026-07-05T08:45:00.030724100
2026-07-05 09:15:44 [http-nio-8080-exec-5] INFO  c.m.p.c.c.AdminAbandonedCartController - Received request to fetch admin abandoned carts older than 30 minutes
2026-07-05 09:15:44 [http-nio-8080-exec-5] INFO  c.m.p.c.s.i.AbandonedCartServiceImpl - Fetching unrecovered carts inactive since before: 2026-07-05T08:45:44.598160600
2026-07-05 09:15:45 [http-nio-8080-exec-4] INFO  c.m.p.c.c.AdminAbandonedCartController - Received request to fetch admin abandoned carts older than 30 minutes
2026-07-05 09:15:45 [http-nio-8080-exec-4] INFO  c.m.p.c.s.i.AbandonedCartServiceImpl - Fetching unrecovered carts inactive since before: 2026-07-05T08:45:45.713048200
2026-07-05 09:15:55 [http-nio-8080-exec-6] INFO  c.m.p.c.c.AdminAbandonedCartController - Received request to fetch admin abandoned carts older than 30 minutes
2026-07-05 09:15:55 [http-nio-8080-exec-6] INFO  c.m.p.c.s.i.AbandonedCartServiceImpl - Fetching unrecovered carts inactive since before: 2026-07-05T08:45:55.507981600
2026-07-05 09:15:55 [http-nio-8080-exec-7] INFO  c.m.p.c.c.AdminAbandonedCartController - Received request to fetch admin abandoned carts older than 30 minutes
2026-07-05 09:15:55 [http-nio-8080-exec-7] INFO  c.m.p.c.s.i.AbandonedCartServiceImpl - Fetching unrecovered carts inactive since before: 2026-07-05T08:45:55.534409
2026-07-05 09:15:58 [http-nio-8080-exec-10] INFO  c.m.p.c.c.AdminAbandonedCartController - Received request to fetch admin abandoned carts older than 30 minutes
2026-07-05 09:15:58 [http-nio-8080-exec-10] INFO  c.m.p.c.s.i.AbandonedCartServiceImpl - Fetching unrecovered carts inactive since before: 2026-07-05T08:45:58.649024600
2026-07-05 09:16:01 [http-nio-8080-exec-3] INFO  c.m.p.c.c.AdminAbandonedCartController - Received request to fetch admin abandoned carts older than 60 minutes
2026-07-05 09:16:01 [http-nio-8080-exec-3] INFO  c.m.p.c.s.i.AbandonedCartServiceImpl - Fetching unrecovered carts inactive since before: 2026-07-05T08:16:01.146398900
2026-07-05 09:16:03 [http-nio-8080-exec-5] INFO  c.m.p.c.c.AdminAbandonedCartController - Received request to fetch admin abandoned carts older than 30 minutes
2026-07-05 09:16:03 [http-nio-8080-exec-5] INFO  c.m.p.c.s.i.AbandonedCartServiceImpl - Fetching unrecovered carts inactive since before: 2026-07-05T08:46:03.371116300
2026-07-05 09:17:13 [http-nio-8080-exec-3] INFO  c.m.p.cart.controller.CartController - Received request to sync/update cart for phone: 8770242812
2026-07-05 09:17:13 [http-nio-8080-exec-3] INFO  c.m.p.c.s.i.AbandonedCartServiceImpl - Updating cart state for phone number: 8770242812
2026-07-05 09:17:13 [http-nio-8080-exec-3] INFO  c.m.p.c.s.i.AbandonedCartServiceImpl - No active cart session found. Creating a new tracking manifest.
2026-07-05 09:17:13 [http-nio-8080-exec-3] INFO  c.m.p.c.s.i.AbandonedCartServiceImpl - Saved cart tracking manifest with ID: 2
2026-07-05 09:17:28 [http-nio-8080-exec-9] INFO  c.m.p.cart.controller.CartController - Received request to sync/update cart for phone: 8770242812
2026-07-05 09:17:28 [http-nio-8080-exec-9] INFO  c.m.p.c.s.i.AbandonedCartServiceImpl - Updating cart state for phone number: 8770242812
2026-07-05 09:17:28 [http-nio-8080-exec-9] INFO  c.m.p.c.s.i.AbandonedCartServiceImpl - Existing unrecovered cart found (ID: 2). Updating items and total.
2026-07-05 09:17:28 [http-nio-8080-exec-9] INFO  c.m.p.c.s.i.AbandonedCartServiceImpl - Saved cart tracking manifest with ID: 2
2026-07-05 09:17:34 [http-nio-8080-exec-1] INFO  c.m.p.cart.controller.CartController - Received request to sync/update cart for phone: 8770242812
2026-07-05 09:17:34 [http-nio-8080-exec-1] INFO  c.m.p.c.s.i.AbandonedCartServiceImpl - Updating cart state for phone number: 8770242812
2026-07-05 09:17:34 [http-nio-8080-exec-1] INFO  c.m.p.c.s.i.AbandonedCartServiceImpl - Existing unrecovered cart found (ID: 2). Updating items and total.
2026-07-05 09:17:34 [http-nio-8080-exec-1] INFO  c.m.p.c.s.i.AbandonedCartServiceImpl - Saved cart tracking manifest with ID: 2
2026-07-05 09:18:33 [http-nio-8080-exec-6] INFO  c.m.p.c.c.AdminAbandonedCartController - Received request to fetch admin abandoned carts older than 30 minutes
2026-07-05 09:18:33 [http-nio-8080-exec-6] INFO  c.m.p.c.s.i.AbandonedCartServiceImpl - Fetching unrecovered carts inactive since before: 2026-07-05T08:48:33.493547600
2026-07-05 09:18:33 [http-nio-8080-exec-9] INFO  c.m.p.c.c.AdminAbandonedCartController - Received request to fetch admin abandoned carts older than 30 minutes
2026-07-05 09:18:33 [http-nio-8080-exec-9] INFO  c.m.p.c.s.i.AbandonedCartServiceImpl - Fetching unrecovered carts inactive since before: 2026-07-05T08:48:33.504761600
2026-07-05 09:18:35 [http-nio-8080-exec-8] INFO  c.m.p.c.c.AdminAbandonedCartController - Received request to fetch admin abandoned carts older than 30 minutes
2026-07-05 09:18:35 [http-nio-8080-exec-8] INFO  c.m.p.c.s.i.AbandonedCartServiceImpl - Fetching unrecovered carts inactive since before: 2026-07-05T08:48:35.334736500
2026-07-05 09:18:36 [http-nio-8080-exec-1] INFO  c.m.p.c.c.AdminAbandonedCartController - Received request to fetch admin abandoned carts older than 30 minutes
2026-07-05 09:18:36 [http-nio-8080-exec-1] INFO  c.m.p.c.s.i.AbandonedCartServiceImpl - Fetching unrecovered carts inactive since before: 2026-07-05T08:48:36.117272
2026-07-05 09:18:40 [http-nio-8080-exec-7] INFO  c.m.p.c.c.AdminAbandonedCartController - Received request to fetch admin abandoned carts older than 30 minutes
2026-07-05 09:18:40 [http-nio-8080-exec-7] INFO  c.m.p.c.s.i.AbandonedCartServiceImpl - Fetching unrecovered carts inactive since before: 2026-07-05T08:48:40.488976900
2026-07-05 09:22:09 [http-nio-8080-exec-5] INFO  c.m.p.c.c.AdminAbandonedCartController - Received request to fetch admin abandoned carts older than 30 minutes
2026-07-05 09:22:09 [http-nio-8080-exec-5] INFO  c.m.p.c.s.i.AbandonedCartServiceImpl - Fetching unrecovered carts inactive since before: 2026-07-05T08:52:09.781423800
2026-07-05 09:23:56 [http-nio-8080-exec-8] INFO  c.m.p.cart.controller.CartController - Received request to sync/update cart for phone: 8770242812
2026-07-05 09:23:56 [http-nio-8080-exec-8] INFO  c.m.p.c.s.i.AbandonedCartServiceImpl - Updating cart state for phone number: 8770242812
2026-07-05 09:23:56 [http-nio-8080-exec-8] INFO  c.m.p.c.s.i.AbandonedCartServiceImpl - No active cart session found. Creating a new tracking manifest.
2026-07-05 09:23:56 [http-nio-8080-exec-8] INFO  c.m.p.c.s.i.AbandonedCartServiceImpl - Saved cart tracking manifest with ID: 1
2026-07-05 09:24:36 [http-nio-8080-exec-7] INFO  c.m.p.cart.controller.CartController - Received request to sync/update cart for phone: 8303081247
2026-07-05 09:24:36 [http-nio-8080-exec-7] INFO  c.m.p.c.s.i.AbandonedCartServiceImpl - Updating cart state for phone number: 8303081247
2026-07-05 09:24:36 [http-nio-8080-exec-7] INFO  c.m.p.c.s.i.AbandonedCartServiceImpl - No active cart session found. Creating a new tracking manifest.
2026-07-05 09:24:36 [http-nio-8080-exec-7] INFO  c.m.p.c.s.i.AbandonedCartServiceImpl - Saved cart tracking manifest with ID: 2
2026-07-05 09:24:39 [http-nio-8080-exec-4] INFO  c.m.p.cart.controller.CartController - Received request to sync/update cart for phone: 8303081247
2026-07-05 09:24:39 [http-nio-8080-exec-4] INFO  c.m.p.c.s.i.AbandonedCartServiceImpl - Updating cart state for phone number: 8303081247
2026-07-05 09:24:39 [http-nio-8080-exec-4] INFO  c.m.p.c.s.i.AbandonedCartServiceImpl - Existing unrecovered cart found (ID: 2). Updating items and total.
2026-07-05 09:24:39 [http-nio-8080-exec-4] INFO  c.m.p.c.s.i.AbandonedCartServiceImpl - Saved cart tracking manifest with ID: 2
2026-07-05 09:24:39 [http-nio-8080-exec-3] INFO  c.m.p.cart.controller.CartController - Received request to sync/update cart for phone: 8303081247
2026-07-05 09:24:39 [http-nio-8080-exec-3] INFO  c.m.p.c.s.i.AbandonedCartServiceImpl - Updating cart state for phone number: 8303081247
2026-07-05 09:24:39 [http-nio-8080-exec-3] INFO  c.m.p.c.s.i.AbandonedCartServiceImpl - Existing unrecovered cart found (ID: 2). Updating items and total.
2026-07-05 09:24:39 [http-nio-8080-exec-3] INFO  c.m.p.c.s.i.AbandonedCartServiceImpl - Saved cart tracking manifest with ID: 2
2026-07-05 09:24:41 [http-nio-8080-exec-5] INFO  c.m.p.cart.controller.CartController - Received request to sync/update cart for phone: 8303081247
2026-07-05 09:24:41 [http-nio-8080-exec-5] INFO  c.m.p.c.s.i.AbandonedCartServiceImpl - Updating cart state for phone number: 8303081247
2026-07-05 09:24:41 [http-nio-8080-exec-5] INFO  c.m.p.c.s.i.AbandonedCartServiceImpl - Existing unrecovered cart found (ID: 2). Updating items and total.
2026-07-05 09:24:41 [http-nio-8080-exec-5] INFO  c.m.p.c.s.i.AbandonedCartServiceImpl - Saved cart tracking manifest with ID: 2
2026-07-05 09:27:06 [http-nio-8080-exec-8] INFO  c.m.p.c.c.AdminAbandonedCartController - Received request to fetch admin abandoned carts older than 30 minutes
2026-07-05 09:27:06 [http-nio-8080-exec-8] INFO  c.m.p.c.s.i.AbandonedCartServiceImpl - Fetching unrecovered carts inactive since before: 2026-07-05T08:57:06.505375100
2026-07-05 09:27:07 [http-nio-8080-exec-1] INFO  c.m.p.c.c.AdminAbandonedCartController - Received request to fetch admin abandoned carts older than 30 minutes
2026-07-05 09:27:07 [http-nio-8080-exec-1] INFO  c.m.p.c.s.i.AbandonedCartServiceImpl - Fetching unrecovered carts inactive since before: 2026-07-05T08:57:07.825127200
2026-07-05 09:27:10 [http-nio-8080-exec-10] INFO  c.m.p.c.c.AdminAbandonedCartController - Received request to fetch admin abandoned carts older than 30 minutes
2026-07-05 09:27:10 [http-nio-8080-exec-10] INFO  c.m.p.c.s.i.AbandonedCartServiceImpl - Fetching unrecovered carts inactive since before: 2026-07-05T08:57:10.123176300
2026-07-05 09:27:10 [http-nio-8080-exec-7] INFO  c.m.p.c.c.AdminAbandonedCartController - Received request to fetch admin abandoned carts older than 30 minutes
2026-07-05 09:27:10 [http-nio-8080-exec-7] INFO  c.m.p.c.s.i.AbandonedCartServiceImpl - Fetching unrecovered carts inactive since before: 2026-07-05T08:57:10.777221500
2026-07-05 09:27:18 [http-nio-8080-exec-8] INFO  c.m.p.c.c.AdminAbandonedCartController - Received request to fetch admin abandoned carts older than 30 minutes
2026-07-05 09:27:18 [http-nio-8080-exec-8] INFO  c.m.p.c.s.i.AbandonedCartServiceImpl - Fetching unrecovered carts inactive since before: 2026-07-05T08:57:18.225187100
2026-07-05 09:27:18 [http-nio-8080-exec-1] INFO  c.m.p.c.c.AdminAbandonedCartController - Received request to fetch admin abandoned carts older than 30 minutes
2026-07-05 09:27:18 [http-nio-8080-exec-1] INFO  c.m.p.c.s.i.AbandonedCartServiceImpl - Fetching unrecovered carts inactive since before: 2026-07-05T08:57:18.241765200
2026-07-05 09:29:08 [http-nio-8080-exec-2] INFO  c.m.p.auth.controller.AuthController - Received login attempt for username: admin
2026-07-05 09:29:08 [http-nio-8080-exec-2] INFO  c.m.p.auth.controller.AuthController - Login successful for username: admin
2026-07-05 09:29:55 [http-nio-8080-exec-6] INFO  c.m.p.auth.controller.AuthController - Received login attempt for username: admin
2026-07-05 09:29:55 [http-nio-8080-exec-6] INFO  c.m.p.auth.controller.AuthController - Login successful for username: admin
2026-07-05 09:30:08 [http-nio-8080-exec-2] INFO  c.m.p.c.c.AdminAbandonedCartController - Received request to fetch admin abandoned carts older than 30 minutes
2026-07-05 09:30:08 [http-nio-8080-exec-2] INFO  c.m.p.c.s.i.AbandonedCartServiceImpl - Fetching unrecovered carts inactive since before: 2026-07-05T09:00:08.081258500
2026-07-05 09:30:08 [http-nio-8080-exec-5] INFO  c.m.p.c.c.AdminAbandonedCartController - Received request to fetch admin abandoned carts older than 30 minutes
2026-07-05 09:30:08 [http-nio-8080-exec-5] INFO  c.m.p.c.s.i.AbandonedCartServiceImpl - Fetching unrecovered carts inactive since before: 2026-07-05T09:00:08.253678300
2026-07-05 09:30:29 [http-nio-8080-exec-6] INFO  c.m.p.c.c.AdminAbandonedCartController - Received request to fetch admin abandoned carts older than 30 minutes
2026-07-05 09:30:29 [http-nio-8080-exec-6] INFO  c.m.p.c.s.i.AbandonedCartServiceImpl - Fetching unrecovered carts inactive since before: 2026-07-05T09:00:29.032215700
2026-07-05 09:32:56 [http-nio-8080-exec-9] INFO  c.m.p.c.c.AdminAbandonedCartController - Received request to fetch admin abandoned carts older than 30 minutes
2026-07-05 09:32:56 [http-nio-8080-exec-9] INFO  c.m.p.c.s.i.AbandonedCartServiceImpl - Fetching unrecovered carts inactive since before: 2026-07-05T09:02:56.146559
2026-07-05 09:32:56 [http-nio-8080-exec-6] INFO  c.m.p.c.c.AdminAbandonedCartController - Received request to fetch admin abandoned carts older than 30 minutes
2026-07-05 09:32:56 [http-nio-8080-exec-6] INFO  c.m.p.c.s.i.AbandonedCartServiceImpl - Fetching unrecovered carts inactive since before: 2026-07-05T09:02:56.239059800
2026-07-05 09:41:56 [http-nio-8080-exec-2] INFO  c.m.p.c.c.AdminAbandonedCartController - Received request to fetch admin abandoned carts older than 30 minutes
2026-07-05 09:41:56 [http-nio-8080-exec-9] INFO  c.m.p.c.c.AdminAbandonedCartController - Received request to fetch admin abandoned carts older than 30 minutes
2026-07-05 09:41:56 [http-nio-8080-exec-9] INFO  c.m.p.c.s.i.AbandonedCartServiceImpl - Fetching unrecovered carts inactive since before: 2026-07-05T09:11:56.708912900
2026-07-05 09:41:56 [http-nio-8080-exec-2] INFO  c.m.p.c.s.i.AbandonedCartServiceImpl - Fetching unrecovered carts inactive since before: 2026-07-05T09:11:56.708912900
2026-07-05 09:44:25 [main] INFO  c.m.p.ProductServiceApplication - Starting ProductServiceApplication using Java 21.0.2 with PID 12000 (D:\MadhurGram\product-service\target\classes started by victus in D:\MadhurGram\product-service)
2026-07-05 09:44:25 [main] INFO  c.m.p.ProductServiceApplication - No active profile set, falling back to 1 default profile: "default"
2026-07-05 09:44:25 [background-preinit] INFO  o.h.validator.internal.util.Version - HV000001: Hibernate Validator 9.1.0.Final
2026-07-05 09:44:26 [main] INFO  o.s.d.r.c.RepositoryConfigurationDelegate - Bootstrapping Spring Data JPA repositories in DEFAULT mode.
2026-07-05 09:44:26 [main] INFO  o.s.d.r.c.RepositoryConfigurationDelegate - Finished Spring Data repository scanning in 122 ms. Found 6 JPA repository interfaces.
2026-07-05 09:44:27 [main] INFO  o.s.boot.tomcat.TomcatWebServer - Tomcat initialized with port 8080 (http)
2026-07-05 09:44:27 [main] INFO  o.a.coyote.http11.Http11NioProtocol - Initializing ProtocolHandler ["http-nio-8080"]
2026-07-05 09:44:27 [main] INFO  o.a.catalina.core.StandardService - Starting service [Tomcat]
2026-07-05 09:44:27 [main] INFO  o.a.catalina.core.StandardEngine - Starting Servlet engine: [Apache Tomcat/11.0.22]
2026-07-05 09:44:27 [main] INFO  o.s.b.w.c.s.WebApplicationContextInitializer - Root WebApplicationContext: initialization completed in 2083 ms
2026-07-05 09:44:27 [main] INFO  org.hibernate.orm.jpa - HHH008540: Processing PersistenceUnitInfo [name: default]
2026-07-05 09:44:27 [main] INFO  org.hibernate.orm.core - HHH000001: Hibernate ORM core version 7.4.1.Final
2026-07-05 09:44:28 [main] INFO  o.s.o.j.p.SpringPersistenceUnitInfo - No LoadTimeWeaver setup: ignoring JPA class transformer
2026-07-05 09:44:28 [main] INFO  com.zaxxer.hikari.HikariDataSource - HikariPool-1 - Starting...
2026-07-05 09:44:28 [main] INFO  com.zaxxer.hikari.pool.HikariPool - HikariPool-1 - Added connection com.mysql.cj.jdbc.ConnectionImpl@3e595da3
2026-07-05 09:44:28 [main] INFO  com.zaxxer.hikari.HikariDataSource - HikariPool-1 - Start completed.
2026-07-05 09:44:28 [main] WARN  org.hibernate.orm.deprecation - HHH90000025: MySQLDialect does not need to be specified explicitly using 'hibernate.dialect' (remove the property setting and it will be selected by default)
2026-07-05 09:44:28 [main] INFO  o.hibernate.orm.connections.pooling - HHH10001005: Database info:
	Database JDBC URL [jdbc:mysql://localhost:3306/madhurgram_db?useSSL=false&serverTimezone=UTC&allowPublicKeyRetrieval=true]
	Database driver: MySQL Connector/J
	Database dialect: MySQLDialect
	Database version: 8.0.36
	Default catalog/schema: madhurgram_db/undefined
	Autocommit mode: undefined/unknown
	Isolation level: REPEATABLE_READ [default REPEATABLE_READ]
	JDBC fetch size: none
	Pool: DataSourceConnectionProvider
	Minimum pool size: undefined/unknown
	Maximum pool size: undefined/unknown
2026-07-05 09:44:30 [main] INFO  org.hibernate.orm.core - HHH000489: No JTA platform available (set 'hibernate.transaction.jta.platform' to enable JTA platform integration)
2026-07-05 09:44:30 [main] INFO  o.s.o.j.LocalContainerEntityManagerFactoryBean - Initialized JPA EntityManagerFactory for persistence unit 'default'
2026-07-05 09:44:30 [main] INFO  o.s.d.j.r.q.QueryEnhancerFactories - Hibernate is in classpath; If applicable, HQL parser will be used.
2026-07-05 09:44:32 [main] WARN  o.s.b.j.a.JpaBaseConfiguration$JpaWebConfiguration - spring.jpa.open-in-view is enabled by default. Therefore, database queries may be performed during view rendering. Explicitly configure spring.jpa.open-in-view to disable this warning
2026-07-05 09:44:32 [main] WARN  o.s.b.s.a.UserDetailsServiceAutoConfiguration - 

Using generated security password: 14de2aae-dd80-43af-8d91-2e61432a97e5

This generated password is for development use only. Your security configuration must be updated before running your application in production.

2026-07-05 09:44:32 [main] INFO  o.s.s.c.a.a.c.InitializeUserDetailsBeanManagerConfigurer$InitializeUserDetailsManagerConfigurer - Global AuthenticationManager configured with UserDetailsService bean with name inMemoryUserDetailsManager
2026-07-05 09:44:33 [main] INFO  o.a.coyote.http11.Http11NioProtocol - Starting ProtocolHandler ["http-nio-8080"]
2026-07-05 09:44:33 [main] INFO  o.s.boot.tomcat.TomcatWebServer - Tomcat started on port 8080 (http) with context path '/'
2026-07-05 09:44:33 [main] INFO  c.m.p.ProductServiceApplication - Started ProductServiceApplication in 8.757 seconds (process running for 9.299)
2026-07-05 09:44:33 [scheduling-1] INFO  c.m.p.c.s.AbandonedCartScheduler - Scheduled task triggered: runAbandonedCartRecovery
2026-07-05 09:44:33 [scheduling-1] INFO  c.m.p.c.s.i.AbandonedCartServiceImpl - Automated Cart Recovery (Auto-Pilot) is disabled. Skipping dispatch.
2026-07-05 09:45:05 [http-nio-8080-exec-1] INFO  o.a.c.c.C.[Tomcat].[localhost].[/] - Initializing Spring DispatcherServlet 'dispatcherServlet'
2026-07-05 09:45:05 [http-nio-8080-exec-1] INFO  o.s.web.servlet.DispatcherServlet - Initializing Servlet 'dispatcherServlet'
2026-07-05 09:45:05 [http-nio-8080-exec-1] INFO  o.s.web.servlet.DispatcherServlet - Completed initialization in 9 ms
2026-07-05 09:45:05 [http-nio-8080-exec-2] INFO  c.m.p.cart.controller.CartController - Received request to sync/update cart for phone: 8303081247
2026-07-05 09:45:05 [http-nio-8080-exec-2] INFO  c.m.p.c.s.i.AbandonedCartServiceImpl - Updating cart state for phone number: 8303081247
2026-07-05 09:45:05 [http-nio-8080-exec-2] INFO  c.m.p.c.s.i.AbandonedCartServiceImpl - Existing unrecovered cart found (ID: 2). Updating items and total.
2026-07-05 09:45:05 [http-nio-8080-exec-2] INFO  c.m.p.c.s.i.AbandonedCartServiceImpl - Saved cart tracking manifest with ID: 2
2026-07-05 09:45:17 [http-nio-8080-exec-4] INFO  c.m.p.o.controller.OrderController - Received request to place order for customer: Anchal (Phone: 8303081247)
2026-07-05 09:45:17 [http-nio-8080-exec-4] INFO  c.m.p.o.s.impl.OrderServiceImpl - Processing order placement for customer: Anchal
2026-07-05 09:45:17 [http-nio-8080-exec-4] INFO  c.m.p.o.s.impl.OrderServiceImpl - Deducting stock for Product ID: 1, Quantity: 1
2026-07-05 09:45:17 [http-nio-8080-exec-4] INFO  c.m.p.p.s.impl.ProductServiceImpl - Attempting to deduct stock for product ID: 1 (Quantity: 1)
2026-07-05 09:45:17 [http-nio-8080-exec-4] INFO  c.m.p.p.s.impl.ProductServiceImpl - Successfully deducted stock for product ID: 1 (Quantity: 1)
2026-07-05 09:45:17 [http-nio-8080-exec-4] INFO  c.m.p.o.s.impl.OrderServiceImpl - Deducting stock for Product ID: 3, Quantity: 2
2026-07-05 09:45:17 [http-nio-8080-exec-4] INFO  c.m.p.p.s.impl.ProductServiceImpl - Attempting to deduct stock for product ID: 3 (Quantity: 2)
2026-07-05 09:45:17 [http-nio-8080-exec-4] INFO  c.m.p.p.s.impl.ProductServiceImpl - Successfully deducted stock for product ID: 3 (Quantity: 2)
2026-07-05 09:45:17 [http-nio-8080-exec-4] INFO  c.m.p.o.s.impl.OrderServiceImpl - Order saved in database with ID: 16
2026-07-05 09:45:17 [http-nio-8080-exec-4] INFO  c.m.p.o.s.impl.OrderServiceImpl - Triggering cart recovery finalization for phone: 8303081247
2026-07-05 09:45:17 [http-nio-8080-exec-4] INFO  c.m.p.c.s.i.AbandonedCartServiceImpl - Attempting to mark cart as recovered for phone number: 8303081247
2026-07-05 09:45:17 [http-nio-8080-exec-4] INFO  c.m.p.c.s.i.AbandonedCartServiceImpl - Successfully marked cart ID: 2 as recovered for phone: 8303081247
2026-07-05 09:45:17 [http-nio-8080-exec-4] INFO  c.m.p.o.controller.OrderController - Order placed successfully with ID: 16
2026-07-05 09:45:23 [http-nio-8080-exec-5] INFO  c.m.p.p.controller.ProductController - Received request to fetch products for category: shop-all
2026-07-05 09:45:23 [http-nio-8080-exec-5] INFO  c.m.p.p.controller.ProductController - Successfully fetched 7 products for category: shop-all
2026-07-05 09:45:23 [http-nio-8080-exec-7] INFO  c.m.p.c.c.AdminAbandonedCartController - Received request to fetch admin abandoned carts older than 30 minutes
2026-07-05 09:45:23 [http-nio-8080-exec-7] INFO  c.m.p.c.s.i.AbandonedCartServiceImpl - Fetching unrecovered carts inactive since before: 2026-07-05T09:15:23.868191500
2026-07-05 09:46:03 [http-nio-8080-exec-10] INFO  c.m.p.c.c.AdminAbandonedCartController - Received request to fetch admin abandoned carts older than 30 minutes
2026-07-05 09:46:03 [http-nio-8080-exec-1] INFO  c.m.p.c.c.AdminSettingsController - Received request to fetch Auto-Pilot Recovery status
2026-07-05 09:46:03 [http-nio-8080-exec-10] INFO  c.m.p.c.s.i.AbandonedCartServiceImpl - Fetching unrecovered carts inactive since before: 2026-07-05T09:16:03.342684300
2026-07-05 09:46:23 [http-nio-8080-exec-2] INFO  c.m.p.p.controller.ProductController - Received request to fetch products for category: dairy
2026-07-05 09:46:23 [http-nio-8080-exec-2] INFO  c.m.p.p.controller.ProductController - Successfully fetched 3 products for category: dairy
2026-07-05 09:46:24 [http-nio-8080-exec-3] INFO  c.m.p.p.controller.ProductController - Received request to fetch products for category: sweeteners
2026-07-05 09:46:24 [http-nio-8080-exec-3] INFO  c.m.p.p.controller.ProductController - Successfully fetched 1 products for category: sweeteners
2026-07-05 09:46:25 [http-nio-8080-exec-4] INFO  c.m.p.p.controller.ProductController - Received request to fetch products for category: oils
2026-07-05 09:46:25 [http-nio-8080-exec-4] INFO  c.m.p.p.controller.ProductController - Successfully fetched 1 products for category: oils
2026-07-05 09:46:26 [http-nio-8080-exec-5] INFO  c.m.p.p.controller.ProductController - Received request to fetch products for category: pickles
2026-07-05 09:46:26 [http-nio-8080-exec-5] INFO  c.m.p.p.controller.ProductController - Successfully fetched 1 products for category: pickles
2026-07-05 09:46:27 [http-nio-8080-exec-6] INFO  c.m.p.p.controller.ProductController - Received request to fetch products for category: shop-all
2026-07-05 09:46:27 [http-nio-8080-exec-6] INFO  c.m.p.p.controller.ProductController - Successfully fetched 7 products for category: shop-all
2026-07-05 09:46:48 [http-nio-8080-exec-10] INFO  c.m.p.cart.controller.CartController - Received request to sync/update cart for phone: 8303081247
2026-07-05 09:46:48 [http-nio-8080-exec-10] INFO  c.m.p.c.s.i.AbandonedCartServiceImpl - Updating cart state for phone number: 8303081247
2026-07-05 09:46:48 [http-nio-8080-exec-10] INFO  c.m.p.c.s.i.AbandonedCartServiceImpl - No active cart session found. Creating a new tracking manifest.
2026-07-05 09:46:48 [http-nio-8080-exec-10] INFO  c.m.p.c.s.i.AbandonedCartServiceImpl - Saved cart tracking manifest with ID: 3
2026-07-05 09:47:11 [http-nio-8080-exec-5] INFO  c.m.p.cart.controller.CartController - Received request to sync/update cart for phone: 8887878550
2026-07-05 09:47:11 [http-nio-8080-exec-5] INFO  c.m.p.c.s.i.AbandonedCartServiceImpl - Updating cart state for phone number: 8887878550
2026-07-05 09:47:11 [http-nio-8080-exec-5] INFO  c.m.p.c.s.i.AbandonedCartServiceImpl - No active cart session found. Creating a new tracking manifest.
2026-07-05 09:47:11 [http-nio-8080-exec-5] INFO  c.m.p.c.s.i.AbandonedCartServiceImpl - Saved cart tracking manifest with ID: 4
2026-07-05 09:47:19 [http-nio-8080-exec-7] INFO  c.m.p.cart.controller.CartController - Received request to sync/update cart for phone: 8887878550
2026-07-05 09:47:19 [http-nio-8080-exec-7] INFO  c.m.p.c.s.i.AbandonedCartServiceImpl - Updating cart state for phone number: 8887878550
2026-07-05 09:47:19 [http-nio-8080-exec-7] INFO  c.m.p.c.s.i.AbandonedCartServiceImpl - Existing unrecovered cart found (ID: 4). Updating items and total.
2026-07-05 09:47:19 [http-nio-8080-exec-7] INFO  c.m.p.c.s.i.AbandonedCartServiceImpl - Saved cart tracking manifest with ID: 4
2026-07-05 09:47:38 [http-nio-8080-exec-1] INFO  c.m.p.o.controller.OrderController - Received request to place order for customer: ANKIT (Phone: 8887878550)
2026-07-05 09:47:38 [http-nio-8080-exec-1] INFO  c.m.p.o.s.impl.OrderServiceImpl - Processing order placement for customer: ANKIT
2026-07-05 09:47:38 [http-nio-8080-exec-1] INFO  c.m.p.o.s.impl.OrderServiceImpl - Deducting stock for Product ID: 1, Quantity: 1
2026-07-05 09:47:38 [http-nio-8080-exec-1] INFO  c.m.p.p.s.impl.ProductServiceImpl - Attempting to deduct stock for product ID: 1 (Quantity: 1)
2026-07-05 09:47:38 [http-nio-8080-exec-1] INFO  c.m.p.p.s.impl.ProductServiceImpl - Successfully deducted stock for product ID: 1 (Quantity: 1)
2026-07-05 09:47:38 [http-nio-8080-exec-1] INFO  c.m.p.o.s.impl.OrderServiceImpl - Order saved in database with ID: 17
2026-07-05 09:47:38 [http-nio-8080-exec-1] INFO  c.m.p.o.s.impl.OrderServiceImpl - Triggering cart recovery finalization for phone: 8887878550
2026-07-05 09:47:38 [http-nio-8080-exec-1] INFO  c.m.p.c.s.i.AbandonedCartServiceImpl - Attempting to mark cart as recovered for phone number: 8887878550
2026-07-05 09:47:38 [http-nio-8080-exec-1] INFO  c.m.p.c.s.i.AbandonedCartServiceImpl - Successfully marked cart ID: 4 as recovered for phone: 8887878550
2026-07-05 09:47:38 [http-nio-8080-exec-1] INFO  c.m.p.o.controller.OrderController - Order placed successfully with ID: 17
2026-07-05 09:47:43 [http-nio-8080-exec-2] INFO  c.m.p.p.controller.ProductController - Received request to fetch products for category: shop-all
2026-07-05 09:47:43 [http-nio-8080-exec-2] INFO  c.m.p.p.controller.ProductController - Successfully fetched 7 products for category: shop-all
2026-07-05 09:47:49 [http-nio-8080-exec-5] INFO  c.m.p.c.c.AdminAbandonedCartController - Received request to fetch admin abandoned carts older than 30 minutes
2026-07-05 09:47:49 [http-nio-8080-exec-6] INFO  c.m.p.c.c.AdminSettingsController - Received request to fetch Auto-Pilot Recovery status
2026-07-05 09:47:49 [http-nio-8080-exec-5] INFO  c.m.p.c.s.i.AbandonedCartServiceImpl - Fetching unrecovered carts inactive since before: 2026-07-05T09:17:49.082452300
2026-07-05 09:48:03 [http-nio-8080-exec-4] INFO  c.m.p.o.controller.OrderController - Received request to fetch all orders
2026-07-05 09:48:03 [http-nio-8080-exec-4] INFO  c.m.p.o.s.impl.OrderServiceImpl - Fetching all orders with their items in a single query.
2026-07-05 09:48:03 [http-nio-8080-exec-4] INFO  c.m.p.o.controller.OrderController - Successfully fetched 17 orders
2026-07-05 09:48:03 [http-nio-8080-exec-3] INFO  c.m.p.o.controller.OrderController - Received request to fetch all orders
2026-07-05 09:48:03 [http-nio-8080-exec-3] INFO  c.m.p.o.s.impl.OrderServiceImpl - Fetching all orders with their items in a single query.
2026-07-05 09:48:03 [http-nio-8080-exec-3] INFO  c.m.p.o.controller.OrderController - Successfully fetched 17 orders
2026-07-05 09:49:35 [main] INFO  c.m.p.ProductServiceApplication - Starting ProductServiceApplication using Java 21.0.2 with PID 36708 (D:\MadhurGram\product-service\target\classes started by victus in D:\MadhurGram\product-service)
2026-07-05 09:49:35 [main] INFO  c.m.p.ProductServiceApplication - No active profile set, falling back to 1 default profile: "default"
2026-07-05 09:49:36 [background-preinit] INFO  o.h.validator.internal.util.Version - HV000001: Hibernate Validator 9.1.0.Final
2026-07-05 09:49:38 [main] INFO  o.s.d.r.c.RepositoryConfigurationDelegate - Bootstrapping Spring Data JPA repositories in DEFAULT mode.
2026-07-05 09:49:38 [main] INFO  o.s.d.r.c.RepositoryConfigurationDelegate - Finished Spring Data repository scanning in 597 ms. Found 6 JPA repository interfaces.
2026-07-05 09:49:42 [main] INFO  o.s.boot.tomcat.TomcatWebServer - Tomcat initialized with port 8080 (http)
2026-07-05 09:49:42 [main] INFO  o.a.coyote.http11.Http11NioProtocol - Initializing ProtocolHandler ["http-nio-8080"]
2026-07-05 09:49:42 [main] INFO  o.a.catalina.core.StandardService - Starting service [Tomcat]
2026-07-05 09:49:42 [main] INFO  o.a.catalina.core.StandardEngine - Starting Servlet engine: [Apache Tomcat/11.0.22]
2026-07-05 09:49:42 [main] INFO  o.s.b.w.c.s.WebApplicationContextInitializer - Root WebApplicationContext: initialization completed in 6197 ms
2026-07-05 09:49:42 [main] INFO  org.hibernate.orm.jpa - HHH008540: Processing PersistenceUnitInfo [name: default]
2026-07-05 09:49:42 [main] INFO  org.hibernate.orm.core - HHH000001: Hibernate ORM core version 7.4.1.Final
2026-07-05 09:49:43 [main] INFO  o.s.o.j.p.SpringPersistenceUnitInfo - No LoadTimeWeaver setup: ignoring JPA class transformer
2026-07-05 09:49:43 [main] INFO  com.zaxxer.hikari.HikariDataSource - HikariPool-1 - Starting...
2026-07-05 09:49:44 [main] INFO  com.zaxxer.hikari.pool.HikariPool - HikariPool-1 - Added connection com.mysql.cj.jdbc.ConnectionImpl@7294a684
2026-07-05 09:49:44 [main] INFO  com.zaxxer.hikari.HikariDataSource - HikariPool-1 - Start completed.
2026-07-05 09:49:44 [main] WARN  org.hibernate.orm.deprecation - HHH90000025: MySQLDialect does not need to be specified explicitly using 'hibernate.dialect' (remove the property setting and it will be selected by default)
2026-07-05 09:49:44 [main] INFO  o.hibernate.orm.connections.pooling - HHH10001005: Database info:
	Database JDBC URL [jdbc:mysql://localhost:3306/madhurgram_db?useSSL=false&serverTimezone=UTC&allowPublicKeyRetrieval=true]
	Database driver: MySQL Connector/J
	Database dialect: MySQLDialect
	Database version: 8.0.36
	Default catalog/schema: madhurgram_db/undefined
	Autocommit mode: undefined/unknown
	Isolation level: REPEATABLE_READ [default REPEATABLE_READ]
	JDBC fetch size: none
	Pool: DataSourceConnectionProvider
	Minimum pool size: undefined/unknown
	Maximum pool size: undefined/unknown
2026-07-05 09:49:46 [main] INFO  org.hibernate.orm.core - HHH000489: No JTA platform available (set 'hibernate.transaction.jta.platform' to enable JTA platform integration)
2026-07-05 09:49:46 [main] INFO  o.s.o.j.LocalContainerEntityManagerFactoryBean - Initialized JPA EntityManagerFactory for persistence unit 'default'
2026-07-05 09:49:47 [main] INFO  o.s.d.j.r.q.QueryEnhancerFactories - Hibernate is in classpath; If applicable, HQL parser will be used.
2026-07-05 09:49:51 [main] WARN  o.s.b.j.a.JpaBaseConfiguration$JpaWebConfiguration - spring.jpa.open-in-view is enabled by default. Therefore, database queries may be performed during view rendering. Explicitly configure spring.jpa.open-in-view to disable this warning
2026-07-05 09:49:51 [main] WARN  o.s.b.s.a.UserDetailsServiceAutoConfiguration - 

Using generated security password: d1f6f985-17af-48c0-816d-3ab1443d686c

This generated password is for development use only. Your security configuration must be updated before running your application in production.

2026-07-05 09:49:51 [main] INFO  o.s.s.c.a.a.c.InitializeUserDetailsBeanManagerConfigurer$InitializeUserDetailsManagerConfigurer - Global AuthenticationManager configured with UserDetailsService bean with name inMemoryUserDetailsManager
2026-07-05 09:49:53 [main] INFO  o.a.coyote.http11.Http11NioProtocol - Starting ProtocolHandler ["http-nio-8080"]
2026-07-05 09:49:53 [main] INFO  o.s.boot.tomcat.TomcatWebServer - Tomcat started on port 8080 (http) with context path '/'
2026-07-05 09:49:53 [main] INFO  c.m.p.ProductServiceApplication - Started ProductServiceApplication in 18.773 seconds (process running for 19.909)
2026-07-05 09:49:53 [scheduling-1] INFO  c.m.p.c.s.AbandonedCartScheduler - Scheduled task triggered: runAbandonedCartRecovery
2026-07-05 09:49:53 [scheduling-1] INFO  c.m.p.c.s.i.AbandonedCartServiceImpl - Automated Cart Recovery (Auto-Pilot) is disabled. Skipping dispatch.
2026-07-05 09:51:39 [http-nio-8080-exec-1] INFO  o.a.c.c.C.[Tomcat].[localhost].[/] - Initializing Spring DispatcherServlet 'dispatcherServlet'
2026-07-05 09:51:39 [http-nio-8080-exec-1] INFO  o.s.web.servlet.DispatcherServlet - Initializing Servlet 'dispatcherServlet'
2026-07-05 09:51:39 [http-nio-8080-exec-1] INFO  o.s.web.servlet.DispatcherServlet - Completed initialization in 35 ms
2026-07-05 09:51:39 [http-nio-8080-exec-3] INFO  c.m.p.c.c.AdminSettingsController - Received request to fetch Auto-Pilot Recovery status
2026-07-05 09:51:39 [http-nio-8080-exec-4] INFO  c.m.p.c.c.AdminAbandonedCartController - Received request to fetch admin abandoned carts older than 30 minutes
2026-07-05 09:51:39 [http-nio-8080-exec-4] INFO  c.m.p.c.s.i.AbandonedCartServiceImpl - Fetching unrecovered carts inactive since before: 2026-07-05T09:21:39.968480600
2026-07-05 09:52:05 [http-nio-8080-exec-8] INFO  c.m.p.cart.controller.CartController - Received request to sync/update cart for phone: 8887878550
2026-07-05 09:52:05 [http-nio-8080-exec-8] INFO  c.m.p.c.s.i.AbandonedCartServiceImpl - Updating cart state for phone number: 8887878550
2026-07-05 09:52:05 [http-nio-8080-exec-8] INFO  c.m.p.c.s.i.AbandonedCartServiceImpl - No active cart session found. Creating a new tracking manifest.
2026-07-05 09:52:05 [http-nio-8080-exec-8] INFO  c.m.p.c.s.i.AbandonedCartServiceImpl - Saved cart tracking manifest with ID: 5
2026-07-05 09:52:12 [http-nio-8080-exec-10] INFO  c.m.p.cart.controller.CartController - Received request to sync/update cart for phone: 8887878550
2026-07-05 09:52:12 [http-nio-8080-exec-10] INFO  c.m.p.c.s.i.AbandonedCartServiceImpl - Updating cart state for phone number: 8887878550
2026-07-05 09:52:12 [http-nio-8080-exec-10] INFO  c.m.p.c.s.i.AbandonedCartServiceImpl - Existing unrecovered cart found (ID: 5). Updating items and total.
2026-07-05 09:52:12 [http-nio-8080-exec-10] INFO  c.m.p.c.s.i.AbandonedCartServiceImpl - Saved cart tracking manifest with ID: 5
2026-07-05 09:53:37 [http-nio-8080-exec-6] INFO  c.m.p.c.c.AdminSettingsController - Received request to fetch Auto-Pilot Recovery status
2026-07-05 09:53:37 [http-nio-8080-exec-5] INFO  c.m.p.c.c.AdminAbandonedCartController - Received request to fetch admin abandoned carts older than 30 minutes
2026-07-05 09:53:37 [http-nio-8080-exec-5] INFO  c.m.p.c.s.i.AbandonedCartServiceImpl - Fetching unrecovered carts inactive since before: 2026-07-05T09:23:37.836471200
2026-07-05 09:53:39 [http-nio-8080-exec-8] INFO  c.m.p.c.c.AdminSettingsController - Received request to fetch Auto-Pilot Recovery status
2026-07-05 09:53:39 [http-nio-8080-exec-7] INFO  c.m.p.c.c.AdminAbandonedCartController - Received request to fetch admin abandoned carts older than 30 minutes
2026-07-05 09:53:39 [http-nio-8080-exec-7] INFO  c.m.p.c.s.i.AbandonedCartServiceImpl - Fetching unrecovered carts inactive since before: 2026-07-05T09:23:39.413794200
2026-07-05 09:53:41 [http-nio-8080-exec-10] INFO  c.m.p.c.c.AdminSettingsController - Received request to update Auto-Pilot Recovery status to: true
2026-07-05 09:53:41 [http-nio-8080-exec-10] INFO  c.m.p.c.s.i.AbandonedCartServiceImpl - Updating Auto-Pilot recovery engine status to: true
2026-07-05 09:53:42 [http-nio-8080-exec-1] INFO  c.m.p.c.c.AdminSettingsController - Received request to update Auto-Pilot Recovery status to: false
2026-07-05 09:53:42 [http-nio-8080-exec-1] INFO  c.m.p.c.s.i.AbandonedCartServiceImpl - Updating Auto-Pilot recovery engine status to: false
2026-07-05 09:53:43 [http-nio-8080-exec-4] INFO  c.m.p.c.c.AdminSettingsController - Received request to update Auto-Pilot Recovery status to: true
2026-07-05 09:53:43 [http-nio-8080-exec-4] INFO  c.m.p.c.s.i.AbandonedCartServiceImpl - Updating Auto-Pilot recovery engine status to: true
2026-07-05 09:53:45 [http-nio-8080-exec-6] INFO  c.m.p.c.c.AdminAbandonedCartController - Received request to fetch admin abandoned carts older than 30 minutes
2026-07-05 09:53:45 [http-nio-8080-exec-6] INFO  c.m.p.c.s.i.AbandonedCartServiceImpl - Fetching unrecovered carts inactive since before: 2026-07-05T09:23:45.237007800
2026-07-05 09:53:45 [http-nio-8080-exec-5] INFO  c.m.p.c.c.AdminAbandonedCartController - Received request to fetch admin abandoned carts older than 30 minutes
2026-07-05 09:53:45 [http-nio-8080-exec-5] INFO  c.m.p.c.s.i.AbandonedCartServiceImpl - Fetching unrecovered carts inactive since before: 2026-07-05T09:23:45.910413300
2026-07-05 09:54:45 [http-nio-8080-exec-9] INFO  c.m.p.c.c.AdminSettingsController - Received request to update Auto-Pilot Recovery status to: false
2026-07-05 09:54:45 [http-nio-8080-exec-9] INFO  c.m.p.c.s.i.AbandonedCartServiceImpl - Updating Auto-Pilot recovery engine status to: false
2026-07-05 09:54:53 [scheduling-1] INFO  c.m.p.c.s.AbandonedCartScheduler - Scheduled task triggered: runAbandonedCartRecovery
2026-07-05 09:54:53 [scheduling-1] INFO  c.m.p.c.s.i.AbandonedCartServiceImpl - Automated Cart Recovery (Auto-Pilot) is disabled. Skipping dispatch.
2026-07-05 09:55:10 [http-nio-8080-exec-7] INFO  c.m.p.p.controller.ProductController - Received request to fetch products for category: pickles
2026-07-05 09:55:10 [http-nio-8080-exec-7] INFO  c.m.p.p.controller.ProductController - Successfully fetched 1 products for category: pickles
2026-07-05 09:55:12 [http-nio-8080-exec-9] INFO  c.m.p.p.controller.ProductController - Received request to fetch products for category: oils
2026-07-05 09:55:12 [http-nio-8080-exec-9] INFO  c.m.p.p.controller.ProductController - Successfully fetched 1 products for category: oils
2026-07-05 09:55:15 [http-nio-8080-exec-2] INFO  c.m.p.p.controller.ProductController - Received request to fetch products for category: sweeteners
2026-07-05 09:55:15 [http-nio-8080-exec-2] INFO  c.m.p.p.controller.ProductController - Successfully fetched 1 products for category: sweeteners
2026-07-05 12:59:45 [main] INFO  c.m.p.ProductServiceApplication - Starting ProductServiceApplication using Java 21.0.2 with PID 32252 (D:\MadhurGram\product-service\target\classes started by victus in D:\MadhurGram\product-service)
2026-07-05 12:59:45 [main] INFO  c.m.p.ProductServiceApplication - No active profile set, falling back to 1 default profile: "default"
2026-07-05 12:59:45 [background-preinit] INFO  o.h.validator.internal.util.Version - HV000001: Hibernate Validator 9.1.0.Final
2026-07-05 12:59:46 [main] INFO  o.s.d.r.c.RepositoryConfigurationDelegate - Bootstrapping Spring Data JPA repositories in DEFAULT mode.
2026-07-05 12:59:46 [main] INFO  o.s.d.r.c.RepositoryConfigurationDelegate - Finished Spring Data repository scanning in 103 ms. Found 6 JPA repository interfaces.
2026-07-05 12:59:47 [main] INFO  o.s.boot.tomcat.TomcatWebServer - Tomcat initialized with port 8080 (http)
2026-07-05 12:59:47 [main] INFO  o.a.coyote.http11.Http11NioProtocol - Initializing ProtocolHandler ["http-nio-8080"]
2026-07-05 12:59:47 [main] INFO  o.a.catalina.core.StandardService - Starting service [Tomcat]
2026-07-05 12:59:47 [main] INFO  o.a.catalina.core.StandardEngine - Starting Servlet engine: [Apache Tomcat/11.0.22]
2026-07-05 12:59:47 [main] INFO  o.s.b.w.c.s.WebApplicationContextInitializer - Root WebApplicationContext: initialization completed in 2126 ms
2026-07-05 12:59:47 [main] INFO  org.hibernate.orm.jpa - HHH008540: Processing PersistenceUnitInfo [name: default]
2026-07-05 12:59:48 [main] INFO  org.hibernate.orm.core - HHH000001: Hibernate ORM core version 7.4.1.Final
2026-07-05 12:59:48 [main] INFO  o.s.o.j.p.SpringPersistenceUnitInfo - No LoadTimeWeaver setup: ignoring JPA class transformer
2026-07-05 12:59:48 [main] INFO  com.zaxxer.hikari.HikariDataSource - HikariPool-1 - Starting...
2026-07-05 12:59:48 [main] INFO  com.zaxxer.hikari.pool.HikariPool - HikariPool-1 - Added connection com.mysql.cj.jdbc.ConnectionImpl@3e595da3
2026-07-05 12:59:48 [main] INFO  com.zaxxer.hikari.HikariDataSource - HikariPool-1 - Start completed.
2026-07-05 12:59:48 [main] WARN  org.hibernate.orm.deprecation - HHH90000025: MySQLDialect does not need to be specified explicitly using 'hibernate.dialect' (remove the property setting and it will be selected by default)
2026-07-05 12:59:48 [main] INFO  o.hibernate.orm.connections.pooling - HHH10001005: Database info:
	Database JDBC URL [jdbc:mysql://localhost:3306/madhurgram_db?useSSL=false&serverTimezone=UTC&allowPublicKeyRetrieval=true]
	Database driver: MySQL Connector/J
	Database dialect: MySQLDialect
	Database version: 8.0.36
	Default catalog/schema: madhurgram_db/undefined
	Autocommit mode: undefined/unknown
	Isolation level: REPEATABLE_READ [default REPEATABLE_READ]
	JDBC fetch size: none
	Pool: DataSourceConnectionProvider
	Minimum pool size: undefined/unknown
	Maximum pool size: undefined/unknown
2026-07-05 12:59:50 [main] INFO  org.hibernate.orm.core - HHH000489: No JTA platform available (set 'hibernate.transaction.jta.platform' to enable JTA platform integration)
2026-07-05 12:59:50 [main] INFO  o.s.o.j.LocalContainerEntityManagerFactoryBean - Initialized JPA EntityManagerFactory for persistence unit 'default'
2026-07-05 12:59:50 [main] INFO  o.s.d.j.r.q.QueryEnhancerFactories - Hibernate is in classpath; If applicable, HQL parser will be used.
2026-07-05 12:59:52 [main] WARN  o.s.b.j.a.JpaBaseConfiguration$JpaWebConfiguration - spring.jpa.open-in-view is enabled by default. Therefore, database queries may be performed during view rendering. Explicitly configure spring.jpa.open-in-view to disable this warning
2026-07-05 12:59:52 [main] WARN  o.s.b.s.a.UserDetailsServiceAutoConfiguration - 

Using generated security password: 8b633718-07cc-4376-8aae-2ed42be99b0a

This generated password is for development use only. Your security configuration must be updated before running your application in production.

2026-07-05 12:59:52 [main] INFO  o.s.s.c.a.a.c.InitializeUserDetailsBeanManagerConfigurer$InitializeUserDetailsManagerConfigurer - Global AuthenticationManager configured with UserDetailsService bean with name inMemoryUserDetailsManager
2026-07-05 12:59:52 [main] INFO  o.a.coyote.http11.Http11NioProtocol - Starting ProtocolHandler ["http-nio-8080"]
2026-07-05 12:59:52 [main] INFO  o.s.boot.tomcat.TomcatWebServer - Tomcat started on port 8080 (http) with context path '/'
2026-07-05 12:59:52 [main] INFO  c.m.p.ProductServiceApplication - Started ProductServiceApplication in 8.105 seconds (process running for 8.599)
2026-07-05 12:59:52 [scheduling-1] INFO  c.m.p.c.s.AbandonedCartScheduler - Scheduled task triggered: runAbandonedCartRecovery
2026-07-05 12:59:52 [scheduling-1] INFO  c.m.p.c.s.i.AbandonedCartServiceImpl - Automated Cart Recovery (Auto-Pilot) is disabled. Skipping dispatch.
2026-07-05 13:00:32 [http-nio-8080-exec-2] INFO  o.a.c.c.C.[Tomcat].[localhost].[/] - Initializing Spring DispatcherServlet 'dispatcherServlet'
2026-07-05 13:00:32 [http-nio-8080-exec-2] INFO  o.s.web.servlet.DispatcherServlet - Initializing Servlet 'dispatcherServlet'
2026-07-05 13:00:32 [http-nio-8080-exec-2] INFO  o.s.web.servlet.DispatcherServlet - Completed initialization in 3 ms
2026-07-05 13:00:32 [http-nio-8080-exec-1] INFO  c.m.p.p.controller.ProductController - Received request to fetch products for category: shop-all
2026-07-05 13:00:32 [http-nio-8080-exec-1] INFO  c.m.p.p.controller.ProductController - Successfully fetched 7 products for category: shop-all
2026-07-05 13:00:58 [http-nio-8080-exec-9] INFO  c.m.p.auth.controller.AuthController - Received login attempt for username: admin
2026-07-05 13:00:58 [http-nio-8080-exec-9] INFO  c.m.p.auth.controller.AuthController - Login successful for username: admin
2026-07-05 13:01:10 [http-nio-8080-exec-4] INFO  c.m.p.c.c.AdminSettingsController - Received request to fetch Auto-Pilot Recovery status
2026-07-05 13:01:10 [http-nio-8080-exec-2] INFO  c.m.p.c.c.AdminAbandonedCartController - Received request to fetch admin abandoned carts older than 30 minutes
2026-07-05 13:01:10 [http-nio-8080-exec-2] INFO  c.m.p.c.s.i.AbandonedCartServiceImpl - Fetching unrecovered carts inactive since before: 2026-07-05T12:31:10.264046400
2026-07-05 13:01:10 [http-nio-8080-exec-1] INFO  c.m.p.c.c.AdminSettingsController - Received request to fetch Auto-Pilot Recovery status
2026-07-05 13:01:10 [http-nio-8080-exec-5] INFO  c.m.p.c.c.AdminAbandonedCartController - Received request to fetch admin abandoned carts older than 30 minutes
2026-07-05 13:01:10 [http-nio-8080-exec-5] INFO  c.m.p.c.s.i.AbandonedCartServiceImpl - Fetching unrecovered carts inactive since before: 2026-07-05T12:31:10.325565300
2026-07-05 13:01:38 [http-nio-8080-exec-10] INFO  c.m.p.cart.controller.CartController - Received request to sync/update cart for phone: 8887878550
2026-07-05 13:01:38 [http-nio-8080-exec-10] INFO  c.m.p.c.s.i.AbandonedCartServiceImpl - Updating cart state for phone number: 8887878550
2026-07-05 13:01:38 [http-nio-8080-exec-10] INFO  c.m.p.c.s.i.AbandonedCartServiceImpl - No active cart session found. Creating a new tracking manifest.
2026-07-05 13:01:38 [http-nio-8080-exec-10] INFO  c.m.p.c.s.i.AbandonedCartServiceImpl - Saved cart tracking manifest with ID: 1
2026-07-05 13:01:52 [http-nio-8080-exec-5] INFO  c.m.p.cart.controller.CartController - Received request to sync/update cart for phone: 8770242812
2026-07-05 13:01:52 [http-nio-8080-exec-5] INFO  c.m.p.c.s.i.AbandonedCartServiceImpl - Updating cart state for phone number: 8770242812
2026-07-05 13:01:52 [http-nio-8080-exec-5] INFO  c.m.p.c.s.i.AbandonedCartServiceImpl - No active cart session found. Creating a new tracking manifest.
2026-07-05 13:01:52 [http-nio-8080-exec-5] INFO  c.m.p.c.s.i.AbandonedCartServiceImpl - Saved cart tracking manifest with ID: 2
2026-07-05 13:02:01 [http-nio-8080-exec-6] INFO  c.m.p.cart.controller.CartController - Received request to sync/update cart for phone: 8770242812
2026-07-05 13:02:01 [http-nio-8080-exec-6] INFO  c.m.p.c.s.i.AbandonedCartServiceImpl - Updating cart state for phone number: 8770242812
2026-07-05 13:02:01 [http-nio-8080-exec-6] INFO  c.m.p.c.s.i.AbandonedCartServiceImpl - Existing unrecovered cart found (ID: 2). Updating items and total.
2026-07-05 13:02:01 [http-nio-8080-exec-6] INFO  c.m.p.c.s.i.AbandonedCartServiceImpl - Saved cart tracking manifest with ID: 2
2026-07-05 13:03:19 [http-nio-8080-exec-10] INFO  c.m.p.c.c.AdminSettingsController - Received request to fetch Auto-Pilot Recovery status
2026-07-05 13:03:19 [http-nio-8080-exec-9] INFO  c.m.p.c.c.AdminAbandonedCartController - Received request to fetch admin abandoned carts older than 30 minutes
2026-07-05 13:03:19 [http-nio-8080-exec-9] INFO  c.m.p.c.s.i.AbandonedCartServiceImpl - Fetching unrecovered carts inactive since before: 2026-07-05T12:33:19.974226
2026-07-05 13:03:19 [http-nio-8080-exec-1] INFO  c.m.p.c.c.AdminSettingsController - Received request to fetch Auto-Pilot Recovery status
2026-07-05 13:03:20 [http-nio-8080-exec-4] INFO  c.m.p.c.c.AdminAbandonedCartController - Received request to fetch admin abandoned carts older than 30 minutes
2026-07-05 13:03:20 [http-nio-8080-exec-4] INFO  c.m.p.c.s.i.AbandonedCartServiceImpl - Fetching unrecovered carts inactive since before: 2026-07-05T12:33:20.003536200
2026-07-05 13:03:27 [http-nio-8080-exec-5] INFO  c.m.p.c.c.AdminSettingsController - Received request to update Auto-Pilot Recovery status to: true
2026-07-05 13:03:27 [http-nio-8080-exec-5] INFO  c.m.p.c.s.i.AbandonedCartServiceImpl - Updating Auto-Pilot recovery engine status to: true
2026-07-05 13:03:54 [http-nio-8080-exec-3] INFO  c.m.p.c.c.AdminSettingsController - Received request to fetch Auto-Pilot Recovery status
2026-07-05 13:03:54 [http-nio-8080-exec-8] INFO  c.m.p.c.c.AdminAbandonedCartController - Received request to fetch admin abandoned carts older than 30 minutes
2026-07-05 13:03:54 [http-nio-8080-exec-8] INFO  c.m.p.c.s.i.AbandonedCartServiceImpl - Fetching unrecovered carts inactive since before: 2026-07-05T12:33:54.861487
2026-07-05 13:04:20 [http-nio-8080-exec-4] INFO  c.m.p.c.c.AdminSettingsController - Received request to fetch Auto-Pilot Recovery status
2026-07-05 13:04:20 [http-nio-8080-exec-1] INFO  c.m.p.c.c.AdminAbandonedCartController - Received request to fetch admin abandoned carts older than 30 minutes
2026-07-05 13:04:20 [http-nio-8080-exec-1] INFO  c.m.p.c.s.i.AbandonedCartServiceImpl - Fetching unrecovered carts inactive since before: 2026-07-05T12:34:20.938083100
2026-07-05 13:04:52 [scheduling-1] INFO  c.m.p.c.s.AbandonedCartScheduler - Scheduled task triggered: runAbandonedCartRecovery
2026-07-05 13:04:52 [scheduling-1] INFO  c.m.p.c.s.i.AbandonedCartServiceImpl - Running automated cart recovery worker...
2026-07-05 13:04:53 [scheduling-1] INFO  c.m.p.c.s.i.AbandonedCartServiceImpl - Found 1 pending abandoned carts for auto-reminder dispatch.
2026-07-05 13:04:53 [scheduling-1] INFO  c.m.p.c.s.i.AbandonedCartServiceImpl - Dispatching auto-reminder for cart ID: 2, phone: 8770242812
2026-07-05 13:04:53 [scheduling-1] INFO  c.m.p.cart.service.TwilioService - [MOCK TWILIO WHATSAPP DISPATCH] Successfully triggered in DEV mode.
2026-07-05 13:04:53 [scheduling-1] INFO  c.m.p.cart.service.TwilioService - From: whatsapp:+1234567890
2026-07-05 13:04:53 [scheduling-1] INFO  c.m.p.cart.service.TwilioService - To: whatsapp:+918770242812
2026-07-05 13:04:53 [scheduling-1] INFO  c.m.p.cart.service.TwilioService - Message Body:
नमस्ते Gopal! आपने MadhurGram पर शुद्ध, विलेज-क्राफ्टेड Ghee & तेल्स कार्ट में छोड़े थे। 🌾

ऑर्डर पूरा करने के लिए आपकी कार्ट यहाँ सुरक्षित है। आपके लिए स्पेशल 5% डिस्काउंट कूपन तैयार है!

Complete your order here: http://localhost:3000/?recoverCart=8770242812

धन्यवाद, टीम MadhurGram 💛
2026-07-05 13:04:53 [scheduling-1] INFO  c.m.p.c.s.i.AbandonedCartServiceImpl - Successfully dispatched automated reminder and updated cart ID: 2
2026-07-05 13:06:05 [http-nio-8080-exec-6] INFO  c.m.p.c.c.AdminSettingsController - Received request to fetch Auto-Pilot Recovery status
2026-07-05 13:06:05 [http-nio-8080-exec-5] INFO  c.m.p.c.c.AdminAbandonedCartController - Received request to fetch admin abandoned carts older than 30 minutes
2026-07-05 13:06:05 [http-nio-8080-exec-5] INFO  c.m.p.c.s.i.AbandonedCartServiceImpl - Fetching unrecovered carts inactive since before: 2026-07-05T12:36:05.744950400
2026-07-05 13:06:05 [http-nio-8080-exec-7] INFO  c.m.p.c.c.AdminSettingsController - Received request to fetch Auto-Pilot Recovery status
2026-07-05 13:06:05 [http-nio-8080-exec-3] INFO  c.m.p.c.c.AdminAbandonedCartController - Received request to fetch admin abandoned carts older than 30 minutes
2026-07-05 13:06:05 [http-nio-8080-exec-3] INFO  c.m.p.c.s.i.AbandonedCartServiceImpl - Fetching unrecovered carts inactive since before: 2026-07-05T12:36:05.765091600
2026-07-05 13:07:22 [http-nio-8080-exec-2] INFO  c.m.p.c.c.AdminAbandonedCartController - Received request to fetch admin abandoned carts older than 30 minutes
2026-07-05 13:07:22 [http-nio-8080-exec-2] INFO  c.m.p.c.s.i.AbandonedCartServiceImpl - Fetching unrecovered carts inactive since before: 2026-07-05T12:37:22.004823900
2026-07-05 13:07:23 [http-nio-8080-exec-6] INFO  c.m.p.c.c.AdminAbandonedCartController - Received request to fetch admin abandoned carts older than 30 minutes
2026-07-05 13:07:23 [http-nio-8080-exec-6] INFO  c.m.p.c.s.i.AbandonedCartServiceImpl - Fetching unrecovered carts inactive since before: 2026-07-05T12:37:23.163938400
2026-07-05 13:09:52 [scheduling-1] INFO  c.m.p.c.s.AbandonedCartScheduler - Scheduled task triggered: runAbandonedCartRecovery
2026-07-05 13:09:52 [scheduling-1] INFO  c.m.p.c.s.i.AbandonedCartServiceImpl - Running automated cart recovery worker...
2026-07-05 13:09:52 [scheduling-1] INFO  c.m.p.c.s.i.AbandonedCartServiceImpl - Found 0 pending abandoned carts for auto-reminder dispatch.
2026-07-05 13:14:52 [scheduling-1] INFO  c.m.p.c.s.AbandonedCartScheduler - Scheduled task triggered: runAbandonedCartRecovery
2026-07-05 13:14:52 [scheduling-1] INFO  c.m.p.c.s.i.AbandonedCartServiceImpl - Running automated cart recovery worker...
2026-07-05 13:14:52 [scheduling-1] INFO  c.m.p.c.s.i.AbandonedCartServiceImpl - Found 0 pending abandoned carts for auto-reminder dispatch.
2026-07-05 13:15:25 [main] INFO  c.m.p.ProductServiceApplication - Starting ProductServiceApplication using Java 21.0.2 with PID 3544 (D:\MadhurGram\product-service\target\classes started by victus in D:\MadhurGram\product-service)
2026-07-05 13:15:25 [main] INFO  c.m.p.ProductServiceApplication - No active profile set, falling back to 1 default profile: "default"
2026-07-05 13:15:25 [background-preinit] INFO  o.h.validator.internal.util.Version - HV000001: Hibernate Validator 9.1.0.Final
2026-07-05 13:15:26 [main] INFO  o.s.d.r.c.RepositoryConfigurationDelegate - Bootstrapping Spring Data JPA repositories in DEFAULT mode.
2026-07-05 13:15:26 [main] INFO  o.s.d.r.c.RepositoryConfigurationDelegate - Finished Spring Data repository scanning in 131 ms. Found 6 JPA repository interfaces.
2026-07-05 13:15:27 [main] INFO  o.s.boot.tomcat.TomcatWebServer - Tomcat initialized with port 8080 (http)
2026-07-05 13:15:27 [main] INFO  o.a.coyote.http11.Http11NioProtocol - Initializing ProtocolHandler ["http-nio-8080"]
2026-07-05 13:15:27 [main] INFO  o.a.catalina.core.StandardService - Starting service [Tomcat]
2026-07-05 13:15:27 [main] INFO  o.a.catalina.core.StandardEngine - Starting Servlet engine: [Apache Tomcat/11.0.22]
2026-07-05 13:15:27 [main] INFO  o.s.b.w.c.s.WebApplicationContextInitializer - Root WebApplicationContext: initialization completed in 1918 ms
2026-07-05 13:15:27 [main] INFO  org.hibernate.orm.jpa - HHH008540: Processing PersistenceUnitInfo [name: default]
2026-07-05 13:15:28 [main] INFO  org.hibernate.orm.core - HHH000001: Hibernate ORM core version 7.4.1.Final
2026-07-05 13:15:28 [main] INFO  o.s.o.j.p.SpringPersistenceUnitInfo - No LoadTimeWeaver setup: ignoring JPA class transformer
2026-07-05 13:15:28 [main] INFO  com.zaxxer.hikari.HikariDataSource - HikariPool-1 - Starting...
2026-07-05 13:15:28 [main] INFO  com.zaxxer.hikari.pool.HikariPool - HikariPool-1 - Added connection com.mysql.cj.jdbc.ConnectionImpl@3e595da3
2026-07-05 13:15:28 [main] INFO  com.zaxxer.hikari.HikariDataSource - HikariPool-1 - Start completed.
2026-07-05 13:15:28 [main] WARN  org.hibernate.orm.deprecation - HHH90000025: MySQLDialect does not need to be specified explicitly using 'hibernate.dialect' (remove the property setting and it will be selected by default)
2026-07-05 13:15:28 [main] INFO  o.hibernate.orm.connections.pooling - HHH10001005: Database info:
	Database JDBC URL [jdbc:mysql://localhost:3306/madhurgram_db?useSSL=false&serverTimezone=UTC&allowPublicKeyRetrieval=true]
	Database driver: MySQL Connector/J
	Database dialect: MySQLDialect
	Database version: 8.0.36
	Default catalog/schema: madhurgram_db/undefined
	Autocommit mode: undefined/unknown
	Isolation level: REPEATABLE_READ [default REPEATABLE_READ]
	JDBC fetch size: none
	Pool: DataSourceConnectionProvider
	Minimum pool size: undefined/unknown
	Maximum pool size: undefined/unknown
2026-07-05 13:15:30 [main] INFO  org.hibernate.orm.core - HHH000489: No JTA platform available (set 'hibernate.transaction.jta.platform' to enable JTA platform integration)
2026-07-05 13:15:30 [main] INFO  o.s.o.j.LocalContainerEntityManagerFactoryBean - Initialized JPA EntityManagerFactory for persistence unit 'default'
2026-07-05 13:15:30 [main] INFO  o.s.d.j.r.q.QueryEnhancerFactories - Hibernate is in classpath; If applicable, HQL parser will be used.
2026-07-05 13:15:31 [main] WARN  o.s.b.j.a.JpaBaseConfiguration$JpaWebConfiguration - spring.jpa.open-in-view is enabled by default. Therefore, database queries may be performed during view rendering. Explicitly configure spring.jpa.open-in-view to disable this warning
2026-07-05 13:15:31 [main] WARN  o.s.b.s.a.UserDetailsServiceAutoConfiguration - 

Using generated security password: 3f855117-f9dc-40ab-a1eb-55ef961e37d2

This generated password is for development use only. Your security configuration must be updated before running your application in production.

2026-07-05 13:15:31 [main] INFO  o.s.s.c.a.a.c.InitializeUserDetailsBeanManagerConfigurer$InitializeUserDetailsManagerConfigurer - Global AuthenticationManager configured with UserDetailsService bean with name inMemoryUserDetailsManager
2026-07-05 13:15:32 [main] INFO  o.a.coyote.http11.Http11NioProtocol - Starting ProtocolHandler ["http-nio-8080"]
2026-07-05 13:15:32 [main] INFO  o.s.boot.tomcat.TomcatWebServer - Tomcat started on port 8080 (http) with context path '/'
2026-07-05 13:15:32 [main] INFO  c.m.p.ProductServiceApplication - Started ProductServiceApplication in 7.487 seconds (process running for 8.015)
2026-07-05 13:15:32 [scheduling-1] INFO  c.m.p.c.s.AbandonedCartScheduler - Scheduled task triggered: runAbandonedCartRecovery
2026-07-05 13:15:32 [scheduling-1] INFO  c.m.p.c.s.i.AbandonedCartServiceImpl - Running automated cart recovery worker...
2026-07-05 13:15:32 [scheduling-1] INFO  c.m.p.c.s.i.AbandonedCartServiceImpl - Found 0 pending abandoned carts for auto-reminder dispatch.
2026-07-05 13:15:49 [http-nio-8080-exec-1] INFO  o.a.c.c.C.[Tomcat].[localhost].[/] - Initializing Spring DispatcherServlet 'dispatcherServlet'
2026-07-05 13:15:49 [http-nio-8080-exec-1] INFO  o.s.web.servlet.DispatcherServlet - Initializing Servlet 'dispatcherServlet'
2026-07-05 13:15:49 [http-nio-8080-exec-1] INFO  o.s.web.servlet.DispatcherServlet - Completed initialization in 3 ms
2026-07-05 13:15:49 [http-nio-8080-exec-1] INFO  c.m.p.p.controller.ProductController - Received request to fetch products for category: shop-all
2026-07-05 13:15:50 [http-nio-8080-exec-1] INFO  c.m.p.p.controller.ProductController - Successfully fetched 7 products for category: shop-all
2026-07-05 13:16:41 [http-nio-8080-exec-5] INFO  c.m.p.cart.controller.CartController - Received request to sync/update cart for phone: 8542047373
2026-07-05 13:16:41 [http-nio-8080-exec-5] INFO  c.m.p.c.s.i.AbandonedCartServiceImpl - Updating cart state for phone number: 8542047373
2026-07-05 13:16:41 [http-nio-8080-exec-5] INFO  c.m.p.c.s.i.AbandonedCartServiceImpl - No active cart session found. Creating a new tracking manifest.
2026-07-05 13:16:41 [http-nio-8080-exec-5] INFO  c.m.p.c.s.i.AbandonedCartServiceImpl - Saved cart tracking manifest with ID: 1
2026-07-05 13:16:58 [http-nio-8080-exec-9] INFO  c.m.p.cart.controller.CartController - Received request to sync/update cart for phone: 1234567890
2026-07-05 13:16:58 [http-nio-8080-exec-9] INFO  c.m.p.c.s.i.AbandonedCartServiceImpl - Updating cart state for phone number: 1234567890
2026-07-05 13:16:58 [http-nio-8080-exec-9] INFO  c.m.p.c.s.i.AbandonedCartServiceImpl - No active cart session found. Creating a new tracking manifest.
2026-07-05 13:16:58 [http-nio-8080-exec-9] INFO  c.m.p.c.s.i.AbandonedCartServiceImpl - Saved cart tracking manifest with ID: 2
2026-07-05 13:20:32 [scheduling-1] INFO  c.m.p.c.s.AbandonedCartScheduler - Scheduled task triggered: runAbandonedCartRecovery
2026-07-05 13:20:32 [scheduling-1] INFO  c.m.p.c.s.i.AbandonedCartServiceImpl - Running automated cart recovery worker...
2026-07-05 13:20:33 [scheduling-1] INFO  c.m.p.c.s.i.AbandonedCartServiceImpl - Found 0 pending abandoned carts for auto-reminder dispatch.
2026-07-05 13:20:34 [http-nio-8080-exec-1] INFO  c.m.p.p.controller.ProductController - Received request to fetch products for category: shop-all
2026-07-05 13:20:34 [http-nio-8080-exec-1] INFO  c.m.p.p.controller.ProductController - Successfully fetched 7 products for category: shop-all
2026-07-05 13:22:50 [http-nio-8080-exec-3] INFO  c.m.p.p.controller.ProductController - Received request to fetch products for category: shop-all
2026-07-05 13:22:50 [http-nio-8080-exec-3] INFO  c.m.p.p.controller.ProductController - Successfully fetched 7 products for category: shop-all
2026-07-05 13:23:18 [http-nio-8080-exec-4] INFO  c.m.p.p.controller.ProductController - Received request to fetch products for category: shop-all
2026-07-05 13:23:18 [http-nio-8080-exec-4] INFO  c.m.p.p.controller.ProductController - Successfully fetched 7 products for category: shop-all
