2026-07-04 22:51:31 [main] INFO  c.m.p.ProductServiceApplication - Starting ProductServiceApplication using Java 21.0.2 with PID 33160 (D:\MadhurGram\product-service\target\classes started by victus in D:\MadhurGram\product-service)
2026-07-04 22:51:31 [main] INFO  c.m.p.ProductServiceApplication - No active profile set, falling back to 1 default profile: "default"
2026-07-04 22:51:32 [background-preinit] INFO  o.h.validator.internal.util.Version - HV000001: Hibernate Validator 9.1.0.Final
2026-07-04 22:51:33 [main] INFO  o.s.d.r.c.RepositoryConfigurationDelegate - Bootstrapping Spring Data JPA repositories in DEFAULT mode.
2026-07-04 22:51:33 [main] INFO  o.s.d.r.c.RepositoryConfigurationDelegate - Finished Spring Data repository scanning in 150 ms. Found 4 JPA repository interfaces.
2026-07-04 22:51:34 [main] INFO  o.s.boot.tomcat.TomcatWebServer - Tomcat initialized with port 8080 (http)
2026-07-04 22:51:34 [main] INFO  o.a.coyote.http11.Http11NioProtocol - Initializing ProtocolHandler ["http-nio-8080"]
2026-07-04 22:51:34 [main] INFO  o.a.catalina.core.StandardService - Starting service [Tomcat]
2026-07-04 22:51:34 [main] INFO  o.a.catalina.core.StandardEngine - Starting Servlet engine: [Apache Tomcat/11.0.22]
2026-07-04 22:51:34 [main] INFO  o.s.b.w.c.s.WebApplicationContextInitializer - Root WebApplicationContext: initialization completed in 2894 ms
2026-07-04 22:51:35 [main] INFO  org.hibernate.orm.jpa - HHH008540: Processing PersistenceUnitInfo [name: default]
2026-07-04 22:51:35 [main] INFO  org.hibernate.orm.core - HHH000001: Hibernate ORM core version 7.4.1.Final
2026-07-04 22:51:36 [main] INFO  o.s.o.j.p.SpringPersistenceUnitInfo - No LoadTimeWeaver setup: ignoring JPA class transformer
2026-07-04 22:51:36 [main] INFO  com.zaxxer.hikari.HikariDataSource - HikariPool-1 - Starting...
2026-07-04 22:51:36 [main] INFO  com.zaxxer.hikari.pool.HikariPool - HikariPool-1 - Added connection com.mysql.cj.jdbc.ConnectionImpl@6fc28e5b
2026-07-04 22:51:36 [main] INFO  com.zaxxer.hikari.HikariDataSource - HikariPool-1 - Start completed.
2026-07-04 22:51:36 [main] WARN  org.hibernate.orm.deprecation - HHH90000025: MySQLDialect does not need to be specified explicitly using 'hibernate.dialect' (remove the property setting and it will be selected by default)
2026-07-04 22:51:36 [main] INFO  o.hibernate.orm.connections.pooling - HHH10001005: Database info:
	Database JDBC URL [jdbc:mysql://localhost:3306/madhurgram_db?useSSL=false&serverTimezone=UTC&allowPublicKeyRetrieval=true]
	Database driver: MySQL Connector/J
	Database dialect: MySQLDialect
	Database version: 8.0.36
	Default catalog/schema: madhurgram_db/undefined
	Autocommit mode: undefined/unknown
	Isolation level: REPEATABLE_READ [default REPEATABLE_READ]
	JDBC fetch size: none
	Pool: DataSourceConnectionProvider
	Minimum pool size: undefined/unknown
	Maximum pool size: undefined/unknown
2026-07-04 22:51:38 [main] INFO  org.hibernate.orm.core - HHH000489: No JTA platform available (set 'hibernate.transaction.jta.platform' to enable JTA platform integration)
2026-07-04 22:51:39 [main] INFO  o.s.o.j.LocalContainerEntityManagerFactoryBean - Initialized JPA EntityManagerFactory for persistence unit 'default'
2026-07-04 22:51:39 [main] INFO  o.s.d.j.r.q.QueryEnhancerFactories - Hibernate is in classpath; If applicable, HQL parser will be used.
2026-07-04 22:51:41 [main] WARN  o.s.b.j.a.JpaBaseConfiguration$JpaWebConfiguration - spring.jpa.open-in-view is enabled by default. Therefore, database queries may be performed during view rendering. Explicitly configure spring.jpa.open-in-view to disable this warning
2026-07-04 22:51:41 [main] WARN  o.s.b.s.a.UserDetailsServiceAutoConfiguration - 

Using generated security password: 87353e4b-dc57-4e92-9aa9-7de4c4d0befa

This generated password is for development use only. Your security configuration must be updated before running your application in production.

2026-07-04 22:51:41 [main] INFO  o.s.s.c.a.a.c.InitializeUserDetailsBeanManagerConfigurer$InitializeUserDetailsManagerConfigurer - Global AuthenticationManager configured with UserDetailsService bean with name inMemoryUserDetailsManager
2026-07-04 22:51:42 [main] INFO  o.a.coyote.http11.Http11NioProtocol - Starting ProtocolHandler ["http-nio-8080"]
2026-07-04 22:51:42 [main] INFO  o.s.boot.tomcat.TomcatWebServer - Tomcat started on port 8080 (http) with context path '/'
2026-07-04 22:51:42 [main] INFO  c.m.p.ProductServiceApplication - Started ProductServiceApplication in 11.924 seconds (process running for 12.618)
2026-07-04 22:52:57 [http-nio-8080-exec-1] INFO  o.a.c.c.C.[Tomcat].[localhost].[/] - Initializing Spring DispatcherServlet 'dispatcherServlet'
2026-07-04 22:52:57 [http-nio-8080-exec-1] INFO  o.s.web.servlet.DispatcherServlet - Initializing Servlet 'dispatcherServlet'
2026-07-04 22:52:57 [http-nio-8080-exec-1] INFO  o.s.web.servlet.DispatcherServlet - Completed initialization in 72 ms
2026-07-04 22:53:15 [http-nio-8080-exec-4] INFO  c.m.p.auth.controller.AuthController - Received login attempt for username: admin
2026-07-04 22:53:15 [http-nio-8080-exec-4] INFO  c.m.p.auth.controller.AuthController - Login successful for username: admin
2026-07-04 22:54:12 [http-nio-8080-exec-3] INFO  c.m.p.o.controller.OrderController - Received request to fetch all orders
2026-07-04 22:54:12 [http-nio-8080-exec-3] INFO  c.m.p.o.s.impl.OrderServiceImpl - Fetching all orders with their items in a single query.
2026-07-04 22:54:12 [http-nio-8080-exec-3] INFO  c.m.p.o.controller.OrderController - Successfully fetched 12 orders
2026-07-04 22:54:12 [http-nio-8080-exec-3] INFO  c.m.p.o.controller.OrderController - Received request to fetch all orders
2026-07-04 22:54:12 [http-nio-8080-exec-3] INFO  c.m.p.o.s.impl.OrderServiceImpl - Fetching all orders with their items in a single query.
2026-07-04 22:54:12 [http-nio-8080-exec-3] INFO  c.m.p.o.controller.OrderController - Successfully fetched 12 orders
2026-07-04 22:54:17 [http-nio-8080-exec-8] INFO  c.m.p.o.controller.OrderController - Received request to update order ID: 4 to status: SHIPPED
2026-07-04 22:54:17 [http-nio-8080-exec-8] INFO  c.m.p.o.s.impl.OrderServiceImpl - Updating status for order ID: 4 to SHIPPED
2026-07-04 22:54:17 [http-nio-8080-exec-8] INFO  c.m.p.o.s.impl.OrderServiceImpl - Order ID: 4 current status is: CONFIRMED
2026-07-04 22:54:17 [http-nio-8080-exec-8] INFO  c.m.p.o.s.impl.OrderServiceImpl - Order ID: 4 status updated successfully from CONFIRMED to SHIPPED
2026-07-04 22:54:17 [http-nio-8080-exec-8] INFO  c.m.p.o.controller.OrderController - Order ID: 4 status updated successfully to: SHIPPED
2026-07-04 22:54:20 [http-nio-8080-exec-10] INFO  c.m.p.o.controller.OrderController - Received request to update order ID: 4 to status: DELIVERED
2026-07-04 22:54:20 [http-nio-8080-exec-10] INFO  c.m.p.o.s.impl.OrderServiceImpl - Updating status for order ID: 4 to DELIVERED
2026-07-04 22:54:20 [http-nio-8080-exec-10] INFO  c.m.p.o.s.impl.OrderServiceImpl - Order ID: 4 current status is: SHIPPED
2026-07-04 22:54:20 [http-nio-8080-exec-10] INFO  c.m.p.o.s.impl.OrderServiceImpl - Order ID: 4 status updated successfully from SHIPPED to DELIVERED
2026-07-04 22:54:20 [http-nio-8080-exec-10] INFO  c.m.p.o.controller.OrderController - Order ID: 4 status updated successfully to: DELIVERED
2026-07-04 22:54:32 [http-nio-8080-exec-8] INFO  c.m.p.o.controller.OrderController - Received request to fetch all orders
2026-07-04 22:54:32 [http-nio-8080-exec-8] INFO  c.m.p.o.s.impl.OrderServiceImpl - Fetching all orders with their items in a single query.
2026-07-04 22:54:32 [http-nio-8080-exec-8] INFO  c.m.p.o.controller.OrderController - Successfully fetched 12 orders
2026-07-04 22:54:32 [http-nio-8080-exec-9] INFO  c.m.p.o.controller.OrderController - Received request to fetch all orders
2026-07-04 22:54:32 [http-nio-8080-exec-9] INFO  c.m.p.o.s.impl.OrderServiceImpl - Fetching all orders with their items in a single query.
2026-07-04 22:54:32 [http-nio-8080-exec-9] INFO  c.m.p.o.controller.OrderController - Successfully fetched 12 orders
2026-07-04 22:54:38 [http-nio-8080-exec-1] INFO  c.m.p.o.controller.OrderController - Received request to update order ID: 5 to status: CONFIRMED
2026-07-04 22:54:38 [http-nio-8080-exec-1] INFO  c.m.p.o.s.impl.OrderServiceImpl - Updating status for order ID: 5 to CONFIRMED
2026-07-04 22:54:38 [http-nio-8080-exec-1] INFO  c.m.p.o.s.impl.OrderServiceImpl - Order ID: 5 current status is: PENDING
2026-07-04 22:54:38 [http-nio-8080-exec-1] INFO  c.m.p.o.s.impl.OrderServiceImpl - Order ID: 5 status updated successfully from PENDING to CONFIRMED
2026-07-04 22:54:38 [http-nio-8080-exec-1] INFO  c.m.p.o.controller.OrderController - Order ID: 5 status updated successfully to: CONFIRMED
2026-07-04 22:54:40 [http-nio-8080-exec-4] INFO  c.m.p.o.controller.OrderController - Received request to update order ID: 5 to status: SHIPPED
2026-07-04 22:54:40 [http-nio-8080-exec-4] INFO  c.m.p.o.s.impl.OrderServiceImpl - Updating status for order ID: 5 to SHIPPED
2026-07-04 22:54:40 [http-nio-8080-exec-4] INFO  c.m.p.o.s.impl.OrderServiceImpl - Order ID: 5 current status is: CONFIRMED
2026-07-04 22:54:40 [http-nio-8080-exec-4] INFO  c.m.p.o.s.impl.OrderServiceImpl - Order ID: 5 status updated successfully from CONFIRMED to SHIPPED
2026-07-04 22:54:40 [http-nio-8080-exec-4] INFO  c.m.p.o.controller.OrderController - Order ID: 5 status updated successfully to: SHIPPED
2026-07-04 22:54:42 [http-nio-8080-exec-6] INFO  c.m.p.o.controller.OrderController - Received request to update order ID: 5 to status: DELIVERED
2026-07-04 22:54:42 [http-nio-8080-exec-6] INFO  c.m.p.o.s.impl.OrderServiceImpl - Updating status for order ID: 5 to DELIVERED
2026-07-04 22:54:42 [http-nio-8080-exec-6] INFO  c.m.p.o.s.impl.OrderServiceImpl - Order ID: 5 current status is: SHIPPED
2026-07-04 22:54:42 [http-nio-8080-exec-6] INFO  c.m.p.o.s.impl.OrderServiceImpl - Order ID: 5 status updated successfully from SHIPPED to DELIVERED
2026-07-04 22:54:42 [http-nio-8080-exec-6] INFO  c.m.p.o.controller.OrderController - Order ID: 5 status updated successfully to: DELIVERED
2026-07-04 22:54:48 [http-nio-8080-exec-7] INFO  c.m.p.o.controller.OrderController - Received request to fetch all orders
2026-07-04 22:54:48 [http-nio-8080-exec-7] INFO  c.m.p.o.s.impl.OrderServiceImpl - Fetching all orders with their items in a single query.
2026-07-04 22:54:48 [http-nio-8080-exec-7] INFO  c.m.p.o.controller.OrderController - Successfully fetched 12 orders
2026-07-04 22:54:48 [http-nio-8080-exec-7] INFO  c.m.p.o.controller.OrderController - Received request to fetch all orders
2026-07-04 22:54:48 [http-nio-8080-exec-7] INFO  c.m.p.o.s.impl.OrderServiceImpl - Fetching all orders with their items in a single query.
2026-07-04 22:54:48 [http-nio-8080-exec-7] INFO  c.m.p.o.controller.OrderController - Successfully fetched 12 orders
2026-07-04 22:55:16 [http-nio-8080-exec-8] INFO  c.m.p.o.controller.OrderController - Received request to fetch all orders
2026-07-04 22:55:16 [http-nio-8080-exec-8] INFO  c.m.p.o.s.impl.OrderServiceImpl - Fetching all orders with their items in a single query.
2026-07-04 22:55:16 [http-nio-8080-exec-8] INFO  c.m.p.o.controller.OrderController - Successfully fetched 12 orders
2026-07-04 22:55:16 [http-nio-8080-exec-3] INFO  c.m.p.o.controller.OrderController - Received request to fetch all orders
2026-07-04 22:55:16 [http-nio-8080-exec-3] INFO  c.m.p.o.s.impl.OrderServiceImpl - Fetching all orders with their items in a single query.
2026-07-04 22:55:16 [http-nio-8080-exec-3] INFO  c.m.p.o.controller.OrderController - Successfully fetched 12 orders
2026-07-04 22:55:32 [http-nio-8080-exec-2] INFO  c.m.p.o.controller.OrderController - Received request to fetch all orders
2026-07-04 22:55:32 [http-nio-8080-exec-2] INFO  c.m.p.o.s.impl.OrderServiceImpl - Fetching all orders with their items in a single query.
2026-07-04 22:55:32 [http-nio-8080-exec-2] INFO  c.m.p.o.controller.OrderController - Successfully fetched 12 orders
2026-07-04 22:55:32 [http-nio-8080-exec-10] INFO  c.m.p.o.controller.OrderController - Received request to fetch all orders
2026-07-04 22:55:32 [http-nio-8080-exec-10] INFO  c.m.p.o.s.impl.OrderServiceImpl - Fetching all orders with their items in a single query.
2026-07-04 22:55:32 [http-nio-8080-exec-10] INFO  c.m.p.o.controller.OrderController - Successfully fetched 12 orders
2026-07-04 22:55:41 [http-nio-8080-exec-4] INFO  c.m.p.o.controller.OrderController - Received request to update order ID: 6 to status: CANCELLED
2026-07-04 22:55:41 [http-nio-8080-exec-4] INFO  c.m.p.o.s.impl.OrderServiceImpl - Updating status for order ID: 6 to CANCELLED
2026-07-04 22:55:41 [http-nio-8080-exec-4] INFO  c.m.p.o.s.impl.OrderServiceImpl - Order ID: 6 current status is: PENDING
2026-07-04 22:55:41 [http-nio-8080-exec-4] INFO  c.m.p.o.s.impl.OrderServiceImpl - Order ID: 6 is being cancelled. Restoring stock for all items...
2026-07-04 22:55:41 [http-nio-8080-exec-4] INFO  c.m.p.o.s.impl.OrderServiceImpl - Restoring stock for product ID: 3 (Quantity: 1)
2026-07-04 22:55:41 [http-nio-8080-exec-4] INFO  c.m.p.p.s.impl.ProductServiceImpl - Attempting to restore stock for product ID: 3 (Quantity: 1)
2026-07-04 22:55:42 [http-nio-8080-exec-4] INFO  c.m.p.p.s.impl.ProductServiceImpl - Successfully restored stock for product ID: 3 (Quantity: 1)
2026-07-04 22:55:42 [http-nio-8080-exec-4] INFO  c.m.p.o.s.impl.OrderServiceImpl - Order ID: 6 status updated successfully from PENDING to CANCELLED
2026-07-04 22:55:42 [http-nio-8080-exec-4] INFO  c.m.p.o.controller.OrderController - Order ID: 6 status updated successfully to: CANCELLED
2026-07-04 22:56:10 [http-nio-8080-exec-1] INFO  c.m.p.p.controller.ProductController - Received request to fetch products for category: shop-all
2026-07-04 22:56:11 [http-nio-8080-exec-1] INFO  c.m.p.p.controller.ProductController - Successfully fetched 7 products for category: shop-all
2026-07-04 22:56:13 [http-nio-8080-exec-4] INFO  c.m.p.p.controller.ProductController - Received request to fetch products for category: pickles
2026-07-04 22:56:13 [http-nio-8080-exec-4] INFO  c.m.p.p.controller.ProductController - Successfully fetched 1 products for category: pickles
2026-07-04 22:56:16 [http-nio-8080-exec-6] INFO  c.m.p.p.controller.ProductController - Received request to fetch products for category: oils
2026-07-04 22:56:16 [http-nio-8080-exec-6] INFO  c.m.p.p.controller.ProductController - Successfully fetched 1 products for category: oils
2026-07-04 22:56:17 [http-nio-8080-exec-7] INFO  c.m.p.p.controller.ProductController - Received request to fetch products for category: sweeteners
2026-07-04 22:56:17 [http-nio-8080-exec-7] INFO  c.m.p.p.controller.ProductController - Successfully fetched 1 products for category: sweeteners
2026-07-04 22:56:18 [http-nio-8080-exec-9] INFO  c.m.p.p.controller.ProductController - Received request to fetch products for category: dairy
2026-07-04 22:56:18 [http-nio-8080-exec-9] INFO  c.m.p.p.controller.ProductController - Successfully fetched 3 products for category: dairy
2026-07-04 22:56:24 [http-nio-8080-exec-5] INFO  c.m.p.p.controller.ProductController - Received request to fetch products for category: shop-all
2026-07-04 22:56:24 [http-nio-8080-exec-5] INFO  c.m.p.p.controller.ProductController - Successfully fetched 7 products for category: shop-all
2026-07-04 23:16:02 [main] INFO  c.m.p.ProductServiceApplication - Starting ProductServiceApplication using Java 21.0.2 with PID 36888 (D:\MadhurGram\product-service\target\classes started by victus in D:\MadhurGram\product-service)
2026-07-04 23:16:02 [main] INFO  c.m.p.ProductServiceApplication - No active profile set, falling back to 1 default profile: "default"
2026-07-04 23:16:02 [background-preinit] INFO  o.h.validator.internal.util.Version - HV000001: Hibernate Validator 9.1.0.Final
2026-07-04 23:16:03 [main] INFO  o.s.d.r.c.RepositoryConfigurationDelegate - Bootstrapping Spring Data JPA repositories in DEFAULT mode.
2026-07-04 23:16:03 [main] INFO  o.s.d.r.c.RepositoryConfigurationDelegate - Finished Spring Data repository scanning in 100 ms. Found 4 JPA repository interfaces.
2026-07-04 23:16:04 [main] INFO  o.s.boot.tomcat.TomcatWebServer - Tomcat initialized with port 8080 (http)
2026-07-04 23:16:04 [main] INFO  o.a.coyote.http11.Http11NioProtocol - Initializing ProtocolHandler ["http-nio-8080"]
2026-07-04 23:16:04 [main] INFO  o.a.catalina.core.StandardService - Starting service [Tomcat]
2026-07-04 23:16:04 [main] INFO  o.a.catalina.core.StandardEngine - Starting Servlet engine: [Apache Tomcat/11.0.22]
2026-07-04 23:16:04 [main] INFO  o.s.b.w.c.s.WebApplicationContextInitializer - Root WebApplicationContext: initialization completed in 1925 ms
2026-07-04 23:16:04 [main] INFO  org.hibernate.orm.jpa - HHH008540: Processing PersistenceUnitInfo [name: default]
2026-07-04 23:16:04 [main] INFO  org.hibernate.orm.core - HHH000001: Hibernate ORM core version 7.4.1.Final
2026-07-04 23:16:05 [main] INFO  o.s.o.j.p.SpringPersistenceUnitInfo - No LoadTimeWeaver setup: ignoring JPA class transformer
2026-07-04 23:16:05 [main] INFO  com.zaxxer.hikari.HikariDataSource - HikariPool-1 - Starting...
2026-07-04 23:16:05 [main] INFO  com.zaxxer.hikari.pool.HikariPool - HikariPool-1 - Added connection com.mysql.cj.jdbc.ConnectionImpl@53079ae6
2026-07-04 23:16:05 [main] INFO  com.zaxxer.hikari.HikariDataSource - HikariPool-1 - Start completed.
2026-07-04 23:16:05 [main] WARN  org.hibernate.orm.deprecation - HHH90000025: MySQLDialect does not need to be specified explicitly using 'hibernate.dialect' (remove the property setting and it will be selected by default)
2026-07-04 23:16:05 [main] INFO  o.hibernate.orm.connections.pooling - HHH10001005: Database info:
	Database JDBC URL [jdbc:mysql://localhost:3306/madhurgram_db?useSSL=false&serverTimezone=UTC&allowPublicKeyRetrieval=true]
	Database driver: MySQL Connector/J
	Database dialect: MySQLDialect
	Database version: 8.0.36
	Default catalog/schema: madhurgram_db/undefined
	Autocommit mode: undefined/unknown
	Isolation level: REPEATABLE_READ [default REPEATABLE_READ]
	JDBC fetch size: none
	Pool: DataSourceConnectionProvider
	Minimum pool size: undefined/unknown
	Maximum pool size: undefined/unknown
2026-07-04 23:16:07 [main] INFO  org.hibernate.orm.core - HHH000489: No JTA platform available (set 'hibernate.transaction.jta.platform' to enable JTA platform integration)
2026-07-04 23:16:07 [main] INFO  o.s.o.j.LocalContainerEntityManagerFactoryBean - Initialized JPA EntityManagerFactory for persistence unit 'default'
2026-07-04 23:16:07 [main] INFO  o.s.d.j.r.q.QueryEnhancerFactories - Hibernate is in classpath; If applicable, HQL parser will be used.
2026-07-04 23:16:09 [main] WARN  o.s.b.j.a.JpaBaseConfiguration$JpaWebConfiguration - spring.jpa.open-in-view is enabled by default. Therefore, database queries may be performed during view rendering. Explicitly configure spring.jpa.open-in-view to disable this warning
2026-07-04 23:16:09 [main] WARN  o.s.b.s.a.UserDetailsServiceAutoConfiguration - 

Using generated security password: af2e37ca-b569-4085-a863-fe4f5d862ffb

This generated password is for development use only. Your security configuration must be updated before running your application in production.

2026-07-04 23:16:09 [main] INFO  o.s.s.c.a.a.c.InitializeUserDetailsBeanManagerConfigurer$InitializeUserDetailsManagerConfigurer - Global AuthenticationManager configured with UserDetailsService bean with name inMemoryUserDetailsManager
2026-07-04 23:16:09 [main] INFO  o.a.coyote.http11.Http11NioProtocol - Starting ProtocolHandler ["http-nio-8080"]
2026-07-04 23:16:10 [main] INFO  o.s.boot.tomcat.TomcatWebServer - Tomcat started on port 8080 (http) with context path '/'
2026-07-04 23:16:10 [main] INFO  c.m.p.ProductServiceApplication - Started ProductServiceApplication in 8.316 seconds (process running for 8.829)
2026-07-04 23:16:53 [http-nio-8080-exec-1] INFO  o.a.c.c.C.[Tomcat].[localhost].[/] - Initializing Spring DispatcherServlet 'dispatcherServlet'
2026-07-04 23:16:53 [http-nio-8080-exec-1] INFO  o.s.web.servlet.DispatcherServlet - Initializing Servlet 'dispatcherServlet'
2026-07-04 23:16:53 [http-nio-8080-exec-1] INFO  o.s.web.servlet.DispatcherServlet - Completed initialization in 6 ms
2026-07-04 23:16:53 [http-nio-8080-exec-1] INFO  c.m.p.p.controller.ProductController - Received request to fetch products for category: shop-all
2026-07-04 23:16:53 [http-nio-8080-exec-1] INFO  c.m.p.p.controller.ProductController - Successfully fetched 7 products for category: shop-all
2026-07-04 23:17:50 [http-nio-8080-exec-7] INFO  c.m.p.o.controller.OrderController - Received request to place order for customer: gddd (Phone: 9795192876)
2026-07-04 23:17:50 [http-nio-8080-exec-7] INFO  c.m.p.o.s.impl.OrderServiceImpl - Processing order placement for customer: gddd
2026-07-04 23:17:50 [http-nio-8080-exec-7] INFO  c.m.p.o.s.impl.OrderServiceImpl - Deducting stock for Product ID: 2, Quantity: 1
2026-07-04 23:17:50 [http-nio-8080-exec-7] INFO  c.m.p.p.s.impl.ProductServiceImpl - Attempting to deduct stock for product ID: 2 (Quantity: 1)
2026-07-04 23:17:51 [http-nio-8080-exec-7] INFO  c.m.p.p.s.impl.ProductServiceImpl - Successfully deducted stock for product ID: 2 (Quantity: 1)
2026-07-04 23:17:51 [http-nio-8080-exec-7] INFO  c.m.p.o.s.impl.OrderServiceImpl - Order saved in database with ID: 13
2026-07-04 23:17:51 [http-nio-8080-exec-7] INFO  c.m.p.o.controller.OrderController - Order placed successfully with ID: 13
2026-07-04 23:17:52 [http-nio-8080-exec-8] INFO  c.m.p.p.controller.ProductController - Received request to fetch products for category: shop-all
2026-07-04 23:17:52 [http-nio-8080-exec-8] INFO  c.m.p.p.controller.ProductController - Successfully fetched 7 products for category: shop-all
2026-07-04 23:18:19 [http-nio-8080-exec-3] INFO  c.m.p.o.controller.OrderController - Received request to fetch all orders
2026-07-04 23:18:19 [http-nio-8080-exec-3] INFO  c.m.p.o.s.impl.OrderServiceImpl - Fetching all orders with their items in a single query.
2026-07-04 23:18:19 [http-nio-8080-exec-3] INFO  c.m.p.o.controller.OrderController - Successfully fetched 13 orders
2026-07-04 23:18:19 [http-nio-8080-exec-4] INFO  c.m.p.o.controller.OrderController - Received request to fetch all orders
2026-07-04 23:18:19 [http-nio-8080-exec-4] INFO  c.m.p.o.s.impl.OrderServiceImpl - Fetching all orders with their items in a single query.
2026-07-04 23:18:19 [http-nio-8080-exec-4] INFO  c.m.p.o.controller.OrderController - Successfully fetched 13 orders
2026-07-04 23:18:50 [http-nio-8080-exec-10] INFO  c.m.p.o.controller.OrderController - Received request to fetch all orders
2026-07-04 23:18:50 [http-nio-8080-exec-2] INFO  c.m.p.o.controller.OrderController - Received request to place order for customer: Ravi (Phone: 9889847208)
2026-07-04 23:18:50 [http-nio-8080-exec-10] INFO  c.m.p.o.s.impl.OrderServiceImpl - Fetching all orders with their items in a single query.
2026-07-04 23:18:50 [http-nio-8080-exec-2] INFO  c.m.p.o.s.impl.OrderServiceImpl - Processing order placement for customer: Ravi
2026-07-04 23:18:50 [http-nio-8080-exec-2] INFO  c.m.p.o.s.impl.OrderServiceImpl - Deducting stock for Product ID: 5, Quantity: 1
2026-07-04 23:18:50 [http-nio-8080-exec-2] INFO  c.m.p.p.s.impl.ProductServiceImpl - Attempting to deduct stock for product ID: 5 (Quantity: 1)
2026-07-04 23:18:50 [http-nio-8080-exec-10] INFO  c.m.p.o.controller.OrderController - Successfully fetched 13 orders
2026-07-04 23:18:50 [http-nio-8080-exec-2] INFO  c.m.p.p.s.impl.ProductServiceImpl - Successfully deducted stock for product ID: 5 (Quantity: 1)
2026-07-04 23:18:50 [http-nio-8080-exec-2] INFO  c.m.p.o.s.impl.OrderServiceImpl - Order saved in database with ID: 14
2026-07-04 23:18:50 [http-nio-8080-exec-2] INFO  c.m.p.o.controller.OrderController - Order placed successfully with ID: 14
2026-07-04 23:18:52 [http-nio-8080-exec-3] INFO  c.m.p.p.controller.ProductController - Received request to fetch products for category: shop-all
2026-07-04 23:18:52 [http-nio-8080-exec-3] INFO  c.m.p.p.controller.ProductController - Successfully fetched 7 products for category: shop-all
2026-07-04 23:30:49 [http-nio-8080-exec-5] INFO  c.m.p.p.controller.ProductController - Received request to fetch products for category: shop-all
2026-07-04 23:30:49 [http-nio-8080-exec-5] INFO  c.m.p.p.controller.ProductController - Successfully fetched 7 products for category: shop-all
2026-07-04 23:31:01 [http-nio-8080-exec-9] INFO  c.m.p.o.controller.OrderController - Received request to fetch all orders
2026-07-04 23:31:01 [http-nio-8080-exec-9] INFO  c.m.p.o.s.impl.OrderServiceImpl - Fetching all orders with their items in a single query.
2026-07-04 23:31:01 [http-nio-8080-exec-9] INFO  c.m.p.o.controller.OrderController - Successfully fetched 14 orders
2026-07-04 23:31:01 [http-nio-8080-exec-10] INFO  c.m.p.o.controller.OrderController - Received request to fetch all orders
2026-07-04 23:31:01 [http-nio-8080-exec-10] INFO  c.m.p.o.s.impl.OrderServiceImpl - Fetching all orders with their items in a single query.
2026-07-04 23:31:01 [http-nio-8080-exec-10] INFO  c.m.p.o.controller.OrderController - Successfully fetched 14 orders
2026-07-04 23:31:31 [http-nio-8080-exec-3] INFO  c.m.p.o.controller.OrderController - Received request to fetch all orders
2026-07-04 23:31:31 [http-nio-8080-exec-3] INFO  c.m.p.o.s.impl.OrderServiceImpl - Fetching all orders with their items in a single query.
2026-07-04 23:31:31 [http-nio-8080-exec-3] INFO  c.m.p.o.controller.OrderController - Successfully fetched 14 orders
